[0.012s] Invoking command in '/home/cly/project/build/img_processing': CMAKE_PREFIX_PATH=${CMAKE_PREFIX_PATH}:/home/cly/ros2_ws/install/test_pkg:/opt/ros/humble /usr/bin/cmake --build /home/cly/project/build/img_processing -- -j18 -l18
[0.046s] [100%] Built target pre_processing_node
[0.058s] Invoked command in '/home/cly/project/build/img_processing' returned '0': CMAKE_PREFIX_PATH=${CMAKE_PREFIX_PATH}:/home/cly/ros2_ws/install/test_pkg:/opt/ros/humble /usr/bin/cmake --build /home/cly/project/build/img_processing -- -j18 -l18
[0.059s] Invoking command in '/home/cly/project/build/img_processing': CMAKE_PREFIX_PATH=${CMAKE_PREFIX_PATH}:/home/cly/ros2_ws/install/test_pkg:/opt/ros/humble /usr/bin/cmake --install /home/cly/project/build/img_processing
[0.067s] -- Install configuration: ""
[0.068s] -- Up-to-date: /home/cly/project/install/img_processing/lib/img_processing/pre_processing_node
[0.068s] -- Up-to-date: /home/cly/project/install/img_processing/include
[0.068s] -- Up-to-date: /home/cly/project/install/img_processing/include/utils
[0.068s] -- Up-to-date: /home/cly/project/install/img_processing/include/utils/strip.h
[0.068s] -- Up-to-date: /home/cly/project/install/img_processing/include/utils/armorplate.h
[0.068s] -- Up-to-date: /home/cly/project/install/img_processing/include/prepare_algorithm.h
[0.068s] -- Up-to-date: /home/cly/project/install/img_processing/share/ament_index/resource_index/package_run_dependencies/img_processing
[0.069s] -- Up-to-date: /home/cly/project/install/img_processing/share/ament_index/resource_index/parent_prefix_path/img_processing
[0.069s] -- Up-to-date: /home/cly/project/install/img_processing/share/img_processing/environment/ament_prefix_path.sh
[0.069s] -- Up-to-date: /home/cly/project/install/img_processing/share/img_processing/environment/ament_prefix_path.dsv
[0.069s] -- Up-to-date: /home/cly/project/install/img_processing/share/img_processing/environment/path.sh
[0.069s] -- Up-to-date: /home/cly/project/install/img_processing/share/img_processing/environment/path.dsv
[0.069s] -- Up-to-date: /home/cly/project/install/img_processing/share/img_processing/local_setup.bash
[0.069s] -- Up-to-date: /home/cly/project/install/img_processing/share/img_processing/local_setup.sh
[0.069s] -- Up-to-date: /home/cly/project/install/img_processing/share/img_processing/local_setup.zsh
[0.069s] -- Up-to-date: /home/cly/project/install/img_processing/share/img_processing/local_setup.dsv
[0.070s] -- Installing: /home/cly/project/install/img_processing/share/img_processing/package.dsv
[0.070s] -- Up-to-date: /home/cly/project/install/img_processing/share/ament_index/resource_index/packages/img_processing
[0.070s] -- Up-to-date: /home/cly/project/install/img_processing/share/img_processing/cmake/img_processingConfig.cmake
[0.070s] -- Up-to-date: /home/cly/project/install/img_processing/share/img_processing/cmake/img_processingConfig-version.cmake
[0.070s] -- Up-to-date: /home/cly/project/install/img_processing/share/img_processing/package.xml
[0.086s] Invoked command in '/home/cly/project/build/img_processing' returned '0': CMAKE_PREFIX_PATH=${CMAKE_PREFIX_PATH}:/home/cly/ros2_ws/install/test_pkg:/opt/ros/humble /usr/bin/cmake --install /home/cly/project/build/img_processing
