[0.062s] DEBUG:colcon:Command line arguments: ['/usr/bin/colcon', 'build']
[0.062s] DEBUG:colcon:Parsed command line arguments: Namespace(log_base=None, log_level=None, verb_name='build', build_base='build', install_base='install', merge_install=False, symlink_install=False, test_result_base=None, continue_on_error=False, executor='parallel', parallel_workers=18, event_handlers=None, ignore_user_meta=False, metas=['./colcon.meta'], base_paths=['.'], packages_ignore=None, packages_ignore_regex=None, paths=None, packages_up_to=None, packages_up_to_regex=None, packages_above=None, packages_above_and_dependencies=None, packages_above_depth=None, packages_select_by_dep=None, packages_skip_by_dep=None, packages_skip_up_to=None, packages_select_build_failed=False, packages_skip_build_finished=False, packages_select_test_failures=False, packages_skip_test_passed=False, packages_select=None, packages_skip=None, packages_select_regex=None, packages_skip_regex=None, packages_start=None, packages_end=None, allow_overriding=[], cmake_args=None, cmake_target=None, cmake_target_skip_unavailable=False, cmake_clean_cache=False, cmake_clean_first=False, cmake_force_configure=False, ament_cmake_args=None, catkin_cmake_args=None, catkin_skip_building_tests=False, verb_parser=<colcon_defaults.argument_parser.defaults.DefaultArgumentsDecorator object at 0x793938527a00>, verb_extension=<colcon_core.verb.build.BuildVerb object at 0x79393866ce20>, main=<bound method BuildVerb.main of <colcon_core.verb.build.BuildVerb object at 0x79393866ce20>>)
[0.150s] Level 1:colcon.colcon_core.package_discovery:discover_packages(colcon_meta) check parameters
[0.150s] Level 1:colcon.colcon_core.package_discovery:discover_packages(recursive) check parameters
[0.150s] Level 1:colcon.colcon_core.package_discovery:discover_packages(ignore) check parameters
[0.150s] Level 1:colcon.colcon_core.package_discovery:discover_packages(path) check parameters
[0.150s] Level 1:colcon.colcon_core.package_discovery:discover_packages(colcon_meta) discover
[0.150s] Level 1:colcon.colcon_core.package_discovery:discover_packages(recursive) discover
[0.150s] INFO:colcon.colcon_core.package_discovery:Crawling recursively for packages in '/home/cly/project'
[0.150s] Level 1:colcon.colcon_core.package_identification:_identify(.) by extensions ['ignore', 'ignore_ament_install']
[0.150s] Level 1:colcon.colcon_core.package_identification:_identify(.) by extension 'ignore'
[0.150s] Level 1:colcon.colcon_core.package_identification:_identify(.) by extension 'ignore_ament_install'
[0.150s] Level 1:colcon.colcon_core.package_identification:_identify(.) by extensions ['colcon_pkg']
[0.150s] Level 1:colcon.colcon_core.package_identification:_identify(.) by extension 'colcon_pkg'
[0.150s] Level 1:colcon.colcon_core.package_identification:_identify(.) by extensions ['colcon_meta']
[0.150s] Level 1:colcon.colcon_core.package_identification:_identify(.) by extension 'colcon_meta'
[0.150s] Level 1:colcon.colcon_core.package_identification:_identify(.) by extensions ['ros']
[0.150s] Level 1:colcon.colcon_core.package_identification:_identify(.) by extension 'ros'
[0.157s] Level 1:colcon.colcon_core.package_identification:_identify(.) by extensions ['cmake', 'python']
[0.158s] Level 1:colcon.colcon_core.package_identification:_identify(.) by extension 'cmake'
[0.158s] Level 1:colcon.colcon_core.package_identification:_identify(.) by extension 'python'
[0.158s] Level 1:colcon.colcon_core.package_identification:_identify(.) by extensions ['python_setup_py']
[0.158s] Level 1:colcon.colcon_core.package_identification:_identify(.) by extension 'python_setup_py'
[0.158s] Level 1:colcon.colcon_core.package_identification:_identify(Camera) by extensions ['ignore', 'ignore_ament_install']
[0.158s] Level 1:colcon.colcon_core.package_identification:_identify(Camera) by extension 'ignore'
[0.158s] Level 1:colcon.colcon_core.package_identification:_identify(Camera) by extension 'ignore_ament_install'
[0.158s] Level 1:colcon.colcon_core.package_identification:_identify(Camera) by extensions ['colcon_pkg']
[0.158s] Level 1:colcon.colcon_core.package_identification:_identify(Camera) by extension 'colcon_pkg'
[0.158s] Level 1:colcon.colcon_core.package_identification:_identify(Camera) by extensions ['colcon_meta']
[0.158s] Level 1:colcon.colcon_core.package_identification:_identify(Camera) by extension 'colcon_meta'
[0.158s] Level 1:colcon.colcon_core.package_identification:_identify(Camera) by extensions ['ros']
[0.158s] Level 1:colcon.colcon_core.package_identification:_identify(Camera) by extension 'ros'
[0.158s] Level 1:colcon.colcon_core.package_identification:_identify(Camera) by extensions ['cmake', 'python']
[0.158s] Level 1:colcon.colcon_core.package_identification:_identify(Camera) by extension 'cmake'
[0.158s] Level 1:colcon.colcon_core.package_identification:_identify(Camera) by extension 'python'
[0.158s] Level 1:colcon.colcon_core.package_identification:_identify(Camera) by extensions ['python_setup_py']
[0.158s] Level 1:colcon.colcon_core.package_identification:_identify(Camera) by extension 'python_setup_py'
[0.158s] Level 1:colcon.colcon_core.package_identification:_identify(Camera/Data) by extensions ['ignore', 'ignore_ament_install']
[0.158s] Level 1:colcon.colcon_core.package_identification:_identify(Camera/Data) by extension 'ignore'
[0.158s] Level 1:colcon.colcon_core.package_identification:_identify(Camera/Data) by extension 'ignore_ament_install'
[0.158s] Level 1:colcon.colcon_core.package_identification:_identify(Camera/Data) by extensions ['colcon_pkg']
[0.158s] Level 1:colcon.colcon_core.package_identification:_identify(Camera/Data) by extension 'colcon_pkg'
[0.158s] Level 1:colcon.colcon_core.package_identification:_identify(Camera/Data) by extensions ['colcon_meta']
[0.158s] Level 1:colcon.colcon_core.package_identification:_identify(Camera/Data) by extension 'colcon_meta'
[0.158s] Level 1:colcon.colcon_core.package_identification:_identify(Camera/Data) by extensions ['ros']
[0.158s] Level 1:colcon.colcon_core.package_identification:_identify(Camera/Data) by extension 'ros'
[0.158s] Level 1:colcon.colcon_core.package_identification:_identify(Camera/Data) by extensions ['cmake', 'python']
[0.158s] Level 1:colcon.colcon_core.package_identification:_identify(Camera/Data) by extension 'cmake'
[0.158s] Level 1:colcon.colcon_core.package_identification:_identify(Camera/Data) by extension 'python'
[0.158s] Level 1:colcon.colcon_core.package_identification:_identify(Camera/Data) by extensions ['python_setup_py']
[0.158s] Level 1:colcon.colcon_core.package_identification:_identify(Camera/Data) by extension 'python_setup_py'
[0.158s] Level 1:colcon.colcon_core.package_identification:_identify(Camera/log) by extensions ['ignore', 'ignore_ament_install']
[0.158s] Level 1:colcon.colcon_core.package_identification:_identify(Camera/log) by extension 'ignore'
[0.158s] Level 1:colcon.colcon_core.package_identification:_identify(Camera/log) by extension 'ignore_ament_install'
[0.158s] Level 1:colcon.colcon_core.package_identification:_identify(Camera/log) by extensions ['colcon_pkg']
[0.158s] Level 1:colcon.colcon_core.package_identification:_identify(Camera/log) by extension 'colcon_pkg'
[0.159s] Level 1:colcon.colcon_core.package_identification:_identify(Camera/log) by extensions ['colcon_meta']
[0.159s] Level 1:colcon.colcon_core.package_identification:_identify(Camera/log) by extension 'colcon_meta'
[0.159s] Level 1:colcon.colcon_core.package_identification:_identify(Camera/log) by extensions ['ros']
[0.159s] Level 1:colcon.colcon_core.package_identification:_identify(Camera/log) by extension 'ros'
[0.159s] Level 1:colcon.colcon_core.package_identification:_identify(Camera/log) by extensions ['cmake', 'python']
[0.159s] Level 1:colcon.colcon_core.package_identification:_identify(Camera/log) by extension 'cmake'
[0.159s] Level 1:colcon.colcon_core.package_identification:_identify(Camera/log) by extension 'python'
[0.159s] Level 1:colcon.colcon_core.package_identification:_identify(Camera/log) by extensions ['python_setup_py']
[0.159s] Level 1:colcon.colcon_core.package_identification:_identify(Camera/log) by extension 'python_setup_py'
[0.159s] Level 1:colcon.colcon_core.package_identification:_identify(build) by extensions ['ignore', 'ignore_ament_install']
[0.159s] Level 1:colcon.colcon_core.package_identification:_identify(build) by extension 'ignore'
[0.159s] Level 1:colcon.colcon_core.package_identification:_identify(build) ignored
[0.159s] Level 1:colcon.colcon_core.package_identification:_identify(install) by extensions ['ignore', 'ignore_ament_install']
[0.159s] Level 1:colcon.colcon_core.package_identification:_identify(install) by extension 'ignore'
[0.159s] Level 1:colcon.colcon_core.package_identification:_identify(install) ignored
[0.159s] Level 1:colcon.colcon_core.package_identification:_identify(log) by extensions ['ignore', 'ignore_ament_install']
[0.159s] Level 1:colcon.colcon_core.package_identification:_identify(log) by extension 'ignore'
[0.159s] Level 1:colcon.colcon_core.package_identification:_identify(log) ignored
[0.159s] Level 1:colcon.colcon_core.package_identification:_identify(src) by extensions ['ignore', 'ignore_ament_install']
[0.159s] Level 1:colcon.colcon_core.package_identification:_identify(src) by extension 'ignore'
[0.159s] Level 1:colcon.colcon_core.package_identification:_identify(src) by extension 'ignore_ament_install'
[0.159s] Level 1:colcon.colcon_core.package_identification:_identify(src) by extensions ['colcon_pkg']
[0.159s] Level 1:colcon.colcon_core.package_identification:_identify(src) by extension 'colcon_pkg'
[0.159s] Level 1:colcon.colcon_core.package_identification:_identify(src) by extensions ['colcon_meta']
[0.159s] Level 1:colcon.colcon_core.package_identification:_identify(src) by extension 'colcon_meta'
[0.159s] Level 1:colcon.colcon_core.package_identification:_identify(src) by extensions ['ros']
[0.159s] Level 1:colcon.colcon_core.package_identification:_identify(src) by extension 'ros'
[0.159s] Level 1:colcon.colcon_core.package_identification:_identify(src) by extensions ['cmake', 'python']
[0.159s] Level 1:colcon.colcon_core.package_identification:_identify(src) by extension 'cmake'
[0.159s] Level 1:colcon.colcon_core.package_identification:_identify(src) by extension 'python'
[0.159s] Level 1:colcon.colcon_core.package_identification:_identify(src) by extensions ['python_setup_py']
[0.159s] Level 1:colcon.colcon_core.package_identification:_identify(src) by extension 'python_setup_py'
[0.159s] Level 1:colcon.colcon_core.package_identification:_identify(src/bringup) by extensions ['ignore', 'ignore_ament_install']
[0.159s] Level 1:colcon.colcon_core.package_identification:_identify(src/bringup) by extension 'ignore'
[0.159s] Level 1:colcon.colcon_core.package_identification:_identify(src/bringup) by extension 'ignore_ament_install'
[0.159s] Level 1:colcon.colcon_core.package_identification:_identify(src/bringup) by extensions ['colcon_pkg']
[0.159s] Level 1:colcon.colcon_core.package_identification:_identify(src/bringup) by extension 'colcon_pkg'
[0.159s] Level 1:colcon.colcon_core.package_identification:_identify(src/bringup) by extensions ['colcon_meta']
[0.159s] Level 1:colcon.colcon_core.package_identification:_identify(src/bringup) by extension 'colcon_meta'
[0.160s] Level 1:colcon.colcon_core.package_identification:_identify(src/bringup) by extensions ['ros']
[0.160s] Level 1:colcon.colcon_core.package_identification:_identify(src/bringup) by extension 'ros'
[0.161s] DEBUG:colcon.colcon_core.package_identification:Package 'src/bringup' with type 'ros.ament_cmake' and name 'bringup'
[0.161s] Level 1:colcon.colcon_core.package_identification:_identify(src/img_processing) by extensions ['ignore', 'ignore_ament_install']
[0.161s] Level 1:colcon.colcon_core.package_identification:_identify(src/img_processing) by extension 'ignore'
[0.161s] Level 1:colcon.colcon_core.package_identification:_identify(src/img_processing) by extension 'ignore_ament_install'
[0.161s] Level 1:colcon.colcon_core.package_identification:_identify(src/img_processing) by extensions ['colcon_pkg']
[0.161s] Level 1:colcon.colcon_core.package_identification:_identify(src/img_processing) by extension 'colcon_pkg'
[0.161s] Level 1:colcon.colcon_core.package_identification:_identify(src/img_processing) by extensions ['colcon_meta']
[0.161s] Level 1:colcon.colcon_core.package_identification:_identify(src/img_processing) by extension 'colcon_meta'
[0.161s] Level 1:colcon.colcon_core.package_identification:_identify(src/img_processing) by extensions ['ros']
[0.161s] Level 1:colcon.colcon_core.package_identification:_identify(src/img_processing) by extension 'ros'
[0.162s] DEBUG:colcon.colcon_core.package_identification:Package 'src/img_processing' with type 'ros.ament_cmake' and name 'img_processing'
[0.162s] Level 1:colcon.colcon_core.package_identification:_identify(src/my_mindvision_camera) by extensions ['ignore', 'ignore_ament_install']
[0.162s] Level 1:colcon.colcon_core.package_identification:_identify(src/my_mindvision_camera) by extension 'ignore'
[0.162s] Level 1:colcon.colcon_core.package_identification:_identify(src/my_mindvision_camera) by extension 'ignore_ament_install'
[0.162s] Level 1:colcon.colcon_core.package_identification:_identify(src/my_mindvision_camera) by extensions ['colcon_pkg']
[0.162s] Level 1:colcon.colcon_core.package_identification:_identify(src/my_mindvision_camera) by extension 'colcon_pkg'
[0.162s] Level 1:colcon.colcon_core.package_identification:_identify(src/my_mindvision_camera) by extensions ['colcon_meta']
[0.162s] Level 1:colcon.colcon_core.package_identification:_identify(src/my_mindvision_camera) by extension 'colcon_meta'
[0.162s] Level 1:colcon.colcon_core.package_identification:_identify(src/my_mindvision_camera) by extensions ['ros']
[0.162s] Level 1:colcon.colcon_core.package_identification:_identify(src/my_mindvision_camera) by extension 'ros'
[0.163s] DEBUG:colcon.colcon_core.package_identification:Package 'src/my_mindvision_camera' with type 'ros.ament_cmake' and name 'my_mindvision_camera'
[0.163s] Level 1:colcon.colcon_core.package_identification:_identify(src/test) by extensions ['ignore', 'ignore_ament_install']
[0.163s] Level 1:colcon.colcon_core.package_identification:_identify(src/test) by extension 'ignore'
[0.163s] Level 1:colcon.colcon_core.package_identification:_identify(src/test) by extension 'ignore_ament_install'
[0.163s] Level 1:colcon.colcon_core.package_identification:_identify(src/test) by extensions ['colcon_pkg']
[0.163s] Level 1:colcon.colcon_core.package_identification:_identify(src/test) by extension 'colcon_pkg'
[0.163s] Level 1:colcon.colcon_core.package_identification:_identify(src/test) by extensions ['colcon_meta']
[0.163s] Level 1:colcon.colcon_core.package_identification:_identify(src/test) by extension 'colcon_meta'
[0.163s] Level 1:colcon.colcon_core.package_identification:_identify(src/test) by extensions ['ros']
[0.163s] Level 1:colcon.colcon_core.package_identification:_identify(src/test) by extension 'ros'
[0.163s] DEBUG:colcon.colcon_core.package_identification:Package 'src/test' with type 'ros.ament_cmake' and name 'test'
[0.163s] Level 1:colcon.colcon_core.package_discovery:discover_packages(recursive) using defaults
[0.164s] Level 1:colcon.colcon_core.package_discovery:discover_packages(ignore) discover
[0.164s] Level 1:colcon.colcon_core.package_discovery:discover_packages(ignore) using defaults
[0.164s] Level 1:colcon.colcon_core.package_discovery:discover_packages(path) discover
[0.164s] Level 1:colcon.colcon_core.package_discovery:discover_packages(path) using defaults
[0.176s] Level 1:colcon.colcon_core.package_discovery:discover_packages(prefix_path) check parameters
[0.176s] Level 1:colcon.colcon_core.package_discovery:discover_packages(prefix_path) discover
[0.177s] DEBUG:colcon.colcon_installed_package_information.package_discovery:Found 4 installed packages in /home/cly/project/install
[0.177s] DEBUG:colcon.colcon_installed_package_information.package_discovery:Found 1 installed packages in /home/cly/ros2_ws/install
[0.178s] DEBUG:colcon.colcon_installed_package_information.package_discovery:Found 284 installed packages in /opt/ros/humble
[0.186s] Level 1:colcon.colcon_core.package_discovery:discover_packages(prefix_path) using defaults
[0.208s] Level 5:colcon.colcon_core.verb:set package 'bringup' build argument 'cmake_args' from command line to 'None'
[0.209s] Level 5:colcon.colcon_core.verb:set package 'bringup' build argument 'cmake_target' from command line to 'None'
[0.209s] Level 5:colcon.colcon_core.verb:set package 'bringup' build argument 'cmake_target_skip_unavailable' from command line to 'False'
[0.209s] Level 5:colcon.colcon_core.verb:set package 'bringup' build argument 'cmake_clean_cache' from command line to 'False'
[0.209s] Level 5:colcon.colcon_core.verb:set package 'bringup' build argument 'cmake_clean_first' from command line to 'False'
[0.209s] Level 5:colcon.colcon_core.verb:set package 'bringup' build argument 'cmake_force_configure' from command line to 'False'
[0.209s] Level 5:colcon.colcon_core.verb:set package 'bringup' build argument 'ament_cmake_args' from command line to 'None'
[0.209s] Level 5:colcon.colcon_core.verb:set package 'bringup' build argument 'catkin_cmake_args' from command line to 'None'
[0.209s] Level 5:colcon.colcon_core.verb:set package 'bringup' build argument 'catkin_skip_building_tests' from command line to 'False'
[0.209s] DEBUG:colcon.colcon_core.verb:Building package 'bringup' with the following arguments: {'ament_cmake_args': None, 'build_base': '/home/cly/project/build/bringup', 'catkin_cmake_args': None, 'catkin_skip_building_tests': False, 'cmake_args': None, 'cmake_clean_cache': False, 'cmake_clean_first': False, 'cmake_force_configure': False, 'cmake_target': None, 'cmake_target_skip_unavailable': False, 'install_base': '/home/cly/project/install/bringup', 'merge_install': False, 'path': '/home/cly/project/src/bringup', 'symlink_install': False, 'test_result_base': None}
[0.209s] Level 5:colcon.colcon_core.verb:set package 'img_processing' build argument 'cmake_args' from command line to 'None'
[0.209s] Level 5:colcon.colcon_core.verb:set package 'img_processing' build argument 'cmake_target' from command line to 'None'
[0.209s] Level 5:colcon.colcon_core.verb:set package 'img_processing' build argument 'cmake_target_skip_unavailable' from command line to 'False'
[0.209s] Level 5:colcon.colcon_core.verb:set package 'img_processing' build argument 'cmake_clean_cache' from command line to 'False'
[0.209s] Level 5:colcon.colcon_core.verb:set package 'img_processing' build argument 'cmake_clean_first' from command line to 'False'
[0.209s] Level 5:colcon.colcon_core.verb:set package 'img_processing' build argument 'cmake_force_configure' from command line to 'False'
[0.209s] Level 5:colcon.colcon_core.verb:set package 'img_processing' build argument 'ament_cmake_args' from command line to 'None'
[0.209s] Level 5:colcon.colcon_core.verb:set package 'img_processing' build argument 'catkin_cmake_args' from command line to 'None'
[0.209s] Level 5:colcon.colcon_core.verb:set package 'img_processing' build argument 'catkin_skip_building_tests' from command line to 'False'
[0.209s] DEBUG:colcon.colcon_core.verb:Building package 'img_processing' with the following arguments: {'ament_cmake_args': None, 'build_base': '/home/cly/project/build/img_processing', 'catkin_cmake_args': None, 'catkin_skip_building_tests': False, 'cmake_args': None, 'cmake_clean_cache': False, 'cmake_clean_first': False, 'cmake_force_configure': False, 'cmake_target': None, 'cmake_target_skip_unavailable': False, 'install_base': '/home/cly/project/install/img_processing', 'merge_install': False, 'path': '/home/cly/project/src/img_processing', 'symlink_install': False, 'test_result_base': None}
[0.209s] Level 5:colcon.colcon_core.verb:set package 'my_mindvision_camera' build argument 'cmake_args' from command line to 'None'
[0.209s] Level 5:colcon.colcon_core.verb:set package 'my_mindvision_camera' build argument 'cmake_target' from command line to 'None'
[0.209s] Level 5:colcon.colcon_core.verb:set package 'my_mindvision_camera' build argument 'cmake_target_skip_unavailable' from command line to 'False'
[0.209s] Level 5:colcon.colcon_core.verb:set package 'my_mindvision_camera' build argument 'cmake_clean_cache' from command line to 'False'
[0.209s] Level 5:colcon.colcon_core.verb:set package 'my_mindvision_camera' build argument 'cmake_clean_first' from command line to 'False'
[0.209s] Level 5:colcon.colcon_core.verb:set package 'my_mindvision_camera' build argument 'cmake_force_configure' from command line to 'False'
[0.209s] Level 5:colcon.colcon_core.verb:set package 'my_mindvision_camera' build argument 'ament_cmake_args' from command line to 'None'
[0.209s] Level 5:colcon.colcon_core.verb:set package 'my_mindvision_camera' build argument 'catkin_cmake_args' from command line to 'None'
[0.209s] Level 5:colcon.colcon_core.verb:set package 'my_mindvision_camera' build argument 'catkin_skip_building_tests' from command line to 'False'
[0.209s] DEBUG:colcon.colcon_core.verb:Building package 'my_mindvision_camera' with the following arguments: {'ament_cmake_args': None, 'build_base': '/home/cly/project/build/my_mindvision_camera', 'catkin_cmake_args': None, 'catkin_skip_building_tests': False, 'cmake_args': None, 'cmake_clean_cache': False, 'cmake_clean_first': False, 'cmake_force_configure': False, 'cmake_target': None, 'cmake_target_skip_unavailable': False, 'install_base': '/home/cly/project/install/my_mindvision_camera', 'merge_install': False, 'path': '/home/cly/project/src/my_mindvision_camera', 'symlink_install': False, 'test_result_base': None}
[0.209s] Level 5:colcon.colcon_core.verb:set package 'test' build argument 'cmake_args' from command line to 'None'
[0.209s] Level 5:colcon.colcon_core.verb:set package 'test' build argument 'cmake_target' from command line to 'None'
[0.209s] Level 5:colcon.colcon_core.verb:set package 'test' build argument 'cmake_target_skip_unavailable' from command line to 'False'
[0.209s] Level 5:colcon.colcon_core.verb:set package 'test' build argument 'cmake_clean_cache' from command line to 'False'
[0.209s] Level 5:colcon.colcon_core.verb:set package 'test' build argument 'cmake_clean_first' from command line to 'False'
[0.210s] Level 5:colcon.colcon_core.verb:set package 'test' build argument 'cmake_force_configure' from command line to 'False'
[0.210s] Level 5:colcon.colcon_core.verb:set package 'test' build argument 'ament_cmake_args' from command line to 'None'
[0.210s] Level 5:colcon.colcon_core.verb:set package 'test' build argument 'catkin_cmake_args' from command line to 'None'
[0.210s] Level 5:colcon.colcon_core.verb:set package 'test' build argument 'catkin_skip_building_tests' from command line to 'False'
[0.210s] DEBUG:colcon.colcon_core.verb:Building package 'test' with the following arguments: {'ament_cmake_args': None, 'build_base': '/home/cly/project/build/test', 'catkin_cmake_args': None, 'catkin_skip_building_tests': False, 'cmake_args': None, 'cmake_clean_cache': False, 'cmake_clean_first': False, 'cmake_force_configure': False, 'cmake_target': None, 'cmake_target_skip_unavailable': False, 'install_base': '/home/cly/project/install/test', 'merge_install': False, 'path': '/home/cly/project/src/test', 'symlink_install': False, 'test_result_base': None}
[0.210s] INFO:colcon.colcon_core.executor:Executing jobs using 'parallel' executor
[0.211s] DEBUG:colcon.colcon_parallel_executor.executor.parallel:run_until_complete
[0.211s] INFO:colcon.colcon_ros.task.ament_cmake.build:Building ROS package in '/home/cly/project/src/bringup' with build type 'ament_cmake'
[0.211s] INFO:colcon.colcon_cmake.task.cmake.build:Building CMake package in '/home/cly/project/src/bringup'
[0.212s] INFO:colcon.colcon_core.plugin_system:Skipping extension 'colcon_core.shell.bat': Not used on non-Windows systems
[0.212s] INFO:colcon.colcon_core.shell:Skip shell extension 'powershell' for command environment: Not usable outside of PowerShell
[0.212s] DEBUG:colcon.colcon_core.shell:Skip shell extension 'dsv' for command environment
[0.214s] INFO:colcon.colcon_ros.task.ament_cmake.build:Building ROS package in '/home/cly/project/src/img_processing' with build type 'ament_cmake'
[0.215s] INFO:colcon.colcon_cmake.task.cmake.build:Building CMake package in '/home/cly/project/src/img_processing'
[0.215s] INFO:colcon.colcon_core.shell:Skip shell extension 'powershell' for command environment: Not usable outside of PowerShell
[0.215s] DEBUG:colcon.colcon_core.shell:Skip shell extension 'dsv' for command environment
[0.217s] INFO:colcon.colcon_ros.task.ament_cmake.build:Building ROS package in '/home/cly/project/src/my_mindvision_camera' with build type 'ament_cmake'
[0.217s] INFO:colcon.colcon_cmake.task.cmake.build:Building CMake package in '/home/cly/project/src/my_mindvision_camera'
[0.217s] INFO:colcon.colcon_core.shell:Skip shell extension 'powershell' for command environment: Not usable outside of PowerShell
[0.217s] DEBUG:colcon.colcon_core.shell:Skip shell extension 'dsv' for command environment
[0.220s] INFO:colcon.colcon_ros.task.ament_cmake.build:Building ROS package in '/home/cly/project/src/test' with build type 'ament_cmake'
[0.220s] INFO:colcon.colcon_cmake.task.cmake.build:Building CMake package in '/home/cly/project/src/test'
[0.220s] INFO:colcon.colcon_core.shell:Skip shell extension 'powershell' for command environment: Not usable outside of PowerShell
[0.220s] DEBUG:colcon.colcon_core.shell:Skip shell extension 'dsv' for command environment
[0.227s] DEBUG:colcon.colcon_core.event_handler.log_command:Invoking command in '/home/cly/project/build/bringup': CMAKE_PREFIX_PATH=${CMAKE_PREFIX_PATH}:/home/cly/ros2_ws/install/test_pkg:/opt/ros/humble /usr/bin/cmake --build /home/cly/project/build/bringup -- -j18 -l18
[0.231s] DEBUG:colcon.colcon_core.event_handler.log_command:Invoking command in '/home/cly/project/build/img_processing': CMAKE_PREFIX_PATH=${CMAKE_PREFIX_PATH}:/home/cly/ros2_ws/install/test_pkg:/opt/ros/humble /usr/bin/cmake --build /home/cly/project/build/img_processing -- -j18 -l18
[0.236s] DEBUG:colcon.colcon_core.event_handler.log_command:Invoking command in '/home/cly/project/build/my_mindvision_camera': CMAKE_PREFIX_PATH=${CMAKE_PREFIX_PATH}:/home/cly/ros2_ws/install/test_pkg:/opt/ros/humble /usr/bin/cmake --build /home/cly/project/build/my_mindvision_camera -- -j18 -l18
[0.238s] DEBUG:colcon.colcon_core.event_handler.log_command:Invoking command in '/home/cly/project/build/test': CMAKE_PREFIX_PATH=${CMAKE_PREFIX_PATH}:/home/cly/ros2_ws/install/test_pkg:/opt/ros/humble /usr/bin/cmake --build /home/cly/project/build/test -- -j18 -l18
[0.247s] DEBUG:colcon.colcon_core.event_handler.log_command:Invoked command in '/home/cly/project/build/bringup' returned '0': CMAKE_PREFIX_PATH=${CMAKE_PREFIX_PATH}:/home/cly/ros2_ws/install/test_pkg:/opt/ros/humble /usr/bin/cmake --build /home/cly/project/build/bringup -- -j18 -l18
[0.252s] DEBUG:colcon.colcon_core.event_handler.log_command:Invoking command in '/home/cly/project/build/bringup': CMAKE_PREFIX_PATH=${CMAKE_PREFIX_PATH}:/home/cly/ros2_ws/install/test_pkg:/opt/ros/humble /usr/bin/cmake --install /home/cly/project/build/bringup
[0.257s] Level 1:colcon.colcon_core.environment:create_environment_scripts_only(bringup)
[0.257s] DEBUG:colcon.colcon_core.event_handler.log_command:Invoked command in '/home/cly/project/build/bringup' returned '0': CMAKE_PREFIX_PATH=${CMAKE_PREFIX_PATH}:/home/cly/ros2_ws/install/test_pkg:/opt/ros/humble /usr/bin/cmake --install /home/cly/project/build/bringup
[0.260s] Level 1:colcon.colcon_core.environment:checking '/home/cly/project/install/bringup' for CMake module files
[0.260s] Level 1:colcon.colcon_core.environment:checking '/home/cly/project/install/bringup' for CMake config files
[0.261s] Level 1:colcon.colcon_core.shell:create_environment_hook('bringup', 'cmake_prefix_path')
[0.261s] INFO:colcon.colcon_core.shell:Creating environment hook '/home/cly/project/install/bringup/share/bringup/hook/cmake_prefix_path.ps1'
[0.262s] INFO:colcon.colcon_core.shell:Creating environment descriptor '/home/cly/project/install/bringup/share/bringup/hook/cmake_prefix_path.dsv'
[0.263s] INFO:colcon.colcon_core.shell:Creating environment hook '/home/cly/project/install/bringup/share/bringup/hook/cmake_prefix_path.sh'
[0.264s] Level 1:colcon.colcon_core.environment:checking '/home/cly/project/install/bringup/bin'
[0.265s] Level 1:colcon.colcon_core.environment:checking '/home/cly/project/install/bringup/lib/pkgconfig/bringup.pc'
[0.265s] Level 1:colcon.colcon_core.environment:checking '/home/cly/project/install/bringup/lib/python3.10/site-packages'
[0.265s] Level 1:colcon.colcon_core.environment:checking '/home/cly/project/install/bringup/bin'
[0.266s] INFO:colcon.colcon_core.shell:Creating package script '/home/cly/project/install/bringup/share/bringup/package.ps1'
[0.267s] INFO:colcon.colcon_core.shell:Creating package descriptor '/home/cly/project/install/bringup/share/bringup/package.dsv'
[0.268s] INFO:colcon.colcon_core.shell:Creating package script '/home/cly/project/install/bringup/share/bringup/package.sh'
[0.268s] INFO:colcon.colcon_core.shell:Creating package script '/home/cly/project/install/bringup/share/bringup/package.bash'
[0.269s] INFO:colcon.colcon_core.shell:Creating package script '/home/cly/project/install/bringup/share/bringup/package.zsh'
[0.269s] Level 1:colcon.colcon_core.environment:create_file_with_runtime_dependencies(/home/cly/project/install/bringup/share/colcon-core/packages/bringup)
[0.270s] Level 1:colcon.colcon_core.environment:create_environment_scripts_only(bringup)
[0.270s] Level 1:colcon.colcon_core.environment:checking '/home/cly/project/install/bringup' for CMake module files
[0.270s] Level 1:colcon.colcon_core.environment:checking '/home/cly/project/install/bringup' for CMake config files
[0.270s] Level 1:colcon.colcon_core.shell:create_environment_hook('bringup', 'cmake_prefix_path')
[0.271s] INFO:colcon.colcon_core.shell:Creating environment hook '/home/cly/project/install/bringup/share/bringup/hook/cmake_prefix_path.ps1'
[0.271s] INFO:colcon.colcon_core.shell:Creating environment descriptor '/home/cly/project/install/bringup/share/bringup/hook/cmake_prefix_path.dsv'
[0.271s] INFO:colcon.colcon_core.shell:Creating environment hook '/home/cly/project/install/bringup/share/bringup/hook/cmake_prefix_path.sh'
[0.271s] Level 1:colcon.colcon_core.environment:checking '/home/cly/project/install/bringup/bin'
[0.271s] Level 1:colcon.colcon_core.environment:checking '/home/cly/project/install/bringup/lib/pkgconfig/bringup.pc'
[0.272s] Level 1:colcon.colcon_core.environment:checking '/home/cly/project/install/bringup/lib/python3.10/site-packages'
[0.272s] Level 1:colcon.colcon_core.environment:checking '/home/cly/project/install/bringup/bin'
[0.272s] INFO:colcon.colcon_core.shell:Creating package script '/home/cly/project/install/bringup/share/bringup/package.ps1'
[0.272s] INFO:colcon.colcon_core.shell:Creating package descriptor '/home/cly/project/install/bringup/share/bringup/package.dsv'
[0.273s] INFO:colcon.colcon_core.shell:Creating package script '/home/cly/project/install/bringup/share/bringup/package.sh'
[0.273s] INFO:colcon.colcon_core.shell:Creating package script '/home/cly/project/install/bringup/share/bringup/package.bash'
[0.273s] INFO:colcon.colcon_core.shell:Creating package script '/home/cly/project/install/bringup/share/bringup/package.zsh'
[0.273s] Level 1:colcon.colcon_core.environment:create_file_with_runtime_dependencies(/home/cly/project/install/bringup/share/colcon-core/packages/bringup)
[0.275s] DEBUG:colcon.colcon_core.event_handler.log_command:Invoked command in '/home/cly/project/build/my_mindvision_camera' returned '0': CMAKE_PREFIX_PATH=${CMAKE_PREFIX_PATH}:/home/cly/ros2_ws/install/test_pkg:/opt/ros/humble /usr/bin/cmake --build /home/cly/project/build/my_mindvision_camera -- -j18 -l18
[0.276s] DEBUG:colcon.colcon_core.event_handler.log_command:Invoking command in '/home/cly/project/build/my_mindvision_camera': CMAKE_PREFIX_PATH=${CMAKE_PREFIX_PATH}:/home/cly/ros2_ws/install/test_pkg:/opt/ros/humble /usr/bin/cmake --install /home/cly/project/build/my_mindvision_camera
[0.277s] DEBUG:colcon.colcon_core.event_handler.log_command:Invoked command in '/home/cly/project/build/test' returned '0': CMAKE_PREFIX_PATH=${CMAKE_PREFIX_PATH}:/home/cly/ros2_ws/install/test_pkg:/opt/ros/humble /usr/bin/cmake --build /home/cly/project/build/test -- -j18 -l18
[0.278s] DEBUG:colcon.colcon_core.event_handler.log_command:Invoking command in '/home/cly/project/build/test': CMAKE_PREFIX_PATH=${CMAKE_PREFIX_PATH}:/home/cly/ros2_ws/install/test_pkg:/opt/ros/humble /usr/bin/cmake --install /home/cly/project/build/test
[0.281s] Level 1:colcon.colcon_core.environment:create_environment_scripts_only(my_mindvision_camera)
[0.282s] Level 1:colcon.colcon_core.environment:checking '/home/cly/project/install/my_mindvision_camera' for CMake module files
[0.282s] DEBUG:colcon.colcon_core.event_handler.log_command:Invoked command in '/home/cly/project/build/my_mindvision_camera' returned '0': CMAKE_PREFIX_PATH=${CMAKE_PREFIX_PATH}:/home/cly/ros2_ws/install/test_pkg:/opt/ros/humble /usr/bin/cmake --install /home/cly/project/build/my_mindvision_camera
[0.283s] Level 1:colcon.colcon_core.environment:checking '/home/cly/project/install/my_mindvision_camera' for CMake config files
[0.284s] Level 1:colcon.colcon_core.shell:create_environment_hook('my_mindvision_camera', 'cmake_prefix_path')
[0.284s] INFO:colcon.colcon_core.shell:Creating environment hook '/home/cly/project/install/my_mindvision_camera/share/my_mindvision_camera/hook/cmake_prefix_path.ps1'
[0.285s] INFO:colcon.colcon_core.shell:Creating environment descriptor '/home/cly/project/install/my_mindvision_camera/share/my_mindvision_camera/hook/cmake_prefix_path.dsv'
[0.285s] INFO:colcon.colcon_core.shell:Creating environment hook '/home/cly/project/install/my_mindvision_camera/share/my_mindvision_camera/hook/cmake_prefix_path.sh'
[0.286s] Level 1:colcon.colcon_core.environment:checking '/home/cly/project/install/my_mindvision_camera/lib'
[0.286s] Level 1:colcon.colcon_core.shell:create_environment_hook('my_mindvision_camera', 'ld_library_path_lib')
[0.286s] INFO:colcon.colcon_core.shell:Creating environment hook '/home/cly/project/install/my_mindvision_camera/share/my_mindvision_camera/hook/ld_library_path_lib.ps1'
[0.287s] INFO:colcon.colcon_core.shell:Creating environment descriptor '/home/cly/project/install/my_mindvision_camera/share/my_mindvision_camera/hook/ld_library_path_lib.dsv'
[0.287s] INFO:colcon.colcon_core.shell:Creating environment hook '/home/cly/project/install/my_mindvision_camera/share/my_mindvision_camera/hook/ld_library_path_lib.sh'
[0.287s] Level 1:colcon.colcon_core.environment:checking '/home/cly/project/install/my_mindvision_camera/bin'
[0.288s] Level 1:colcon.colcon_core.environment:checking '/home/cly/project/install/my_mindvision_camera/lib/pkgconfig/my_mindvision_camera.pc'
[0.288s] Level 1:colcon.colcon_core.environment:checking '/home/cly/project/install/my_mindvision_camera/lib/python3.10/site-packages'
[0.288s] Level 1:colcon.colcon_core.environment:checking '/home/cly/project/install/my_mindvision_camera/bin'
[0.289s] INFO:colcon.colcon_core.shell:Creating package script '/home/cly/project/install/my_mindvision_camera/share/my_mindvision_camera/package.ps1'
[0.289s] INFO:colcon.colcon_core.shell:Creating package descriptor '/home/cly/project/install/my_mindvision_camera/share/my_mindvision_camera/package.dsv'
[0.290s] INFO:colcon.colcon_core.shell:Creating package script '/home/cly/project/install/my_mindvision_camera/share/my_mindvision_camera/package.sh'
[0.290s] INFO:colcon.colcon_core.shell:Creating package script '/home/cly/project/install/my_mindvision_camera/share/my_mindvision_camera/package.bash'
[0.290s] INFO:colcon.colcon_core.shell:Creating package script '/home/cly/project/install/my_mindvision_camera/share/my_mindvision_camera/package.zsh'
[0.291s] Level 1:colcon.colcon_core.environment:create_file_with_runtime_dependencies(/home/cly/project/install/my_mindvision_camera/share/colcon-core/packages/my_mindvision_camera)
[0.292s] Level 1:colcon.colcon_core.environment:create_environment_scripts_only(my_mindvision_camera)
[0.292s] Level 1:colcon.colcon_core.environment:checking '/home/cly/project/install/my_mindvision_camera' for CMake module files
[0.293s] Level 1:colcon.colcon_core.environment:checking '/home/cly/project/install/my_mindvision_camera' for CMake config files
[0.293s] Level 1:colcon.colcon_core.shell:create_environment_hook('my_mindvision_camera', 'cmake_prefix_path')
[0.293s] INFO:colcon.colcon_core.shell:Creating environment hook '/home/cly/project/install/my_mindvision_camera/share/my_mindvision_camera/hook/cmake_prefix_path.ps1'
[0.294s] INFO:colcon.colcon_core.shell:Creating environment descriptor '/home/cly/project/install/my_mindvision_camera/share/my_mindvision_camera/hook/cmake_prefix_path.dsv'
[0.294s] INFO:colcon.colcon_core.shell:Creating environment hook '/home/cly/project/install/my_mindvision_camera/share/my_mindvision_camera/hook/cmake_prefix_path.sh'
[0.295s] Level 1:colcon.colcon_core.environment:checking '/home/cly/project/install/my_mindvision_camera/lib'
[0.295s] Level 1:colcon.colcon_core.shell:create_environment_hook('my_mindvision_camera', 'ld_library_path_lib')
[0.295s] INFO:colcon.colcon_core.shell:Creating environment hook '/home/cly/project/install/my_mindvision_camera/share/my_mindvision_camera/hook/ld_library_path_lib.ps1'
[0.296s] INFO:colcon.colcon_core.shell:Creating environment descriptor '/home/cly/project/install/my_mindvision_camera/share/my_mindvision_camera/hook/ld_library_path_lib.dsv'
[0.296s] INFO:colcon.colcon_core.shell:Creating environment hook '/home/cly/project/install/my_mindvision_camera/share/my_mindvision_camera/hook/ld_library_path_lib.sh'
[0.296s] Level 1:colcon.colcon_core.environment:checking '/home/cly/project/install/my_mindvision_camera/bin'
[0.296s] Level 1:colcon.colcon_core.environment:checking '/home/cly/project/install/my_mindvision_camera/lib/pkgconfig/my_mindvision_camera.pc'
[0.297s] Level 1:colcon.colcon_core.environment:checking '/home/cly/project/install/my_mindvision_camera/lib/python3.10/site-packages'
[0.297s] Level 1:colcon.colcon_core.environment:checking '/home/cly/project/install/my_mindvision_camera/bin'
[0.297s] INFO:colcon.colcon_core.shell:Creating package script '/home/cly/project/install/my_mindvision_camera/share/my_mindvision_camera/package.ps1'
[0.298s] INFO:colcon.colcon_core.shell:Creating package descriptor '/home/cly/project/install/my_mindvision_camera/share/my_mindvision_camera/package.dsv'
[0.298s] INFO:colcon.colcon_core.shell:Creating package script '/home/cly/project/install/my_mindvision_camera/share/my_mindvision_camera/package.sh'
[0.298s] INFO:colcon.colcon_core.shell:Creating package script '/home/cly/project/install/my_mindvision_camera/share/my_mindvision_camera/package.bash'
[0.299s] INFO:colcon.colcon_core.shell:Creating package script '/home/cly/project/install/my_mindvision_camera/share/my_mindvision_camera/package.zsh'
[0.299s] Level 1:colcon.colcon_core.environment:create_file_with_runtime_dependencies(/home/cly/project/install/my_mindvision_camera/share/colcon-core/packages/my_mindvision_camera)
[0.301s] Level 1:colcon.colcon_core.environment:create_environment_scripts_only(test)
[0.301s] Level 1:colcon.colcon_core.environment:checking '/home/cly/project/install/test' for CMake module files
[0.302s] DEBUG:colcon.colcon_core.event_handler.log_command:Invoked command in '/home/cly/project/build/test' returned '0': CMAKE_PREFIX_PATH=${CMAKE_PREFIX_PATH}:/home/cly/ros2_ws/install/test_pkg:/opt/ros/humble /usr/bin/cmake --install /home/cly/project/build/test
[0.302s] Level 1:colcon.colcon_core.environment:checking '/home/cly/project/install/test' for CMake config files
[0.302s] Level 1:colcon.colcon_core.shell:create_environment_hook('test', 'cmake_prefix_path')
[0.302s] INFO:colcon.colcon_core.shell:Creating environment hook '/home/cly/project/install/test/share/test/hook/cmake_prefix_path.ps1'
[0.303s] INFO:colcon.colcon_core.shell:Creating environment descriptor '/home/cly/project/install/test/share/test/hook/cmake_prefix_path.dsv'
[0.303s] INFO:colcon.colcon_core.shell:Creating environment hook '/home/cly/project/install/test/share/test/hook/cmake_prefix_path.sh'
[0.304s] Level 1:colcon.colcon_core.environment:checking '/home/cly/project/install/test/lib'
[0.304s] Level 1:colcon.colcon_core.environment:checking '/home/cly/project/install/test/bin'
[0.304s] Level 1:colcon.colcon_core.environment:checking '/home/cly/project/install/test/lib/pkgconfig/test.pc'
[0.305s] Level 1:colcon.colcon_core.environment:checking '/home/cly/project/install/test/lib/python3.10/site-packages'
[0.305s] Level 1:colcon.colcon_core.environment:checking '/home/cly/project/install/test/bin'
[0.305s] INFO:colcon.colcon_core.shell:Creating package script '/home/cly/project/install/test/share/test/package.ps1'
[0.306s] INFO:colcon.colcon_core.shell:Creating package descriptor '/home/cly/project/install/test/share/test/package.dsv'
[0.306s] INFO:colcon.colcon_core.shell:Creating package script '/home/cly/project/install/test/share/test/package.sh'
[0.307s] INFO:colcon.colcon_core.shell:Creating package script '/home/cly/project/install/test/share/test/package.bash'
[0.307s] INFO:colcon.colcon_core.shell:Creating package script '/home/cly/project/install/test/share/test/package.zsh'
[0.308s] Level 1:colcon.colcon_core.environment:create_file_with_runtime_dependencies(/home/cly/project/install/test/share/colcon-core/packages/test)
[0.309s] Level 1:colcon.colcon_core.environment:create_environment_scripts_only(test)
[0.309s] Level 1:colcon.colcon_core.environment:checking '/home/cly/project/install/test' for CMake module files
[0.309s] Level 1:colcon.colcon_core.environment:checking '/home/cly/project/install/test' for CMake config files
[0.310s] Level 1:colcon.colcon_core.shell:create_environment_hook('test', 'cmake_prefix_path')
[0.310s] INFO:colcon.colcon_core.shell:Creating environment hook '/home/cly/project/install/test/share/test/hook/cmake_prefix_path.ps1'
[0.311s] INFO:colcon.colcon_core.shell:Creating environment descriptor '/home/cly/project/install/test/share/test/hook/cmake_prefix_path.dsv'
[0.311s] INFO:colcon.colcon_core.shell:Creating environment hook '/home/cly/project/install/test/share/test/hook/cmake_prefix_path.sh'
[0.312s] Level 1:colcon.colcon_core.environment:checking '/home/cly/project/install/test/lib'
[0.312s] Level 1:colcon.colcon_core.environment:checking '/home/cly/project/install/test/bin'
[0.312s] Level 1:colcon.colcon_core.environment:checking '/home/cly/project/install/test/lib/pkgconfig/test.pc'
[0.312s] Level 1:colcon.colcon_core.environment:checking '/home/cly/project/install/test/lib/python3.10/site-packages'
[0.312s] Level 1:colcon.colcon_core.environment:checking '/home/cly/project/install/test/bin'
[0.313s] INFO:colcon.colcon_core.shell:Creating package script '/home/cly/project/install/test/share/test/package.ps1'
[0.313s] INFO:colcon.colcon_core.shell:Creating package descriptor '/home/cly/project/install/test/share/test/package.dsv'
[0.314s] INFO:colcon.colcon_core.shell:Creating package script '/home/cly/project/install/test/share/test/package.sh'
[0.314s] INFO:colcon.colcon_core.shell:Creating package script '/home/cly/project/install/test/share/test/package.bash'
[0.314s] INFO:colcon.colcon_core.shell:Creating package script '/home/cly/project/install/test/share/test/package.zsh'
[0.315s] Level 1:colcon.colcon_core.environment:create_file_with_runtime_dependencies(/home/cly/project/install/test/share/colcon-core/packages/test)
[3.670s] DEBUG:colcon.colcon_core.event_handler.log_command:Invoked command in '/home/cly/project/build/img_processing' returned '0': CMAKE_PREFIX_PATH=${CMAKE_PREFIX_PATH}:/home/cly/ros2_ws/install/test_pkg:/opt/ros/humble /usr/bin/cmake --build /home/cly/project/build/img_processing -- -j18 -l18
[3.672s] DEBUG:colcon.colcon_core.event_handler.log_command:Invoking command in '/home/cly/project/build/img_processing': CMAKE_PREFIX_PATH=${CMAKE_PREFIX_PATH}:/home/cly/ros2_ws/install/test_pkg:/opt/ros/humble /usr/bin/cmake --install /home/cly/project/build/img_processing
[3.679s] Level 1:colcon.colcon_core.environment:create_environment_scripts_only(img_processing)
[3.680s] Level 1:colcon.colcon_core.environment:checking '/home/cly/project/install/img_processing' for CMake module files
[3.680s] DEBUG:colcon.colcon_core.event_handler.log_command:Invoked command in '/home/cly/project/build/img_processing' returned '0': CMAKE_PREFIX_PATH=${CMAKE_PREFIX_PATH}:/home/cly/ros2_ws/install/test_pkg:/opt/ros/humble /usr/bin/cmake --install /home/cly/project/build/img_processing
[3.681s] Level 1:colcon.colcon_core.environment:checking '/home/cly/project/install/img_processing' for CMake config files
[3.681s] Level 1:colcon.colcon_core.shell:create_environment_hook('img_processing', 'cmake_prefix_path')
[3.681s] INFO:colcon.colcon_core.shell:Creating environment hook '/home/cly/project/install/img_processing/share/img_processing/hook/cmake_prefix_path.ps1'
[3.682s] INFO:colcon.colcon_core.shell:Creating environment descriptor '/home/cly/project/install/img_processing/share/img_processing/hook/cmake_prefix_path.dsv'
[3.682s] INFO:colcon.colcon_core.shell:Creating environment hook '/home/cly/project/install/img_processing/share/img_processing/hook/cmake_prefix_path.sh'
[3.683s] Level 1:colcon.colcon_core.environment:checking '/home/cly/project/install/img_processing/lib'
[3.683s] Level 1:colcon.colcon_core.environment:checking '/home/cly/project/install/img_processing/bin'
[3.683s] Level 1:colcon.colcon_core.environment:checking '/home/cly/project/install/img_processing/lib/pkgconfig/img_processing.pc'
[3.683s] Level 1:colcon.colcon_core.environment:checking '/home/cly/project/install/img_processing/lib/python3.10/site-packages'
[3.684s] Level 1:colcon.colcon_core.environment:checking '/home/cly/project/install/img_processing/bin'
[3.684s] INFO:colcon.colcon_core.shell:Creating package script '/home/cly/project/install/img_processing/share/img_processing/package.ps1'
[3.685s] INFO:colcon.colcon_core.shell:Creating package descriptor '/home/cly/project/install/img_processing/share/img_processing/package.dsv'
[3.685s] INFO:colcon.colcon_core.shell:Creating package script '/home/cly/project/install/img_processing/share/img_processing/package.sh'
[3.685s] INFO:colcon.colcon_core.shell:Creating package script '/home/cly/project/install/img_processing/share/img_processing/package.bash'
[3.686s] INFO:colcon.colcon_core.shell:Creating package script '/home/cly/project/install/img_processing/share/img_processing/package.zsh'
[3.686s] Level 1:colcon.colcon_core.environment:create_file_with_runtime_dependencies(/home/cly/project/install/img_processing/share/colcon-core/packages/img_processing)
[3.687s] Level 1:colcon.colcon_core.environment:create_environment_scripts_only(img_processing)
[3.688s] Level 1:colcon.colcon_core.environment:checking '/home/cly/project/install/img_processing' for CMake module files
[3.688s] Level 1:colcon.colcon_core.environment:checking '/home/cly/project/install/img_processing' for CMake config files
[3.688s] Level 1:colcon.colcon_core.shell:create_environment_hook('img_processing', 'cmake_prefix_path')
[3.688s] INFO:colcon.colcon_core.shell:Creating environment hook '/home/cly/project/install/img_processing/share/img_processing/hook/cmake_prefix_path.ps1'
[3.689s] INFO:colcon.colcon_core.shell:Creating environment descriptor '/home/cly/project/install/img_processing/share/img_processing/hook/cmake_prefix_path.dsv'
[3.689s] INFO:colcon.colcon_core.shell:Creating environment hook '/home/cly/project/install/img_processing/share/img_processing/hook/cmake_prefix_path.sh'
[3.690s] Level 1:colcon.colcon_core.environment:checking '/home/cly/project/install/img_processing/lib'
[3.690s] Level 1:colcon.colcon_core.environment:checking '/home/cly/project/install/img_processing/bin'
[3.690s] Level 1:colcon.colcon_core.environment:checking '/home/cly/project/install/img_processing/lib/pkgconfig/img_processing.pc'
[3.690s] Level 1:colcon.colcon_core.environment:checking '/home/cly/project/install/img_processing/lib/python3.10/site-packages'
[3.690s] Level 1:colcon.colcon_core.environment:checking '/home/cly/project/install/img_processing/bin'
[3.691s] INFO:colcon.colcon_core.shell:Creating package script '/home/cly/project/install/img_processing/share/img_processing/package.ps1'
[3.691s] INFO:colcon.colcon_core.shell:Creating package descriptor '/home/cly/project/install/img_processing/share/img_processing/package.dsv'
[3.692s] INFO:colcon.colcon_core.shell:Creating package script '/home/cly/project/install/img_processing/share/img_processing/package.sh'
[3.692s] INFO:colcon.colcon_core.shell:Creating package script '/home/cly/project/install/img_processing/share/img_processing/package.bash'
[3.692s] INFO:colcon.colcon_core.shell:Creating package script '/home/cly/project/install/img_processing/share/img_processing/package.zsh'
[3.692s] Level 1:colcon.colcon_core.environment:create_file_with_runtime_dependencies(/home/cly/project/install/img_processing/share/colcon-core/packages/img_processing)
[3.693s] DEBUG:colcon.colcon_parallel_executor.executor.parallel:closing loop
[3.693s] DEBUG:colcon.colcon_parallel_executor.executor.parallel:loop closed
[3.693s] DEBUG:colcon.colcon_parallel_executor.executor.parallel:run_until_complete finished with '0'
[3.693s] DEBUG:colcon.colcon_core.event_reactor:joining thread
[3.700s] INFO:colcon.colcon_core.plugin_system:Skipping extension 'colcon_notification.desktop_notification.terminal_notifier': Not used on non-Darwin systems
[3.700s] INFO:colcon.colcon_core.plugin_system:Skipping extension 'colcon_notification.desktop_notification.win32': Not used on non-Windows systems
[3.700s] INFO:colcon.colcon_notification.desktop_notification:Sending desktop notification using 'notify2'
[3.711s] DEBUG:colcon.colcon_core.event_reactor:joined thread
[3.712s] INFO:colcon.colcon_core.shell:Creating prefix script '/home/cly/project/install/local_setup.ps1'
[3.713s] INFO:colcon.colcon_core.shell:Creating prefix util module '/home/cly/project/install/_local_setup_util_ps1.py'
[3.715s] INFO:colcon.colcon_core.shell:Creating prefix chain script '/home/cly/project/install/setup.ps1'
[3.716s] INFO:colcon.colcon_core.shell:Creating prefix script '/home/cly/project/install/local_setup.sh'
[3.717s] INFO:colcon.colcon_core.shell:Creating prefix util module '/home/cly/project/install/_local_setup_util_sh.py'
[3.718s] INFO:colcon.colcon_core.shell:Creating prefix chain script '/home/cly/project/install/setup.sh'
[3.720s] INFO:colcon.colcon_core.shell:Creating prefix script '/home/cly/project/install/local_setup.bash'
[3.720s] INFO:colcon.colcon_core.shell:Creating prefix chain script '/home/cly/project/install/setup.bash'
[3.722s] INFO:colcon.colcon_core.shell:Creating prefix script '/home/cly/project/install/local_setup.zsh'
[3.723s] INFO:colcon.colcon_core.shell:Creating prefix chain script '/home/cly/project/install/setup.zsh'
