[ 50%] Built target my_mindvision_camera
[100%] Built target mv_camera_node
-- Install configuration: ""
-- Up-to-date: /home/cly/project/install/my_mindvision_camera/lib/my_mindvision_camera/mv_camera_node
-- Up-to-date: /home/cly/project/install/my_mindvision_camera/include
-- Up-to-date: /home/cly/project/install/my_mindvision_camera/include/my_mindvision_camera
-- Up-to-date: /home/cly/project/install/my_mindvision_camera/share/my_mindvision_camera/environment/library_path.sh
-- Up-to-date: /home/cly/project/install/my_mindvision_camera/share/my_mindvision_camera/environment/library_path.dsv
-- Up-to-date: /home/cly/project/install/my_mindvision_camera/lib/libmy_mindvision_camera.so
-- Up-to-date: /home/cly/project/install/my_mindvision_camera/share/my_mindvision_camera/config
-- Up-to-date: /home/cly/project/install/my_mindvision_camera/share/my_mindvision_camera/config/camera_params.yaml
-- Up-to-date: /home/cly/project/install/my_mindvision_camera/share/my_mindvision_camera/config/camera_info.yaml
-- Up-to-date: /home/cly/project/install/my_mindvision_camera/share/my_mindvision_camera/launch
-- Up-to-date: /home/cly/project/install/my_mindvision_camera/share/my_mindvision_camera/launch/mv_launch.py
-- Up-to-date: /home/cly/project/install/my_mindvision_camera/share/ament_index/resource_index/package_run_dependencies/my_mindvision_camera
-- Up-to-date: /home/cly/project/install/my_mindvision_camera/share/ament_index/resource_index/parent_prefix_path/my_mindvision_camera
-- Up-to-date: /home/cly/project/install/my_mindvision_camera/share/my_mindvision_camera/environment/ament_prefix_path.sh
-- Up-to-date: /home/cly/project/install/my_mindvision_camera/share/my_mindvision_camera/environment/ament_prefix_path.dsv
-- Up-to-date: /home/cly/project/install/my_mindvision_camera/share/my_mindvision_camera/environment/path.sh
-- Up-to-date: /home/cly/project/install/my_mindvision_camera/share/my_mindvision_camera/environment/path.dsv
-- Up-to-date: /home/cly/project/install/my_mindvision_camera/share/my_mindvision_camera/local_setup.bash
-- Up-to-date: /home/cly/project/install/my_mindvision_camera/share/my_mindvision_camera/local_setup.sh
-- Up-to-date: /home/cly/project/install/my_mindvision_camera/share/my_mindvision_camera/local_setup.zsh
-- Up-to-date: /home/cly/project/install/my_mindvision_camera/share/my_mindvision_camera/local_setup.dsv
-- Installing: /home/cly/project/install/my_mindvision_camera/share/my_mindvision_camera/package.dsv
-- Up-to-date: /home/cly/project/install/my_mindvision_camera/share/ament_index/resource_index/packages/my_mindvision_camera
-- Up-to-date: /home/cly/project/install/my_mindvision_camera/share/ament_index/resource_index/rclcpp_components/my_mindvision_camera
-- Up-to-date: /home/cly/project/install/my_mindvision_camera/share/my_mindvision_camera/cmake/ament_cmake_export_dependencies-extras.cmake
-- Up-to-date: /home/cly/project/install/my_mindvision_camera/share/my_mindvision_camera/cmake/ament_cmake_export_include_directories-extras.cmake
-- Up-to-date: /home/cly/project/install/my_mindvision_camera/share/my_mindvision_camera/cmake/ament_cmake_export_libraries-extras.cmake
-- Up-to-date: /home/cly/project/install/my_mindvision_camera/share/my_mindvision_camera/cmake/my_mindvision_cameraConfig.cmake
-- Up-to-date: /home/cly/project/install/my_mindvision_camera/share/my_mindvision_camera/cmake/my_mindvision_cameraConfig-version.cmake
-- Up-to-date: /home/cly/project/install/my_mindvision_camera/share/my_mindvision_camera/package.xml
