[0.124s] DEBUG:colcon:Command line arguments: ['/usr/bin/colcon', 'build']
[0.124s] DEBUG:colcon:Parsed command line arguments: Namespace(log_base=None, log_level=None, verb_name='build', build_base='build', install_base='install', merge_install=False, symlink_install=False, test_result_base=None, continue_on_error=False, executor='parallel', parallel_workers=18, event_handlers=None, ignore_user_meta=False, metas=['./colcon.meta'], base_paths=['.'], packages_ignore=None, packages_ignore_regex=None, paths=None, packages_up_to=None, packages_up_to_regex=None, packages_above=None, packages_above_and_dependencies=None, packages_above_depth=None, packages_select_by_dep=None, packages_skip_by_dep=None, packages_skip_up_to=None, packages_select_build_failed=False, packages_skip_build_finished=False, packages_select_test_failures=False, packages_skip_test_passed=False, packages_select=None, packages_skip=None, packages_select_regex=None, packages_skip_regex=None, packages_start=None, packages_end=None, allow_overriding=[], cmake_args=None, cmake_target=None, cmake_target_skip_unavailable=False, cmake_clean_cache=False, cmake_clean_first=False, cmake_force_configure=False, ament_cmake_args=None, catkin_cmake_args=None, catkin_skip_building_tests=False, verb_parser=<colcon_defaults.argument_parser.defaults.DefaultArgumentsDecorator object at 0x7d81d9327b50>, verb_extension=<colcon_core.verb.build.BuildVerb object at 0x7d81d9458f70>, main=<bound method BuildVerb.main of <colcon_core.verb.build.BuildVerb object at 0x7d81d9458f70>>)
[0.255s] Level 1:colcon.colcon_core.package_discovery:discover_packages(colcon_meta) check parameters
[0.255s] Level 1:colcon.colcon_core.package_discovery:discover_packages(recursive) check parameters
[0.255s] Level 1:colcon.colcon_core.package_discovery:discover_packages(ignore) check parameters
[0.255s] Level 1:colcon.colcon_core.package_discovery:discover_packages(path) check parameters
[0.255s] Level 1:colcon.colcon_core.package_discovery:discover_packages(colcon_meta) discover
[0.255s] Level 1:colcon.colcon_core.package_discovery:discover_packages(recursive) discover
[0.255s] INFO:colcon.colcon_core.package_discovery:Crawling recursively for packages in '/home/cly/project'
[0.255s] Level 1:colcon.colcon_core.package_identification:_identify(.) by extensions ['ignore', 'ignore_ament_install']
[0.255s] Level 1:colcon.colcon_core.package_identification:_identify(.) by extension 'ignore'
[0.255s] Level 1:colcon.colcon_core.package_identification:_identify(.) by extension 'ignore_ament_install'
[0.255s] Level 1:colcon.colcon_core.package_identification:_identify(.) by extensions ['colcon_pkg']
[0.255s] Level 1:colcon.colcon_core.package_identification:_identify(.) by extension 'colcon_pkg'
[0.255s] Level 1:colcon.colcon_core.package_identification:_identify(.) by extensions ['colcon_meta']
[0.255s] Level 1:colcon.colcon_core.package_identification:_identify(.) by extension 'colcon_meta'
[0.255s] Level 1:colcon.colcon_core.package_identification:_identify(.) by extensions ['ros']
[0.255s] Level 1:colcon.colcon_core.package_identification:_identify(.) by extension 'ros'
[0.262s] Level 1:colcon.colcon_core.package_identification:_identify(.) by extensions ['cmake', 'python']
[0.262s] Level 1:colcon.colcon_core.package_identification:_identify(.) by extension 'cmake'
[0.262s] Level 1:colcon.colcon_core.package_identification:_identify(.) by extension 'python'
[0.262s] Level 1:colcon.colcon_core.package_identification:_identify(.) by extensions ['python_setup_py']
[0.262s] Level 1:colcon.colcon_core.package_identification:_identify(.) by extension 'python_setup_py'
[0.262s] Level 1:colcon.colcon_core.package_identification:_identify(Camera) by extensions ['ignore', 'ignore_ament_install']
[0.262s] Level 1:colcon.colcon_core.package_identification:_identify(Camera) by extension 'ignore'
[0.262s] Level 1:colcon.colcon_core.package_identification:_identify(Camera) by extension 'ignore_ament_install'
[0.262s] Level 1:colcon.colcon_core.package_identification:_identify(Camera) by extensions ['colcon_pkg']
[0.262s] Level 1:colcon.colcon_core.package_identification:_identify(Camera) by extension 'colcon_pkg'
[0.262s] Level 1:colcon.colcon_core.package_identification:_identify(Camera) by extensions ['colcon_meta']
[0.262s] Level 1:colcon.colcon_core.package_identification:_identify(Camera) by extension 'colcon_meta'
[0.262s] Level 1:colcon.colcon_core.package_identification:_identify(Camera) by extensions ['ros']
[0.262s] Level 1:colcon.colcon_core.package_identification:_identify(Camera) by extension 'ros'
[0.262s] Level 1:colcon.colcon_core.package_identification:_identify(Camera) by extensions ['cmake', 'python']
[0.262s] Level 1:colcon.colcon_core.package_identification:_identify(Camera) by extension 'cmake'
[0.262s] Level 1:colcon.colcon_core.package_identification:_identify(Camera) by extension 'python'
[0.263s] Level 1:colcon.colcon_core.package_identification:_identify(Camera) by extensions ['python_setup_py']
[0.263s] Level 1:colcon.colcon_core.package_identification:_identify(Camera) by extension 'python_setup_py'
[0.263s] Level 1:colcon.colcon_core.package_identification:_identify(Camera/Data) by extensions ['ignore', 'ignore_ament_install']
[0.263s] Level 1:colcon.colcon_core.package_identification:_identify(Camera/Data) by extension 'ignore'
[0.263s] Level 1:colcon.colcon_core.package_identification:_identify(Camera/Data) by extension 'ignore_ament_install'
[0.263s] Level 1:colcon.colcon_core.package_identification:_identify(Camera/Data) by extensions ['colcon_pkg']
[0.263s] Level 1:colcon.colcon_core.package_identification:_identify(Camera/Data) by extension 'colcon_pkg'
[0.263s] Level 1:colcon.colcon_core.package_identification:_identify(Camera/Data) by extensions ['colcon_meta']
[0.263s] Level 1:colcon.colcon_core.package_identification:_identify(Camera/Data) by extension 'colcon_meta'
[0.263s] Level 1:colcon.colcon_core.package_identification:_identify(Camera/Data) by extensions ['ros']
[0.263s] Level 1:colcon.colcon_core.package_identification:_identify(Camera/Data) by extension 'ros'
[0.263s] Level 1:colcon.colcon_core.package_identification:_identify(Camera/Data) by extensions ['cmake', 'python']
[0.263s] Level 1:colcon.colcon_core.package_identification:_identify(Camera/Data) by extension 'cmake'
[0.263s] Level 1:colcon.colcon_core.package_identification:_identify(Camera/Data) by extension 'python'
[0.263s] Level 1:colcon.colcon_core.package_identification:_identify(Camera/Data) by extensions ['python_setup_py']
[0.263s] Level 1:colcon.colcon_core.package_identification:_identify(Camera/Data) by extension 'python_setup_py'
[0.263s] Level 1:colcon.colcon_core.package_identification:_identify(Camera/log) by extensions ['ignore', 'ignore_ament_install']
[0.263s] Level 1:colcon.colcon_core.package_identification:_identify(Camera/log) by extension 'ignore'
[0.263s] Level 1:colcon.colcon_core.package_identification:_identify(Camera/log) by extension 'ignore_ament_install'
[0.263s] Level 1:colcon.colcon_core.package_identification:_identify(Camera/log) by extensions ['colcon_pkg']
[0.263s] Level 1:colcon.colcon_core.package_identification:_identify(Camera/log) by extension 'colcon_pkg'
[0.263s] Level 1:colcon.colcon_core.package_identification:_identify(Camera/log) by extensions ['colcon_meta']
[0.263s] Level 1:colcon.colcon_core.package_identification:_identify(Camera/log) by extension 'colcon_meta'
[0.263s] Level 1:colcon.colcon_core.package_identification:_identify(Camera/log) by extensions ['ros']
[0.263s] Level 1:colcon.colcon_core.package_identification:_identify(Camera/log) by extension 'ros'
[0.263s] Level 1:colcon.colcon_core.package_identification:_identify(Camera/log) by extensions ['cmake', 'python']
[0.263s] Level 1:colcon.colcon_core.package_identification:_identify(Camera/log) by extension 'cmake'
[0.263s] Level 1:colcon.colcon_core.package_identification:_identify(Camera/log) by extension 'python'
[0.263s] Level 1:colcon.colcon_core.package_identification:_identify(Camera/log) by extensions ['python_setup_py']
[0.263s] Level 1:colcon.colcon_core.package_identification:_identify(Camera/log) by extension 'python_setup_py'
[0.263s] Level 1:colcon.colcon_core.package_identification:_identify(build) by extensions ['ignore', 'ignore_ament_install']
[0.263s] Level 1:colcon.colcon_core.package_identification:_identify(build) by extension 'ignore'
[0.263s] Level 1:colcon.colcon_core.package_identification:_identify(build) ignored
[0.263s] Level 1:colcon.colcon_core.package_identification:_identify(install) by extensions ['ignore', 'ignore_ament_install']
[0.263s] Level 1:colcon.colcon_core.package_identification:_identify(install) by extension 'ignore'
[0.263s] Level 1:colcon.colcon_core.package_identification:_identify(install) ignored
[0.264s] Level 1:colcon.colcon_core.package_identification:_identify(log) by extensions ['ignore', 'ignore_ament_install']
[0.264s] Level 1:colcon.colcon_core.package_identification:_identify(log) by extension 'ignore'
[0.264s] Level 1:colcon.colcon_core.package_identification:_identify(log) ignored
[0.264s] Level 1:colcon.colcon_core.package_identification:_identify(src) by extensions ['ignore', 'ignore_ament_install']
[0.264s] Level 1:colcon.colcon_core.package_identification:_identify(src) by extension 'ignore'
[0.264s] Level 1:colcon.colcon_core.package_identification:_identify(src) by extension 'ignore_ament_install'
[0.264s] Level 1:colcon.colcon_core.package_identification:_identify(src) by extensions ['colcon_pkg']
[0.264s] Level 1:colcon.colcon_core.package_identification:_identify(src) by extension 'colcon_pkg'
[0.264s] Level 1:colcon.colcon_core.package_identification:_identify(src) by extensions ['colcon_meta']
[0.264s] Level 1:colcon.colcon_core.package_identification:_identify(src) by extension 'colcon_meta'
[0.264s] Level 1:colcon.colcon_core.package_identification:_identify(src) by extensions ['ros']
[0.264s] Level 1:colcon.colcon_core.package_identification:_identify(src) by extension 'ros'
[0.264s] Level 1:colcon.colcon_core.package_identification:_identify(src) by extensions ['cmake', 'python']
[0.264s] Level 1:colcon.colcon_core.package_identification:_identify(src) by extension 'cmake'
[0.264s] Level 1:colcon.colcon_core.package_identification:_identify(src) by extension 'python'
[0.264s] Level 1:colcon.colcon_core.package_identification:_identify(src) by extensions ['python_setup_py']
[0.264s] Level 1:colcon.colcon_core.package_identification:_identify(src) by extension 'python_setup_py'
[0.264s] Level 1:colcon.colcon_core.package_identification:_identify(src/bringup) by extensions ['ignore', 'ignore_ament_install']
[0.264s] Level 1:colcon.colcon_core.package_identification:_identify(src/bringup) by extension 'ignore'
[0.264s] Level 1:colcon.colcon_core.package_identification:_identify(src/bringup) by extension 'ignore_ament_install'
[0.264s] Level 1:colcon.colcon_core.package_identification:_identify(src/bringup) by extensions ['colcon_pkg']
[0.264s] Level 1:colcon.colcon_core.package_identification:_identify(src/bringup) by extension 'colcon_pkg'
[0.264s] Level 1:colcon.colcon_core.package_identification:_identify(src/bringup) by extensions ['colcon_meta']
[0.264s] Level 1:colcon.colcon_core.package_identification:_identify(src/bringup) by extension 'colcon_meta'
[0.264s] Level 1:colcon.colcon_core.package_identification:_identify(src/bringup) by extensions ['ros']
[0.264s] Level 1:colcon.colcon_core.package_identification:_identify(src/bringup) by extension 'ros'
[0.266s] DEBUG:colcon.colcon_core.package_identification:Package 'src/bringup' with type 'ros.ament_cmake' and name 'bringup'
[0.266s] Level 1:colcon.colcon_core.package_identification:_identify(src/img_processing) by extensions ['ignore', 'ignore_ament_install']
[0.266s] Level 1:colcon.colcon_core.package_identification:_identify(src/img_processing) by extension 'ignore'
[0.266s] Level 1:colcon.colcon_core.package_identification:_identify(src/img_processing) by extension 'ignore_ament_install'
[0.266s] Level 1:colcon.colcon_core.package_identification:_identify(src/img_processing) by extensions ['colcon_pkg']
[0.266s] Level 1:colcon.colcon_core.package_identification:_identify(src/img_processing) by extension 'colcon_pkg'
[0.266s] Level 1:colcon.colcon_core.package_identification:_identify(src/img_processing) by extensions ['colcon_meta']
[0.266s] Level 1:colcon.colcon_core.package_identification:_identify(src/img_processing) by extension 'colcon_meta'
[0.266s] Level 1:colcon.colcon_core.package_identification:_identify(src/img_processing) by extensions ['ros']
[0.266s] Level 1:colcon.colcon_core.package_identification:_identify(src/img_processing) by extension 'ros'
[0.267s] DEBUG:colcon.colcon_core.package_identification:Package 'src/img_processing' with type 'ros.ament_cmake' and name 'img_processing'
[0.267s] Level 1:colcon.colcon_core.package_identification:_identify(src/my_mindvision_camera) by extensions ['ignore', 'ignore_ament_install']
[0.267s] Level 1:colcon.colcon_core.package_identification:_identify(src/my_mindvision_camera) by extension 'ignore'
[0.267s] Level 1:colcon.colcon_core.package_identification:_identify(src/my_mindvision_camera) by extension 'ignore_ament_install'
[0.267s] Level 1:colcon.colcon_core.package_identification:_identify(src/my_mindvision_camera) by extensions ['colcon_pkg']
[0.267s] Level 1:colcon.colcon_core.package_identification:_identify(src/my_mindvision_camera) by extension 'colcon_pkg'
[0.267s] Level 1:colcon.colcon_core.package_identification:_identify(src/my_mindvision_camera) by extensions ['colcon_meta']
[0.267s] Level 1:colcon.colcon_core.package_identification:_identify(src/my_mindvision_camera) by extension 'colcon_meta'
[0.267s] Level 1:colcon.colcon_core.package_identification:_identify(src/my_mindvision_camera) by extensions ['ros']
[0.267s] Level 1:colcon.colcon_core.package_identification:_identify(src/my_mindvision_camera) by extension 'ros'
[0.268s] DEBUG:colcon.colcon_core.package_identification:Package 'src/my_mindvision_camera' with type 'ros.ament_cmake' and name 'my_mindvision_camera'
[0.268s] Level 1:colcon.colcon_core.package_identification:_identify(src/test) by extensions ['ignore', 'ignore_ament_install']
[0.268s] Level 1:colcon.colcon_core.package_identification:_identify(src/test) by extension 'ignore'
[0.268s] Level 1:colcon.colcon_core.package_identification:_identify(src/test) by extension 'ignore_ament_install'
[0.268s] Level 1:colcon.colcon_core.package_identification:_identify(src/test) by extensions ['colcon_pkg']
[0.268s] Level 1:colcon.colcon_core.package_identification:_identify(src/test) by extension 'colcon_pkg'
[0.268s] Level 1:colcon.colcon_core.package_identification:_identify(src/test) by extensions ['colcon_meta']
[0.268s] Level 1:colcon.colcon_core.package_identification:_identify(src/test) by extension 'colcon_meta'
[0.268s] Level 1:colcon.colcon_core.package_identification:_identify(src/test) by extensions ['ros']
[0.268s] Level 1:colcon.colcon_core.package_identification:_identify(src/test) by extension 'ros'
[0.269s] DEBUG:colcon.colcon_core.package_identification:Package 'src/test' with type 'ros.ament_cmake' and name 'test'
[0.269s] Level 1:colcon.colcon_core.package_discovery:discover_packages(recursive) using defaults
[0.269s] Level 1:colcon.colcon_core.package_discovery:discover_packages(ignore) discover
[0.269s] Level 1:colcon.colcon_core.package_discovery:discover_packages(ignore) using defaults
[0.269s] Level 1:colcon.colcon_core.package_discovery:discover_packages(path) discover
[0.269s] Level 1:colcon.colcon_core.package_discovery:discover_packages(path) using defaults
[0.286s] Level 1:colcon.colcon_core.package_discovery:discover_packages(prefix_path) check parameters
[0.286s] Level 1:colcon.colcon_core.package_discovery:discover_packages(prefix_path) discover
[0.288s] DEBUG:colcon.colcon_installed_package_information.package_discovery:Found 1 installed packages in /home/cly/ros2_ws/install
[0.288s] DEBUG:colcon.colcon_installed_package_information.package_discovery:Found 284 installed packages in /opt/ros/humble
[0.296s] Level 1:colcon.colcon_core.package_discovery:discover_packages(prefix_path) using defaults
[0.317s] Level 5:colcon.colcon_core.verb:set package 'bringup' build argument 'cmake_args' from command line to 'None'
[0.317s] Level 5:colcon.colcon_core.verb:set package 'bringup' build argument 'cmake_target' from command line to 'None'
[0.317s] Level 5:colcon.colcon_core.verb:set package 'bringup' build argument 'cmake_target_skip_unavailable' from command line to 'False'
[0.317s] Level 5:colcon.colcon_core.verb:set package 'bringup' build argument 'cmake_clean_cache' from command line to 'False'
[0.317s] Level 5:colcon.colcon_core.verb:set package 'bringup' build argument 'cmake_clean_first' from command line to 'False'
[0.317s] Level 5:colcon.colcon_core.verb:set package 'bringup' build argument 'cmake_force_configure' from command line to 'False'
[0.317s] Level 5:colcon.colcon_core.verb:set package 'bringup' build argument 'ament_cmake_args' from command line to 'None'
[0.317s] Level 5:colcon.colcon_core.verb:set package 'bringup' build argument 'catkin_cmake_args' from command line to 'None'
[0.317s] Level 5:colcon.colcon_core.verb:set package 'bringup' build argument 'catkin_skip_building_tests' from command line to 'False'
[0.317s] DEBUG:colcon.colcon_core.verb:Building package 'bringup' with the following arguments: {'ament_cmake_args': None, 'build_base': '/home/cly/project/build/bringup', 'catkin_cmake_args': None, 'catkin_skip_building_tests': False, 'cmake_args': None, 'cmake_clean_cache': False, 'cmake_clean_first': False, 'cmake_force_configure': False, 'cmake_target': None, 'cmake_target_skip_unavailable': False, 'install_base': '/home/cly/project/install/bringup', 'merge_install': False, 'path': '/home/cly/project/src/bringup', 'symlink_install': False, 'test_result_base': None}
[0.317s] Level 5:colcon.colcon_core.verb:set package 'img_processing' build argument 'cmake_args' from command line to 'None'
[0.317s] Level 5:colcon.colcon_core.verb:set package 'img_processing' build argument 'cmake_target' from command line to 'None'
[0.317s] Level 5:colcon.colcon_core.verb:set package 'img_processing' build argument 'cmake_target_skip_unavailable' from command line to 'False'
[0.317s] Level 5:colcon.colcon_core.verb:set package 'img_processing' build argument 'cmake_clean_cache' from command line to 'False'
[0.317s] Level 5:colcon.colcon_core.verb:set package 'img_processing' build argument 'cmake_clean_first' from command line to 'False'
[0.317s] Level 5:colcon.colcon_core.verb:set package 'img_processing' build argument 'cmake_force_configure' from command line to 'False'
[0.317s] Level 5:colcon.colcon_core.verb:set package 'img_processing' build argument 'ament_cmake_args' from command line to 'None'
[0.317s] Level 5:colcon.colcon_core.verb:set package 'img_processing' build argument 'catkin_cmake_args' from command line to 'None'
[0.317s] Level 5:colcon.colcon_core.verb:set package 'img_processing' build argument 'catkin_skip_building_tests' from command line to 'False'
[0.317s] DEBUG:colcon.colcon_core.verb:Building package 'img_processing' with the following arguments: {'ament_cmake_args': None, 'build_base': '/home/cly/project/build/img_processing', 'catkin_cmake_args': None, 'catkin_skip_building_tests': False, 'cmake_args': None, 'cmake_clean_cache': False, 'cmake_clean_first': False, 'cmake_force_configure': False, 'cmake_target': None, 'cmake_target_skip_unavailable': False, 'install_base': '/home/cly/project/install/img_processing', 'merge_install': False, 'path': '/home/cly/project/src/img_processing', 'symlink_install': False, 'test_result_base': None}
[0.318s] Level 5:colcon.colcon_core.verb:set package 'my_mindvision_camera' build argument 'cmake_args' from command line to 'None'
[0.318s] Level 5:colcon.colcon_core.verb:set package 'my_mindvision_camera' build argument 'cmake_target' from command line to 'None'
[0.318s] Level 5:colcon.colcon_core.verb:set package 'my_mindvision_camera' build argument 'cmake_target_skip_unavailable' from command line to 'False'
[0.318s] Level 5:colcon.colcon_core.verb:set package 'my_mindvision_camera' build argument 'cmake_clean_cache' from command line to 'False'
[0.318s] Level 5:colcon.colcon_core.verb:set package 'my_mindvision_camera' build argument 'cmake_clean_first' from command line to 'False'
[0.318s] Level 5:colcon.colcon_core.verb:set package 'my_mindvision_camera' build argument 'cmake_force_configure' from command line to 'False'
[0.318s] Level 5:colcon.colcon_core.verb:set package 'my_mindvision_camera' build argument 'ament_cmake_args' from command line to 'None'
[0.318s] Level 5:colcon.colcon_core.verb:set package 'my_mindvision_camera' build argument 'catkin_cmake_args' from command line to 'None'
[0.318s] Level 5:colcon.colcon_core.verb:set package 'my_mindvision_camera' build argument 'catkin_skip_building_tests' from command line to 'False'
[0.318s] DEBUG:colcon.colcon_core.verb:Building package 'my_mindvision_camera' with the following arguments: {'ament_cmake_args': None, 'build_base': '/home/cly/project/build/my_mindvision_camera', 'catkin_cmake_args': None, 'catkin_skip_building_tests': False, 'cmake_args': None, 'cmake_clean_cache': False, 'cmake_clean_first': False, 'cmake_force_configure': False, 'cmake_target': None, 'cmake_target_skip_unavailable': False, 'install_base': '/home/cly/project/install/my_mindvision_camera', 'merge_install': False, 'path': '/home/cly/project/src/my_mindvision_camera', 'symlink_install': False, 'test_result_base': None}
[0.318s] Level 5:colcon.colcon_core.verb:set package 'test' build argument 'cmake_args' from command line to 'None'
[0.318s] Level 5:colcon.colcon_core.verb:set package 'test' build argument 'cmake_target' from command line to 'None'
[0.318s] Level 5:colcon.colcon_core.verb:set package 'test' build argument 'cmake_target_skip_unavailable' from command line to 'False'
[0.318s] Level 5:colcon.colcon_core.verb:set package 'test' build argument 'cmake_clean_cache' from command line to 'False'
[0.318s] Level 5:colcon.colcon_core.verb:set package 'test' build argument 'cmake_clean_first' from command line to 'False'
[0.318s] Level 5:colcon.colcon_core.verb:set package 'test' build argument 'cmake_force_configure' from command line to 'False'
[0.318s] Level 5:colcon.colcon_core.verb:set package 'test' build argument 'ament_cmake_args' from command line to 'None'
[0.318s] Level 5:colcon.colcon_core.verb:set package 'test' build argument 'catkin_cmake_args' from command line to 'None'
[0.318s] Level 5:colcon.colcon_core.verb:set package 'test' build argument 'catkin_skip_building_tests' from command line to 'False'
[0.318s] DEBUG:colcon.colcon_core.verb:Building package 'test' with the following arguments: {'ament_cmake_args': None, 'build_base': '/home/cly/project/build/test', 'catkin_cmake_args': None, 'catkin_skip_building_tests': False, 'cmake_args': None, 'cmake_clean_cache': False, 'cmake_clean_first': False, 'cmake_force_configure': False, 'cmake_target': None, 'cmake_target_skip_unavailable': False, 'install_base': '/home/cly/project/install/test', 'merge_install': False, 'path': '/home/cly/project/src/test', 'symlink_install': False, 'test_result_base': None}
[0.318s] INFO:colcon.colcon_core.executor:Executing jobs using 'parallel' executor
[0.319s] DEBUG:colcon.colcon_parallel_executor.executor.parallel:run_until_complete
[0.319s] INFO:colcon.colcon_ros.task.ament_cmake.build:Building ROS package in '/home/cly/project/src/bringup' with build type 'ament_cmake'
[0.319s] INFO:colcon.colcon_cmake.task.cmake.build:Building CMake package in '/home/cly/project/src/bringup'
[0.322s] INFO:colcon.colcon_core.plugin_system:Skipping extension 'colcon_core.shell.bat': Not used on non-Windows systems
[0.322s] INFO:colcon.colcon_core.shell:Skip shell extension 'powershell' for command environment: Not usable outside of PowerShell
[0.322s] DEBUG:colcon.colcon_core.shell:Skip shell extension 'dsv' for command environment
[0.324s] INFO:colcon.colcon_ros.task.ament_cmake.build:Building ROS package in '/home/cly/project/src/img_processing' with build type 'ament_cmake'
[0.324s] INFO:colcon.colcon_cmake.task.cmake.build:Building CMake package in '/home/cly/project/src/img_processing'
[0.324s] INFO:colcon.colcon_core.shell:Skip shell extension 'powershell' for command environment: Not usable outside of PowerShell
[0.324s] DEBUG:colcon.colcon_core.shell:Skip shell extension 'dsv' for command environment
[0.326s] INFO:colcon.colcon_ros.task.ament_cmake.build:Building ROS package in '/home/cly/project/src/my_mindvision_camera' with build type 'ament_cmake'
[0.326s] INFO:colcon.colcon_cmake.task.cmake.build:Building CMake package in '/home/cly/project/src/my_mindvision_camera'
[0.326s] INFO:colcon.colcon_core.shell:Skip shell extension 'powershell' for command environment: Not usable outside of PowerShell
[0.326s] DEBUG:colcon.colcon_core.shell:Skip shell extension 'dsv' for command environment
[0.327s] INFO:colcon.colcon_ros.task.ament_cmake.build:Building ROS package in '/home/cly/project/src/test' with build type 'ament_cmake'
[0.327s] INFO:colcon.colcon_cmake.task.cmake.build:Building CMake package in '/home/cly/project/src/test'
[0.328s] INFO:colcon.colcon_core.shell:Skip shell extension 'powershell' for command environment: Not usable outside of PowerShell
[0.328s] DEBUG:colcon.colcon_core.shell:Skip shell extension 'dsv' for command environment
[0.333s] DEBUG:colcon.colcon_core.event_handler.log_command:Invoking command in '/home/cly/project/build/bringup': CMAKE_PREFIX_PATH=/home/cly/ros2_ws/install/test_pkg:/opt/ros/humble /usr/bin/cmake --build /home/cly/project/build/bringup -- -j18 -l18
[0.335s] DEBUG:colcon.colcon_core.event_handler.log_command:Invoking command in '/home/cly/project/build/img_processing': CMAKE_PREFIX_PATH=/home/cly/ros2_ws/install/test_pkg:/opt/ros/humble /usr/bin/cmake --build /home/cly/project/build/img_processing -- -j18 -l18
[0.337s] DEBUG:colcon.colcon_core.event_handler.log_command:Invoking command in '/home/cly/project/build/my_mindvision_camera': CMAKE_PREFIX_PATH=/home/cly/ros2_ws/install/test_pkg:/opt/ros/humble /usr/bin/cmake --build /home/cly/project/build/my_mindvision_camera -- -j18 -l18
[0.341s] DEBUG:colcon.colcon_core.event_handler.log_command:Invoking command in '/home/cly/project/build/test': CMAKE_PREFIX_PATH=/home/cly/ros2_ws/install/test_pkg:/opt/ros/humble /usr/bin/cmake --build /home/cly/project/build/test -- -j18 -l18
[0.359s] DEBUG:colcon.colcon_core.event_handler.log_command:Invoked command in '/home/cly/project/build/bringup' returned '0': CMAKE_PREFIX_PATH=/home/cly/ros2_ws/install/test_pkg:/opt/ros/humble /usr/bin/cmake --build /home/cly/project/build/bringup -- -j18 -l18
[0.366s] DEBUG:colcon.colcon_core.event_handler.log_command:Invoking command in '/home/cly/project/build/bringup': CMAKE_PREFIX_PATH=/home/cly/ros2_ws/install/test_pkg:/opt/ros/humble /usr/bin/cmake --install /home/cly/project/build/bringup
[0.373s] Level 1:colcon.colcon_core.environment:create_environment_scripts_only(bringup)
[0.376s] DEBUG:colcon.colcon_core.event_handler.log_command:Invoked command in '/home/cly/project/build/bringup' returned '0': CMAKE_PREFIX_PATH=/home/cly/ros2_ws/install/test_pkg:/opt/ros/humble /usr/bin/cmake --install /home/cly/project/build/bringup
[0.380s] Level 1:colcon.colcon_core.environment:checking '/home/cly/project/install/bringup' for CMake module files
[0.380s] Level 1:colcon.colcon_core.environment:checking '/home/cly/project/install/bringup' for CMake config files
[0.380s] Level 1:colcon.colcon_core.shell:create_environment_hook('bringup', 'cmake_prefix_path')
[0.380s] INFO:colcon.colcon_core.shell:Creating environment hook '/home/cly/project/install/bringup/share/bringup/hook/cmake_prefix_path.ps1'
[0.381s] INFO:colcon.colcon_core.shell:Creating environment descriptor '/home/cly/project/install/bringup/share/bringup/hook/cmake_prefix_path.dsv'
[0.381s] INFO:colcon.colcon_core.shell:Creating environment hook '/home/cly/project/install/bringup/share/bringup/hook/cmake_prefix_path.sh'
[0.382s] Level 1:colcon.colcon_core.environment:checking '/home/cly/project/install/bringup/bin'
[0.382s] Level 1:colcon.colcon_core.environment:checking '/home/cly/project/install/bringup/lib/pkgconfig/bringup.pc'
[0.382s] Level 1:colcon.colcon_core.environment:checking '/home/cly/project/install/bringup/lib/python3.10/site-packages'
[0.382s] Level 1:colcon.colcon_core.environment:checking '/home/cly/project/install/bringup/bin'
[0.383s] INFO:colcon.colcon_core.shell:Creating package script '/home/cly/project/install/bringup/share/bringup/package.ps1'
[0.384s] INFO:colcon.colcon_core.shell:Creating package descriptor '/home/cly/project/install/bringup/share/bringup/package.dsv'
[0.384s] INFO:colcon.colcon_core.shell:Creating package script '/home/cly/project/install/bringup/share/bringup/package.sh'
[0.384s] INFO:colcon.colcon_core.shell:Creating package script '/home/cly/project/install/bringup/share/bringup/package.bash'
[0.385s] INFO:colcon.colcon_core.shell:Creating package script '/home/cly/project/install/bringup/share/bringup/package.zsh'
[0.386s] Level 1:colcon.colcon_core.environment:create_file_with_runtime_dependencies(/home/cly/project/install/bringup/share/colcon-core/packages/bringup)
[0.386s] Level 1:colcon.colcon_core.environment:create_environment_scripts_only(bringup)
[0.386s] Level 1:colcon.colcon_core.environment:checking '/home/cly/project/install/bringup' for CMake module files
[0.387s] Level 1:colcon.colcon_core.environment:checking '/home/cly/project/install/bringup' for CMake config files
[0.387s] Level 1:colcon.colcon_core.shell:create_environment_hook('bringup', 'cmake_prefix_path')
[0.387s] INFO:colcon.colcon_core.shell:Creating environment hook '/home/cly/project/install/bringup/share/bringup/hook/cmake_prefix_path.ps1'
[0.387s] INFO:colcon.colcon_core.shell:Creating environment descriptor '/home/cly/project/install/bringup/share/bringup/hook/cmake_prefix_path.dsv'
[0.387s] INFO:colcon.colcon_core.shell:Creating environment hook '/home/cly/project/install/bringup/share/bringup/hook/cmake_prefix_path.sh'
[0.388s] Level 1:colcon.colcon_core.environment:checking '/home/cly/project/install/bringup/bin'
[0.388s] Level 1:colcon.colcon_core.environment:checking '/home/cly/project/install/bringup/lib/pkgconfig/bringup.pc'
[0.388s] Level 1:colcon.colcon_core.environment:checking '/home/cly/project/install/bringup/lib/python3.10/site-packages'
[0.388s] Level 1:colcon.colcon_core.environment:checking '/home/cly/project/install/bringup/bin'
[0.388s] INFO:colcon.colcon_core.shell:Creating package script '/home/cly/project/install/bringup/share/bringup/package.ps1'
[0.388s] INFO:colcon.colcon_core.shell:Creating package descriptor '/home/cly/project/install/bringup/share/bringup/package.dsv'
[0.389s] INFO:colcon.colcon_core.shell:Creating package script '/home/cly/project/install/bringup/share/bringup/package.sh'
[0.389s] INFO:colcon.colcon_core.shell:Creating package script '/home/cly/project/install/bringup/share/bringup/package.bash'
[0.389s] INFO:colcon.colcon_core.shell:Creating package script '/home/cly/project/install/bringup/share/bringup/package.zsh'
[0.389s] Level 1:colcon.colcon_core.environment:create_file_with_runtime_dependencies(/home/cly/project/install/bringup/share/colcon-core/packages/bringup)
[0.391s] DEBUG:colcon.colcon_core.event_handler.log_command:Invoked command in '/home/cly/project/build/test' returned '0': CMAKE_PREFIX_PATH=/home/cly/ros2_ws/install/test_pkg:/opt/ros/humble /usr/bin/cmake --build /home/cly/project/build/test -- -j18 -l18
[0.392s] DEBUG:colcon.colcon_core.event_handler.log_command:Invoking command in '/home/cly/project/build/test': CMAKE_PREFIX_PATH=/home/cly/ros2_ws/install/test_pkg:/opt/ros/humble /usr/bin/cmake --install /home/cly/project/build/test
[0.393s] DEBUG:colcon.colcon_core.event_handler.log_command:Invoked command in '/home/cly/project/build/my_mindvision_camera' returned '0': CMAKE_PREFIX_PATH=/home/cly/ros2_ws/install/test_pkg:/opt/ros/humble /usr/bin/cmake --build /home/cly/project/build/my_mindvision_camera -- -j18 -l18
[0.394s] DEBUG:colcon.colcon_core.event_handler.log_command:Invoking command in '/home/cly/project/build/my_mindvision_camera': CMAKE_PREFIX_PATH=/home/cly/ros2_ws/install/test_pkg:/opt/ros/humble /usr/bin/cmake --install /home/cly/project/build/my_mindvision_camera
[0.399s] Level 1:colcon.colcon_core.environment:create_environment_scripts_only(test)
[0.399s] Level 1:colcon.colcon_core.environment:checking '/home/cly/project/install/test' for CMake module files
[0.399s] DEBUG:colcon.colcon_core.event_handler.log_command:Invoked command in '/home/cly/project/build/test' returned '0': CMAKE_PREFIX_PATH=/home/cly/ros2_ws/install/test_pkg:/opt/ros/humble /usr/bin/cmake --install /home/cly/project/build/test
[0.401s] Level 1:colcon.colcon_core.environment:checking '/home/cly/project/install/test' for CMake config files
[0.401s] Level 1:colcon.colcon_core.shell:create_environment_hook('test', 'cmake_prefix_path')
[0.401s] INFO:colcon.colcon_core.shell:Creating environment hook '/home/cly/project/install/test/share/test/hook/cmake_prefix_path.ps1'
[0.401s] INFO:colcon.colcon_core.shell:Creating environment descriptor '/home/cly/project/install/test/share/test/hook/cmake_prefix_path.dsv'
[0.401s] INFO:colcon.colcon_core.shell:Creating environment hook '/home/cly/project/install/test/share/test/hook/cmake_prefix_path.sh'
[0.402s] Level 1:colcon.colcon_core.environment:checking '/home/cly/project/install/test/lib'
[0.402s] Level 1:colcon.colcon_core.environment:checking '/home/cly/project/install/test/bin'
[0.402s] Level 1:colcon.colcon_core.environment:checking '/home/cly/project/install/test/lib/pkgconfig/test.pc'
[0.402s] Level 1:colcon.colcon_core.environment:checking '/home/cly/project/install/test/lib/python3.10/site-packages'
[0.402s] Level 1:colcon.colcon_core.environment:checking '/home/cly/project/install/test/bin'
[0.403s] INFO:colcon.colcon_core.shell:Creating package script '/home/cly/project/install/test/share/test/package.ps1'
[0.403s] INFO:colcon.colcon_core.shell:Creating package descriptor '/home/cly/project/install/test/share/test/package.dsv'
[0.403s] INFO:colcon.colcon_core.shell:Creating package script '/home/cly/project/install/test/share/test/package.sh'
[0.403s] INFO:colcon.colcon_core.shell:Creating package script '/home/cly/project/install/test/share/test/package.bash'
[0.403s] INFO:colcon.colcon_core.shell:Creating package script '/home/cly/project/install/test/share/test/package.zsh'
[0.404s] Level 1:colcon.colcon_core.environment:create_file_with_runtime_dependencies(/home/cly/project/install/test/share/colcon-core/packages/test)
[0.404s] Level 1:colcon.colcon_core.environment:create_environment_scripts_only(test)
[0.404s] Level 1:colcon.colcon_core.environment:checking '/home/cly/project/install/test' for CMake module files
[0.405s] Level 1:colcon.colcon_core.environment:checking '/home/cly/project/install/test' for CMake config files
[0.405s] Level 1:colcon.colcon_core.shell:create_environment_hook('test', 'cmake_prefix_path')
[0.405s] INFO:colcon.colcon_core.shell:Creating environment hook '/home/cly/project/install/test/share/test/hook/cmake_prefix_path.ps1'
[0.405s] INFO:colcon.colcon_core.shell:Creating environment descriptor '/home/cly/project/install/test/share/test/hook/cmake_prefix_path.dsv'
[0.405s] INFO:colcon.colcon_core.shell:Creating environment hook '/home/cly/project/install/test/share/test/hook/cmake_prefix_path.sh'
[0.406s] Level 1:colcon.colcon_core.environment:checking '/home/cly/project/install/test/lib'
[0.406s] Level 1:colcon.colcon_core.environment:checking '/home/cly/project/install/test/bin'
[0.406s] Level 1:colcon.colcon_core.environment:checking '/home/cly/project/install/test/lib/pkgconfig/test.pc'
[0.406s] Level 1:colcon.colcon_core.environment:checking '/home/cly/project/install/test/lib/python3.10/site-packages'
[0.406s] Level 1:colcon.colcon_core.environment:checking '/home/cly/project/install/test/bin'
[0.406s] INFO:colcon.colcon_core.shell:Creating package script '/home/cly/project/install/test/share/test/package.ps1'
[0.406s] INFO:colcon.colcon_core.shell:Creating package descriptor '/home/cly/project/install/test/share/test/package.dsv'
[0.407s] INFO:colcon.colcon_core.shell:Creating package script '/home/cly/project/install/test/share/test/package.sh'
[0.407s] INFO:colcon.colcon_core.shell:Creating package script '/home/cly/project/install/test/share/test/package.bash'
[0.407s] INFO:colcon.colcon_core.shell:Creating package script '/home/cly/project/install/test/share/test/package.zsh'
[0.407s] Level 1:colcon.colcon_core.environment:create_file_with_runtime_dependencies(/home/cly/project/install/test/share/colcon-core/packages/test)
[0.408s] Level 1:colcon.colcon_core.environment:create_environment_scripts_only(my_mindvision_camera)
[0.408s] Level 1:colcon.colcon_core.environment:checking '/home/cly/project/install/my_mindvision_camera' for CMake module files
[0.409s] DEBUG:colcon.colcon_core.event_handler.log_command:Invoked command in '/home/cly/project/build/my_mindvision_camera' returned '0': CMAKE_PREFIX_PATH=/home/cly/ros2_ws/install/test_pkg:/opt/ros/humble /usr/bin/cmake --install /home/cly/project/build/my_mindvision_camera
[0.409s] Level 1:colcon.colcon_core.environment:checking '/home/cly/project/install/my_mindvision_camera' for CMake config files
[0.409s] Level 1:colcon.colcon_core.shell:create_environment_hook('my_mindvision_camera', 'cmake_prefix_path')
[0.409s] INFO:colcon.colcon_core.shell:Creating environment hook '/home/cly/project/install/my_mindvision_camera/share/my_mindvision_camera/hook/cmake_prefix_path.ps1'
[0.409s] INFO:colcon.colcon_core.shell:Creating environment descriptor '/home/cly/project/install/my_mindvision_camera/share/my_mindvision_camera/hook/cmake_prefix_path.dsv'
[0.409s] INFO:colcon.colcon_core.shell:Creating environment hook '/home/cly/project/install/my_mindvision_camera/share/my_mindvision_camera/hook/cmake_prefix_path.sh'
[0.410s] Level 1:colcon.colcon_core.environment:checking '/home/cly/project/install/my_mindvision_camera/lib'
[0.410s] Level 1:colcon.colcon_core.shell:create_environment_hook('my_mindvision_camera', 'ld_library_path_lib')
[0.410s] INFO:colcon.colcon_core.shell:Creating environment hook '/home/cly/project/install/my_mindvision_camera/share/my_mindvision_camera/hook/ld_library_path_lib.ps1'
[0.410s] INFO:colcon.colcon_core.shell:Creating environment descriptor '/home/cly/project/install/my_mindvision_camera/share/my_mindvision_camera/hook/ld_library_path_lib.dsv'
[0.410s] INFO:colcon.colcon_core.shell:Creating environment hook '/home/cly/project/install/my_mindvision_camera/share/my_mindvision_camera/hook/ld_library_path_lib.sh'
[0.410s] Level 1:colcon.colcon_core.environment:checking '/home/cly/project/install/my_mindvision_camera/bin'
[0.411s] Level 1:colcon.colcon_core.environment:checking '/home/cly/project/install/my_mindvision_camera/lib/pkgconfig/my_mindvision_camera.pc'
[0.411s] Level 1:colcon.colcon_core.environment:checking '/home/cly/project/install/my_mindvision_camera/lib/python3.10/site-packages'
[0.411s] Level 1:colcon.colcon_core.environment:checking '/home/cly/project/install/my_mindvision_camera/bin'
[0.411s] INFO:colcon.colcon_core.shell:Creating package script '/home/cly/project/install/my_mindvision_camera/share/my_mindvision_camera/package.ps1'
[0.411s] INFO:colcon.colcon_core.shell:Creating package descriptor '/home/cly/project/install/my_mindvision_camera/share/my_mindvision_camera/package.dsv'
[0.412s] INFO:colcon.colcon_core.shell:Creating package script '/home/cly/project/install/my_mindvision_camera/share/my_mindvision_camera/package.sh'
[0.412s] INFO:colcon.colcon_core.shell:Creating package script '/home/cly/project/install/my_mindvision_camera/share/my_mindvision_camera/package.bash'
[0.413s] INFO:colcon.colcon_core.shell:Creating package script '/home/cly/project/install/my_mindvision_camera/share/my_mindvision_camera/package.zsh'
[0.413s] Level 1:colcon.colcon_core.environment:create_file_with_runtime_dependencies(/home/cly/project/install/my_mindvision_camera/share/colcon-core/packages/my_mindvision_camera)
[0.414s] Level 1:colcon.colcon_core.environment:create_environment_scripts_only(my_mindvision_camera)
[0.415s] Level 1:colcon.colcon_core.environment:checking '/home/cly/project/install/my_mindvision_camera' for CMake module files
[0.415s] Level 1:colcon.colcon_core.environment:checking '/home/cly/project/install/my_mindvision_camera' for CMake config files
[0.415s] Level 1:colcon.colcon_core.shell:create_environment_hook('my_mindvision_camera', 'cmake_prefix_path')
[0.416s] INFO:colcon.colcon_core.shell:Creating environment hook '/home/cly/project/install/my_mindvision_camera/share/my_mindvision_camera/hook/cmake_prefix_path.ps1'
[0.416s] INFO:colcon.colcon_core.shell:Creating environment descriptor '/home/cly/project/install/my_mindvision_camera/share/my_mindvision_camera/hook/cmake_prefix_path.dsv'
[0.416s] INFO:colcon.colcon_core.shell:Creating environment hook '/home/cly/project/install/my_mindvision_camera/share/my_mindvision_camera/hook/cmake_prefix_path.sh'
[0.417s] Level 1:colcon.colcon_core.environment:checking '/home/cly/project/install/my_mindvision_camera/lib'
[0.417s] Level 1:colcon.colcon_core.shell:create_environment_hook('my_mindvision_camera', 'ld_library_path_lib')
[0.417s] INFO:colcon.colcon_core.shell:Creating environment hook '/home/cly/project/install/my_mindvision_camera/share/my_mindvision_camera/hook/ld_library_path_lib.ps1'
[0.418s] INFO:colcon.colcon_core.shell:Creating environment descriptor '/home/cly/project/install/my_mindvision_camera/share/my_mindvision_camera/hook/ld_library_path_lib.dsv'
[0.418s] INFO:colcon.colcon_core.shell:Creating environment hook '/home/cly/project/install/my_mindvision_camera/share/my_mindvision_camera/hook/ld_library_path_lib.sh'
[0.418s] Level 1:colcon.colcon_core.environment:checking '/home/cly/project/install/my_mindvision_camera/bin'
[0.418s] Level 1:colcon.colcon_core.environment:checking '/home/cly/project/install/my_mindvision_camera/lib/pkgconfig/my_mindvision_camera.pc'
[0.419s] Level 1:colcon.colcon_core.environment:checking '/home/cly/project/install/my_mindvision_camera/lib/python3.10/site-packages'
[0.419s] Level 1:colcon.colcon_core.environment:checking '/home/cly/project/install/my_mindvision_camera/bin'
[0.420s] INFO:colcon.colcon_core.shell:Creating package script '/home/cly/project/install/my_mindvision_camera/share/my_mindvision_camera/package.ps1'
[0.420s] INFO:colcon.colcon_core.shell:Creating package descriptor '/home/cly/project/install/my_mindvision_camera/share/my_mindvision_camera/package.dsv'
[0.421s] INFO:colcon.colcon_core.shell:Creating package script '/home/cly/project/install/my_mindvision_camera/share/my_mindvision_camera/package.sh'
[0.421s] INFO:colcon.colcon_core.shell:Creating package script '/home/cly/project/install/my_mindvision_camera/share/my_mindvision_camera/package.bash'
[0.422s] INFO:colcon.colcon_core.shell:Creating package script '/home/cly/project/install/my_mindvision_camera/share/my_mindvision_camera/package.zsh'
[0.422s] Level 1:colcon.colcon_core.environment:create_file_with_runtime_dependencies(/home/cly/project/install/my_mindvision_camera/share/colcon-core/packages/my_mindvision_camera)
[3.944s] DEBUG:colcon.colcon_core.event_handler.log_command:Invoked command in '/home/cly/project/build/img_processing' returned '0': CMAKE_PREFIX_PATH=/home/cly/ros2_ws/install/test_pkg:/opt/ros/humble /usr/bin/cmake --build /home/cly/project/build/img_processing -- -j18 -l18
[3.946s] DEBUG:colcon.colcon_core.event_handler.log_command:Invoking command in '/home/cly/project/build/img_processing': CMAKE_PREFIX_PATH=/home/cly/ros2_ws/install/test_pkg:/opt/ros/humble /usr/bin/cmake --install /home/cly/project/build/img_processing
[3.955s] Level 1:colcon.colcon_core.environment:create_environment_scripts_only(img_processing)
[3.955s] Level 1:colcon.colcon_core.environment:checking '/home/cly/project/install/img_processing' for CMake module files
[3.956s] DEBUG:colcon.colcon_core.event_handler.log_command:Invoked command in '/home/cly/project/build/img_processing' returned '0': CMAKE_PREFIX_PATH=/home/cly/ros2_ws/install/test_pkg:/opt/ros/humble /usr/bin/cmake --install /home/cly/project/build/img_processing
[3.956s] Level 1:colcon.colcon_core.environment:checking '/home/cly/project/install/img_processing' for CMake config files
[3.956s] Level 1:colcon.colcon_core.shell:create_environment_hook('img_processing', 'cmake_prefix_path')
[3.957s] INFO:colcon.colcon_core.shell:Creating environment hook '/home/cly/project/install/img_processing/share/img_processing/hook/cmake_prefix_path.ps1'
[3.957s] INFO:colcon.colcon_core.shell:Creating environment descriptor '/home/cly/project/install/img_processing/share/img_processing/hook/cmake_prefix_path.dsv'
[3.958s] INFO:colcon.colcon_core.shell:Creating environment hook '/home/cly/project/install/img_processing/share/img_processing/hook/cmake_prefix_path.sh'
[3.958s] Level 1:colcon.colcon_core.environment:checking '/home/cly/project/install/img_processing/lib'
[3.958s] Level 1:colcon.colcon_core.environment:checking '/home/cly/project/install/img_processing/bin'
[3.959s] Level 1:colcon.colcon_core.environment:checking '/home/cly/project/install/img_processing/lib/pkgconfig/img_processing.pc'
[3.959s] Level 1:colcon.colcon_core.environment:checking '/home/cly/project/install/img_processing/lib/python3.10/site-packages'
[3.959s] Level 1:colcon.colcon_core.environment:checking '/home/cly/project/install/img_processing/bin'
[3.959s] INFO:colcon.colcon_core.shell:Creating package script '/home/cly/project/install/img_processing/share/img_processing/package.ps1'
[3.960s] INFO:colcon.colcon_core.shell:Creating package descriptor '/home/cly/project/install/img_processing/share/img_processing/package.dsv'
[3.960s] INFO:colcon.colcon_core.shell:Creating package script '/home/cly/project/install/img_processing/share/img_processing/package.sh'
[3.960s] INFO:colcon.colcon_core.shell:Creating package script '/home/cly/project/install/img_processing/share/img_processing/package.bash'
[3.960s] INFO:colcon.colcon_core.shell:Creating package script '/home/cly/project/install/img_processing/share/img_processing/package.zsh'
[3.961s] Level 1:colcon.colcon_core.environment:create_file_with_runtime_dependencies(/home/cly/project/install/img_processing/share/colcon-core/packages/img_processing)
[3.961s] Level 1:colcon.colcon_core.environment:create_environment_scripts_only(img_processing)
[3.961s] Level 1:colcon.colcon_core.environment:checking '/home/cly/project/install/img_processing' for CMake module files
[3.962s] Level 1:colcon.colcon_core.environment:checking '/home/cly/project/install/img_processing' for CMake config files
[3.962s] Level 1:colcon.colcon_core.shell:create_environment_hook('img_processing', 'cmake_prefix_path')
[3.962s] INFO:colcon.colcon_core.shell:Creating environment hook '/home/cly/project/install/img_processing/share/img_processing/hook/cmake_prefix_path.ps1'
[3.962s] INFO:colcon.colcon_core.shell:Creating environment descriptor '/home/cly/project/install/img_processing/share/img_processing/hook/cmake_prefix_path.dsv'
[3.962s] INFO:colcon.colcon_core.shell:Creating environment hook '/home/cly/project/install/img_processing/share/img_processing/hook/cmake_prefix_path.sh'
[3.963s] Level 1:colcon.colcon_core.environment:checking '/home/cly/project/install/img_processing/lib'
[3.963s] Level 1:colcon.colcon_core.environment:checking '/home/cly/project/install/img_processing/bin'
[3.963s] Level 1:colcon.colcon_core.environment:checking '/home/cly/project/install/img_processing/lib/pkgconfig/img_processing.pc'
[3.963s] Level 1:colcon.colcon_core.environment:checking '/home/cly/project/install/img_processing/lib/python3.10/site-packages'
[3.963s] Level 1:colcon.colcon_core.environment:checking '/home/cly/project/install/img_processing/bin'
[3.963s] INFO:colcon.colcon_core.shell:Creating package script '/home/cly/project/install/img_processing/share/img_processing/package.ps1'
[3.963s] INFO:colcon.colcon_core.shell:Creating package descriptor '/home/cly/project/install/img_processing/share/img_processing/package.dsv'
[3.964s] INFO:colcon.colcon_core.shell:Creating package script '/home/cly/project/install/img_processing/share/img_processing/package.sh'
[3.964s] INFO:colcon.colcon_core.shell:Creating package script '/home/cly/project/install/img_processing/share/img_processing/package.bash'
[3.964s] INFO:colcon.colcon_core.shell:Creating package script '/home/cly/project/install/img_processing/share/img_processing/package.zsh'
[3.964s] Level 1:colcon.colcon_core.environment:create_file_with_runtime_dependencies(/home/cly/project/install/img_processing/share/colcon-core/packages/img_processing)
[3.965s] DEBUG:colcon.colcon_parallel_executor.executor.parallel:closing loop
[3.965s] DEBUG:colcon.colcon_parallel_executor.executor.parallel:loop closed
[3.965s] DEBUG:colcon.colcon_parallel_executor.executor.parallel:run_until_complete finished with '0'
[3.965s] DEBUG:colcon.colcon_core.event_reactor:joining thread
[3.972s] INFO:colcon.colcon_core.plugin_system:Skipping extension 'colcon_notification.desktop_notification.terminal_notifier': Not used on non-Darwin systems
[3.972s] INFO:colcon.colcon_core.plugin_system:Skipping extension 'colcon_notification.desktop_notification.win32': Not used on non-Windows systems
[3.972s] INFO:colcon.colcon_notification.desktop_notification:Sending desktop notification using 'notify2'
[3.985s] DEBUG:colcon.colcon_core.event_reactor:joined thread
[3.985s] INFO:colcon.colcon_core.shell:Creating prefix script '/home/cly/project/install/local_setup.ps1'
[3.986s] INFO:colcon.colcon_core.shell:Creating prefix util module '/home/cly/project/install/_local_setup_util_ps1.py'
[3.987s] INFO:colcon.colcon_core.shell:Creating prefix chain script '/home/cly/project/install/setup.ps1'
[3.988s] INFO:colcon.colcon_core.shell:Creating prefix script '/home/cly/project/install/local_setup.sh'
[3.988s] INFO:colcon.colcon_core.shell:Creating prefix util module '/home/cly/project/install/_local_setup_util_sh.py'
[3.989s] INFO:colcon.colcon_core.shell:Creating prefix chain script '/home/cly/project/install/setup.sh'
[3.989s] INFO:colcon.colcon_core.shell:Creating prefix script '/home/cly/project/install/local_setup.bash'
[3.990s] INFO:colcon.colcon_core.shell:Creating prefix chain script '/home/cly/project/install/setup.bash'
[3.991s] INFO:colcon.colcon_core.shell:Creating prefix script '/home/cly/project/install/local_setup.zsh'
[3.991s] INFO:colcon.colcon_core.shell:Creating prefix chain script '/home/cly/project/install/setup.zsh'
