[ 20%] [32mBuilding CXX object CMakeFiles/pre_processing_node.dir/src/pre_processing_node.cpp.o[0m
[ 40%] [32mBuilding CXX object CMakeFiles/pre_processing_node.dir/src/prepare_algorithm.cpp.o[0m
[ 60%] [1m[32mLinking CXX executable pre_processing_node[0m
[100%] Built target pre_processing_node
-- Install configuration: ""
-- Installing: /home/cly/project/install/img_processing/lib/img_processing/pre_processing_node
-- Set non-toolchain portion of runtime path of "/home/cly/project/install/img_processing/lib/img_processing/pre_processing_node" to ""
-- Up-to-date: /home/cly/project/install/img_processing/include
-- Up-to-date: /home/cly/project/install/img_processing/include/utils
-- Installing: /home/cly/project/install/img_processing/include/utils/strip.h
-- Installing: /home/cly/project/install/img_processing/include/utils/armorplate.h
-- Installing: /home/cly/project/install/img_processing/include/prepare_algorithm.h
-- Up-to-date: /home/cly/project/install/img_processing/share/ament_index/resource_index/package_run_dependencies/img_processing
-- Up-to-date: /home/cly/project/install/img_processing/share/ament_index/resource_index/parent_prefix_path/img_processing
-- Up-to-date: /home/cly/project/install/img_processing/share/img_processing/environment/ament_prefix_path.sh
-- Up-to-date: /home/cly/project/install/img_processing/share/img_processing/environment/ament_prefix_path.dsv
-- Up-to-date: /home/cly/project/install/img_processing/share/img_processing/environment/path.sh
-- Up-to-date: /home/cly/project/install/img_processing/share/img_processing/environment/path.dsv
-- Up-to-date: /home/cly/project/install/img_processing/share/img_processing/local_setup.bash
-- Up-to-date: /home/cly/project/install/img_processing/share/img_processing/local_setup.sh
-- Up-to-date: /home/cly/project/install/img_processing/share/img_processing/local_setup.zsh
-- Up-to-date: /home/cly/project/install/img_processing/share/img_processing/local_setup.dsv
-- Installing: /home/cly/project/install/img_processing/share/img_processing/package.dsv
-- Up-to-date: /home/cly/project/install/img_processing/share/ament_index/resource_index/packages/img_processing
-- Up-to-date: /home/cly/project/install/img_processing/share/img_processing/cmake/img_processingConfig.cmake
-- Up-to-date: /home/cly/project/install/img_processing/share/img_processing/cmake/img_processingConfig-version.cmake
-- Up-to-date: /home/cly/project/install/img_processing/share/img_processing/package.xml
