[0.066s] [34mcolcon[0m [1;30mDEBUG[0m [32mCommand line arguments: ['/usr/bin/colcon', 'build'][0m
[0.066s] [34mcolcon[0m [1;30mDEBUG[0m [32mParsed command line arguments: Namespace(log_base=None, log_level=None, verb_name='build', build_base='build', install_base='install', merge_install=False, symlink_install=False, test_result_base=None, continue_on_error=False, executor='parallel', parallel_workers=18, event_handlers=None, ignore_user_meta=False, metas=['./colcon.meta'], base_paths=['.'], packages_ignore=None, packages_ignore_regex=None, paths=None, packages_up_to=None, packages_up_to_regex=None, packages_above=None, packages_above_and_dependencies=None, packages_above_depth=None, packages_select_by_dep=None, packages_skip_by_dep=None, packages_skip_up_to=None, packages_select_build_failed=False, packages_skip_build_finished=False, packages_select_test_failures=False, packages_skip_test_passed=False, packages_select=None, packages_skip=None, packages_select_regex=None, packages_skip_regex=None, packages_start=None, packages_end=None, allow_overriding=[], cmake_args=None, cmake_target=None, cmake_target_skip_unavailable=False, cmake_clean_cache=False, cmake_clean_first=False, cmake_force_configure=False, ament_cmake_args=None, catkin_cmake_args=None, catkin_skip_building_tests=False, verb_parser=<colcon_defaults.argument_parser.defaults.DefaultArgumentsDecorator object at 0x7f95f98b1fc0>, verb_extension=<colcon_core.verb.build.BuildVerb object at 0x7f95f99e73a0>, main=<bound method BuildVerb.main of <colcon_core.verb.build.BuildVerb object at 0x7f95f99e73a0>>)[0m
[0.153s] [34mcolcon.colcon_core.package_discovery[0m [1;30mLevel 1[0m discover_packages(colcon_meta) check parameters
[0.153s] [34mcolcon.colcon_core.package_discovery[0m [1;30mLevel 1[0m discover_packages(recursive) check parameters
[0.153s] [34mcolcon.colcon_core.package_discovery[0m [1;30mLevel 1[0m discover_packages(ignore) check parameters
[0.153s] [34mcolcon.colcon_core.package_discovery[0m [1;30mLevel 1[0m discover_packages(path) check parameters
[0.153s] [34mcolcon.colcon_core.package_discovery[0m [1;30mLevel 1[0m discover_packages(colcon_meta) discover
[0.153s] [34mcolcon.colcon_core.package_discovery[0m [1;30mLevel 1[0m discover_packages(recursive) discover
[0.153s] [34mcolcon.colcon_core.package_discovery[0m [1;30mINFO[0m Crawling recursively for packages in '/home/cly/project'
[0.153s] [34mcolcon.colcon_core.package_identification[0m [1;30mLevel 1[0m _identify(.) by extensions ['ignore', 'ignore_ament_install']
[0.153s] [34mcolcon.colcon_core.package_identification[0m [1;30mLevel 1[0m _identify(.) by extension 'ignore'
[0.153s] [34mcolcon.colcon_core.package_identification[0m [1;30mLevel 1[0m _identify(.) by extension 'ignore_ament_install'
[0.153s] [34mcolcon.colcon_core.package_identification[0m [1;30mLevel 1[0m _identify(.) by extensions ['colcon_pkg']
[0.153s] [34mcolcon.colcon_core.package_identification[0m [1;30mLevel 1[0m _identify(.) by extension 'colcon_pkg'
[0.153s] [34mcolcon.colcon_core.package_identification[0m [1;30mLevel 1[0m _identify(.) by extensions ['colcon_meta']
[0.153s] [34mcolcon.colcon_core.package_identification[0m [1;30mLevel 1[0m _identify(.) by extension 'colcon_meta'
[0.154s] [34mcolcon.colcon_core.package_identification[0m [1;30mLevel 1[0m _identify(.) by extensions ['ros']
[0.154s] [34mcolcon.colcon_core.package_identification[0m [1;30mLevel 1[0m _identify(.) by extension 'ros'
[0.161s] [34mcolcon.colcon_core.package_identification[0m [1;30mLevel 1[0m _identify(.) by extensions ['cmake', 'python']
[0.161s] [34mcolcon.colcon_core.package_identification[0m [1;30mLevel 1[0m _identify(.) by extension 'cmake'
[0.161s] [34mcolcon.colcon_core.package_identification[0m [1;30mLevel 1[0m _identify(.) by extension 'python'
[0.161s] [34mcolcon.colcon_core.package_identification[0m [1;30mLevel 1[0m _identify(.) by extensions ['python_setup_py']
[0.161s] [34mcolcon.colcon_core.package_identification[0m [1;30mLevel 1[0m _identify(.) by extension 'python_setup_py'
[0.161s] [34mcolcon.colcon_core.package_identification[0m [1;30mLevel 1[0m _identify(Camera) by extensions ['ignore', 'ignore_ament_install']
[0.161s] [34mcolcon.colcon_core.package_identification[0m [1;30mLevel 1[0m _identify(Camera) by extension 'ignore'
[0.161s] [34mcolcon.colcon_core.package_identification[0m [1;30mLevel 1[0m _identify(Camera) by extension 'ignore_ament_install'
[0.161s] [34mcolcon.colcon_core.package_identification[0m [1;30mLevel 1[0m _identify(Camera) by extensions ['colcon_pkg']
[0.161s] [34mcolcon.colcon_core.package_identification[0m [1;30mLevel 1[0m _identify(Camera) by extension 'colcon_pkg'
[0.161s] [34mcolcon.colcon_core.package_identification[0m [1;30mLevel 1[0m _identify(Camera) by extensions ['colcon_meta']
[0.161s] [34mcolcon.colcon_core.package_identification[0m [1;30mLevel 1[0m _identify(Camera) by extension 'colcon_meta'
[0.161s] [34mcolcon.colcon_core.package_identification[0m [1;30mLevel 1[0m _identify(Camera) by extensions ['ros']
[0.161s] [34mcolcon.colcon_core.package_identification[0m [1;30mLevel 1[0m _identify(Camera) by extension 'ros'
[0.161s] [34mcolcon.colcon_core.package_identification[0m [1;30mLevel 1[0m _identify(Camera) by extensions ['cmake', 'python']
[0.161s] [34mcolcon.colcon_core.package_identification[0m [1;30mLevel 1[0m _identify(Camera) by extension 'cmake'
[0.161s] [34mcolcon.colcon_core.package_identification[0m [1;30mLevel 1[0m _identify(Camera) by extension 'python'
[0.161s] [34mcolcon.colcon_core.package_identification[0m [1;30mLevel 1[0m _identify(Camera) by extensions ['python_setup_py']
[0.161s] [34mcolcon.colcon_core.package_identification[0m [1;30mLevel 1[0m _identify(Camera) by extension 'python_setup_py'
[0.161s] [34mcolcon.colcon_core.package_identification[0m [1;30mLevel 1[0m _identify(Camera/Data) by extensions ['ignore', 'ignore_ament_install']
[0.161s] [34mcolcon.colcon_core.package_identification[0m [1;30mLevel 1[0m _identify(Camera/Data) by extension 'ignore'
[0.161s] [34mcolcon.colcon_core.package_identification[0m [1;30mLevel 1[0m _identify(Camera/Data) by extension 'ignore_ament_install'
[0.161s] [34mcolcon.colcon_core.package_identification[0m [1;30mLevel 1[0m _identify(Camera/Data) by extensions ['colcon_pkg']
[0.161s] [34mcolcon.colcon_core.package_identification[0m [1;30mLevel 1[0m _identify(Camera/Data) by extension 'colcon_pkg'
[0.161s] [34mcolcon.colcon_core.package_identification[0m [1;30mLevel 1[0m _identify(Camera/Data) by extensions ['colcon_meta']
[0.161s] [34mcolcon.colcon_core.package_identification[0m [1;30mLevel 1[0m _identify(Camera/Data) by extension 'colcon_meta'
[0.161s] [34mcolcon.colcon_core.package_identification[0m [1;30mLevel 1[0m _identify(Camera/Data) by extensions ['ros']
[0.161s] [34mcolcon.colcon_core.package_identification[0m [1;30mLevel 1[0m _identify(Camera/Data) by extension 'ros'
[0.162s] [34mcolcon.colcon_core.package_identification[0m [1;30mLevel 1[0m _identify(Camera/Data) by extensions ['cmake', 'python']
[0.162s] [34mcolcon.colcon_core.package_identification[0m [1;30mLevel 1[0m _identify(Camera/Data) by extension 'cmake'
[0.162s] [34mcolcon.colcon_core.package_identification[0m [1;30mLevel 1[0m _identify(Camera/Data) by extension 'python'
[0.162s] [34mcolcon.colcon_core.package_identification[0m [1;30mLevel 1[0m _identify(Camera/Data) by extensions ['python_setup_py']
[0.162s] [34mcolcon.colcon_core.package_identification[0m [1;30mLevel 1[0m _identify(Camera/Data) by extension 'python_setup_py'
[0.162s] [34mcolcon.colcon_core.package_identification[0m [1;30mLevel 1[0m _identify(Camera/log) by extensions ['ignore', 'ignore_ament_install']
[0.162s] [34mcolcon.colcon_core.package_identification[0m [1;30mLevel 1[0m _identify(Camera/log) by extension 'ignore'
[0.162s] [34mcolcon.colcon_core.package_identification[0m [1;30mLevel 1[0m _identify(Camera/log) by extension 'ignore_ament_install'
[0.162s] [34mcolcon.colcon_core.package_identification[0m [1;30mLevel 1[0m _identify(Camera/log) by extensions ['colcon_pkg']
[0.162s] [34mcolcon.colcon_core.package_identification[0m [1;30mLevel 1[0m _identify(Camera/log) by extension 'colcon_pkg'
[0.162s] [34mcolcon.colcon_core.package_identification[0m [1;30mLevel 1[0m _identify(Camera/log) by extensions ['colcon_meta']
[0.162s] [34mcolcon.colcon_core.package_identification[0m [1;30mLevel 1[0m _identify(Camera/log) by extension 'colcon_meta'
[0.162s] [34mcolcon.colcon_core.package_identification[0m [1;30mLevel 1[0m _identify(Camera/log) by extensions ['ros']
[0.162s] [34mcolcon.colcon_core.package_identification[0m [1;30mLevel 1[0m _identify(Camera/log) by extension 'ros'
[0.162s] [34mcolcon.colcon_core.package_identification[0m [1;30mLevel 1[0m _identify(Camera/log) by extensions ['cmake', 'python']
[0.162s] [34mcolcon.colcon_core.package_identification[0m [1;30mLevel 1[0m _identify(Camera/log) by extension 'cmake'
[0.162s] [34mcolcon.colcon_core.package_identification[0m [1;30mLevel 1[0m _identify(Camera/log) by extension 'python'
[0.162s] [34mcolcon.colcon_core.package_identification[0m [1;30mLevel 1[0m _identify(Camera/log) by extensions ['python_setup_py']
[0.162s] [34mcolcon.colcon_core.package_identification[0m [1;30mLevel 1[0m _identify(Camera/log) by extension 'python_setup_py'
[0.162s] [34mcolcon.colcon_core.package_identification[0m [1;30mLevel 1[0m _identify(build) by extensions ['ignore', 'ignore_ament_install']
[0.162s] [34mcolcon.colcon_core.package_identification[0m [1;30mLevel 1[0m _identify(build) by extension 'ignore'
[0.162s] [34mcolcon.colcon_core.package_identification[0m [1;30mLevel 1[0m _identify(build) ignored
[0.162s] [34mcolcon.colcon_core.package_identification[0m [1;30mLevel 1[0m _identify(install) by extensions ['ignore', 'ignore_ament_install']
[0.162s] [34mcolcon.colcon_core.package_identification[0m [1;30mLevel 1[0m _identify(install) by extension 'ignore'
[0.162s] [34mcolcon.colcon_core.package_identification[0m [1;30mLevel 1[0m _identify(install) ignored
[0.162s] [34mcolcon.colcon_core.package_identification[0m [1;30mLevel 1[0m _identify(log) by extensions ['ignore', 'ignore_ament_install']
[0.162s] [34mcolcon.colcon_core.package_identification[0m [1;30mLevel 1[0m _identify(log) by extension 'ignore'
[0.162s] [34mcolcon.colcon_core.package_identification[0m [1;30mLevel 1[0m _identify(log) ignored
[0.162s] [34mcolcon.colcon_core.package_identification[0m [1;30mLevel 1[0m _identify(src) by extensions ['ignore', 'ignore_ament_install']
[0.162s] [34mcolcon.colcon_core.package_identification[0m [1;30mLevel 1[0m _identify(src) by extension 'ignore'
[0.162s] [34mcolcon.colcon_core.package_identification[0m [1;30mLevel 1[0m _identify(src) by extension 'ignore_ament_install'
[0.162s] [34mcolcon.colcon_core.package_identification[0m [1;30mLevel 1[0m _identify(src) by extensions ['colcon_pkg']
[0.162s] [34mcolcon.colcon_core.package_identification[0m [1;30mLevel 1[0m _identify(src) by extension 'colcon_pkg'
[0.163s] [34mcolcon.colcon_core.package_identification[0m [1;30mLevel 1[0m _identify(src) by extensions ['colcon_meta']
[0.163s] [34mcolcon.colcon_core.package_identification[0m [1;30mLevel 1[0m _identify(src) by extension 'colcon_meta'
[0.163s] [34mcolcon.colcon_core.package_identification[0m [1;30mLevel 1[0m _identify(src) by extensions ['ros']
[0.163s] [34mcolcon.colcon_core.package_identification[0m [1;30mLevel 1[0m _identify(src) by extension 'ros'
[0.163s] [34mcolcon.colcon_core.package_identification[0m [1;30mLevel 1[0m _identify(src) by extensions ['cmake', 'python']
[0.163s] [34mcolcon.colcon_core.package_identification[0m [1;30mLevel 1[0m _identify(src) by extension 'cmake'
[0.163s] [34mcolcon.colcon_core.package_identification[0m [1;30mLevel 1[0m _identify(src) by extension 'python'
[0.163s] [34mcolcon.colcon_core.package_identification[0m [1;30mLevel 1[0m _identify(src) by extensions ['python_setup_py']
[0.163s] [34mcolcon.colcon_core.package_identification[0m [1;30mLevel 1[0m _identify(src) by extension 'python_setup_py'
[0.163s] [34mcolcon.colcon_core.package_identification[0m [1;30mLevel 1[0m _identify(src/bringup) by extensions ['ignore', 'ignore_ament_install']
[0.163s] [34mcolcon.colcon_core.package_identification[0m [1;30mLevel 1[0m _identify(src/bringup) by extension 'ignore'
[0.163s] [34mcolcon.colcon_core.package_identification[0m [1;30mLevel 1[0m _identify(src/bringup) by extension 'ignore_ament_install'
[0.163s] [34mcolcon.colcon_core.package_identification[0m [1;30mLevel 1[0m _identify(src/bringup) by extensions ['colcon_pkg']
[0.163s] [34mcolcon.colcon_core.package_identification[0m [1;30mLevel 1[0m _identify(src/bringup) by extension 'colcon_pkg'
[0.163s] [34mcolcon.colcon_core.package_identification[0m [1;30mLevel 1[0m _identify(src/bringup) by extensions ['colcon_meta']
[0.163s] [34mcolcon.colcon_core.package_identification[0m [1;30mLevel 1[0m _identify(src/bringup) by extension 'colcon_meta'
[0.163s] [34mcolcon.colcon_core.package_identification[0m [1;30mLevel 1[0m _identify(src/bringup) by extensions ['ros']
[0.163s] [34mcolcon.colcon_core.package_identification[0m [1;30mLevel 1[0m _identify(src/bringup) by extension 'ros'
[0.164s] [34mcolcon.colcon_core.package_identification[0m [1;30mDEBUG[0m [32mPackage 'src/bringup' with type 'ros.ament_cmake' and name 'bringup'[0m
[0.165s] [34mcolcon.colcon_core.package_identification[0m [1;30mLevel 1[0m _identify(src/img_processing) by extensions ['ignore', 'ignore_ament_install']
[0.165s] [34mcolcon.colcon_core.package_identification[0m [1;30mLevel 1[0m _identify(src/img_processing) by extension 'ignore'
[0.165s] [34mcolcon.colcon_core.package_identification[0m [1;30mLevel 1[0m _identify(src/img_processing) by extension 'ignore_ament_install'
[0.165s] [34mcolcon.colcon_core.package_identification[0m [1;30mLevel 1[0m _identify(src/img_processing) by extensions ['colcon_pkg']
[0.165s] [34mcolcon.colcon_core.package_identification[0m [1;30mLevel 1[0m _identify(src/img_processing) by extension 'colcon_pkg'
[0.165s] [34mcolcon.colcon_core.package_identification[0m [1;30mLevel 1[0m _identify(src/img_processing) by extensions ['colcon_meta']
[0.165s] [34mcolcon.colcon_core.package_identification[0m [1;30mLevel 1[0m _identify(src/img_processing) by extension 'colcon_meta'
[0.165s] [34mcolcon.colcon_core.package_identification[0m [1;30mLevel 1[0m _identify(src/img_processing) by extensions ['ros']
[0.165s] [34mcolcon.colcon_core.package_identification[0m [1;30mLevel 1[0m _identify(src/img_processing) by extension 'ros'
[0.165s] [34mcolcon.colcon_core.package_identification[0m [1;30mDEBUG[0m [32mPackage 'src/img_processing' with type 'ros.ament_cmake' and name 'img_processing'[0m
[0.165s] [34mcolcon.colcon_core.package_identification[0m [1;30mLevel 1[0m _identify(src/my_mindvision_camera) by extensions ['ignore', 'ignore_ament_install']
[0.165s] [34mcolcon.colcon_core.package_identification[0m [1;30mLevel 1[0m _identify(src/my_mindvision_camera) by extension 'ignore'
[0.165s] [34mcolcon.colcon_core.package_identification[0m [1;30mLevel 1[0m _identify(src/my_mindvision_camera) by extension 'ignore_ament_install'
[0.165s] [34mcolcon.colcon_core.package_identification[0m [1;30mLevel 1[0m _identify(src/my_mindvision_camera) by extensions ['colcon_pkg']
[0.165s] [34mcolcon.colcon_core.package_identification[0m [1;30mLevel 1[0m _identify(src/my_mindvision_camera) by extension 'colcon_pkg'
[0.165s] [34mcolcon.colcon_core.package_identification[0m [1;30mLevel 1[0m _identify(src/my_mindvision_camera) by extensions ['colcon_meta']
[0.166s] [34mcolcon.colcon_core.package_identification[0m [1;30mLevel 1[0m _identify(src/my_mindvision_camera) by extension 'colcon_meta'
[0.166s] [34mcolcon.colcon_core.package_identification[0m [1;30mLevel 1[0m _identify(src/my_mindvision_camera) by extensions ['ros']
[0.166s] [34mcolcon.colcon_core.package_identification[0m [1;30mLevel 1[0m _identify(src/my_mindvision_camera) by extension 'ros'
[0.166s] [34mcolcon.colcon_core.package_identification[0m [1;30mDEBUG[0m [32mPackage 'src/my_mindvision_camera' with type 'ros.ament_cmake' and name 'my_mindvision_camera'[0m
[0.166s] [34mcolcon.colcon_core.package_identification[0m [1;30mLevel 1[0m _identify(src/test) by extensions ['ignore', 'ignore_ament_install']
[0.166s] [34mcolcon.colcon_core.package_identification[0m [1;30mLevel 1[0m _identify(src/test) by extension 'ignore'
[0.166s] [34mcolcon.colcon_core.package_identification[0m [1;30mLevel 1[0m _identify(src/test) by extension 'ignore_ament_install'
[0.166s] [34mcolcon.colcon_core.package_identification[0m [1;30mLevel 1[0m _identify(src/test) by extensions ['colcon_pkg']
[0.166s] [34mcolcon.colcon_core.package_identification[0m [1;30mLevel 1[0m _identify(src/test) by extension 'colcon_pkg'
[0.166s] [34mcolcon.colcon_core.package_identification[0m [1;30mLevel 1[0m _identify(src/test) by extensions ['colcon_meta']
[0.166s] [34mcolcon.colcon_core.package_identification[0m [1;30mLevel 1[0m _identify(src/test) by extension 'colcon_meta'
[0.166s] [34mcolcon.colcon_core.package_identification[0m [1;30mLevel 1[0m _identify(src/test) by extensions ['ros']
[0.166s] [34mcolcon.colcon_core.package_identification[0m [1;30mLevel 1[0m _identify(src/test) by extension 'ros'
[0.167s] [34mcolcon.colcon_core.package_identification[0m [1;30mDEBUG[0m [32mPackage 'src/test' with type 'ros.ament_cmake' and name 'test'[0m
[0.167s] [34mcolcon.colcon_core.package_discovery[0m [1;30mLevel 1[0m discover_packages(recursive) using defaults
[0.167s] [34mcolcon.colcon_core.package_discovery[0m [1;30mLevel 1[0m discover_packages(ignore) discover
[0.167s] [34mcolcon.colcon_core.package_discovery[0m [1;30mLevel 1[0m discover_packages(ignore) using defaults
[0.167s] [34mcolcon.colcon_core.package_discovery[0m [1;30mLevel 1[0m discover_packages(path) discover
[0.167s] [34mcolcon.colcon_core.package_discovery[0m [1;30mLevel 1[0m discover_packages(path) using defaults
[0.184s] [34mcolcon.colcon_core.package_discovery[0m [1;30mLevel 1[0m discover_packages(prefix_path) check parameters
[0.184s] [34mcolcon.colcon_core.package_discovery[0m [1;30mLevel 1[0m discover_packages(prefix_path) discover
[0.185s] [34mcolcon.colcon_installed_package_information.package_discovery[0m [1;30mDEBUG[0m [32mFound 4 installed packages in /home/cly/project/install[0m
[0.185s] [34mcolcon.colcon_installed_package_information.package_discovery[0m [1;30mDEBUG[0m [32mFound 1 installed packages in /home/cly/ros2_ws/install[0m
[0.186s] [34mcolcon.colcon_installed_package_information.package_discovery[0m [1;30mDEBUG[0m [32mFound 284 installed packages in /opt/ros/humble[0m
[0.187s] [34mcolcon.colcon_core.package_discovery[0m [1;30mLevel 1[0m discover_packages(prefix_path) using defaults
[0.207s] [34mcolcon.colcon_core.verb[0m [1;30mLevel 5[0m set package 'bringup' build argument 'cmake_args' from command line to 'None'
[0.207s] [34mcolcon.colcon_core.verb[0m [1;30mLevel 5[0m set package 'bringup' build argument 'cmake_target' from command line to 'None'
[0.207s] [34mcolcon.colcon_core.verb[0m [1;30mLevel 5[0m set package 'bringup' build argument 'cmake_target_skip_unavailable' from command line to 'False'
[0.207s] [34mcolcon.colcon_core.verb[0m [1;30mLevel 5[0m set package 'bringup' build argument 'cmake_clean_cache' from command line to 'False'
[0.207s] [34mcolcon.colcon_core.verb[0m [1;30mLevel 5[0m set package 'bringup' build argument 'cmake_clean_first' from command line to 'False'
[0.207s] [34mcolcon.colcon_core.verb[0m [1;30mLevel 5[0m set package 'bringup' build argument 'cmake_force_configure' from command line to 'False'
[0.207s] [34mcolcon.colcon_core.verb[0m [1;30mLevel 5[0m set package 'bringup' build argument 'ament_cmake_args' from command line to 'None'
[0.207s] [34mcolcon.colcon_core.verb[0m [1;30mLevel 5[0m set package 'bringup' build argument 'catkin_cmake_args' from command line to 'None'
[0.207s] [34mcolcon.colcon_core.verb[0m [1;30mLevel 5[0m set package 'bringup' build argument 'catkin_skip_building_tests' from command line to 'False'
[0.207s] [34mcolcon.colcon_core.verb[0m [1;30mDEBUG[0m [32mBuilding package 'bringup' with the following arguments: {'ament_cmake_args': None, 'build_base': '/home/cly/project/build/bringup', 'catkin_cmake_args': None, 'catkin_skip_building_tests': False, 'cmake_args': None, 'cmake_clean_cache': False, 'cmake_clean_first': False, 'cmake_force_configure': False, 'cmake_target': None, 'cmake_target_skip_unavailable': False, 'install_base': '/home/cly/project/install/bringup', 'merge_install': False, 'path': '/home/cly/project/src/bringup', 'symlink_install': False, 'test_result_base': None}[0m
[0.207s] [34mcolcon.colcon_core.verb[0m [1;30mLevel 5[0m set package 'img_processing' build argument 'cmake_args' from command line to 'None'
[0.207s] [34mcolcon.colcon_core.verb[0m [1;30mLevel 5[0m set package 'img_processing' build argument 'cmake_target' from command line to 'None'
[0.207s] [34mcolcon.colcon_core.verb[0m [1;30mLevel 5[0m set package 'img_processing' build argument 'cmake_target_skip_unavailable' from command line to 'False'
[0.207s] [34mcolcon.colcon_core.verb[0m [1;30mLevel 5[0m set package 'img_processing' build argument 'cmake_clean_cache' from command line to 'False'
[0.207s] [34mcolcon.colcon_core.verb[0m [1;30mLevel 5[0m set package 'img_processing' build argument 'cmake_clean_first' from command line to 'False'
[0.207s] [34mcolcon.colcon_core.verb[0m [1;30mLevel 5[0m set package 'img_processing' build argument 'cmake_force_configure' from command line to 'False'
[0.207s] [34mcolcon.colcon_core.verb[0m [1;30mLevel 5[0m set package 'img_processing' build argument 'ament_cmake_args' from command line to 'None'
[0.207s] [34mcolcon.colcon_core.verb[0m [1;30mLevel 5[0m set package 'img_processing' build argument 'catkin_cmake_args' from command line to 'None'
[0.207s] [34mcolcon.colcon_core.verb[0m [1;30mLevel 5[0m set package 'img_processing' build argument 'catkin_skip_building_tests' from command line to 'False'
[0.207s] [34mcolcon.colcon_core.verb[0m [1;30mDEBUG[0m [32mBuilding package 'img_processing' with the following arguments: {'ament_cmake_args': None, 'build_base': '/home/cly/project/build/img_processing', 'catkin_cmake_args': None, 'catkin_skip_building_tests': False, 'cmake_args': None, 'cmake_clean_cache': False, 'cmake_clean_first': False, 'cmake_force_configure': False, 'cmake_target': None, 'cmake_target_skip_unavailable': False, 'install_base': '/home/cly/project/install/img_processing', 'merge_install': False, 'path': '/home/cly/project/src/img_processing', 'symlink_install': False, 'test_result_base': None}[0m
[0.207s] [34mcolcon.colcon_core.verb[0m [1;30mLevel 5[0m set package 'my_mindvision_camera' build argument 'cmake_args' from command line to 'None'
[0.207s] [34mcolcon.colcon_core.verb[0m [1;30mLevel 5[0m set package 'my_mindvision_camera' build argument 'cmake_target' from command line to 'None'
[0.208s] [34mcolcon.colcon_core.verb[0m [1;30mLevel 5[0m set package 'my_mindvision_camera' build argument 'cmake_target_skip_unavailable' from command line to 'False'
[0.208s] [34mcolcon.colcon_core.verb[0m [1;30mLevel 5[0m set package 'my_mindvision_camera' build argument 'cmake_clean_cache' from command line to 'False'
[0.208s] [34mcolcon.colcon_core.verb[0m [1;30mLevel 5[0m set package 'my_mindvision_camera' build argument 'cmake_clean_first' from command line to 'False'
[0.208s] [34mcolcon.colcon_core.verb[0m [1;30mLevel 5[0m set package 'my_mindvision_camera' build argument 'cmake_force_configure' from command line to 'False'
[0.208s] [34mcolcon.colcon_core.verb[0m [1;30mLevel 5[0m set package 'my_mindvision_camera' build argument 'ament_cmake_args' from command line to 'None'
[0.208s] [34mcolcon.colcon_core.verb[0m [1;30mLevel 5[0m set package 'my_mindvision_camera' build argument 'catkin_cmake_args' from command line to 'None'
[0.208s] [34mcolcon.colcon_core.verb[0m [1;30mLevel 5[0m set package 'my_mindvision_camera' build argument 'catkin_skip_building_tests' from command line to 'False'
[0.208s] [34mcolcon.colcon_core.verb[0m [1;30mDEBUG[0m [32mBuilding package 'my_mindvision_camera' with the following arguments: {'ament_cmake_args': None, 'build_base': '/home/cly/project/build/my_mindvision_camera', 'catkin_cmake_args': None, 'catkin_skip_building_tests': False, 'cmake_args': None, 'cmake_clean_cache': False, 'cmake_clean_first': False, 'cmake_force_configure': False, 'cmake_target': None, 'cmake_target_skip_unavailable': False, 'install_base': '/home/cly/project/install/my_mindvision_camera', 'merge_install': False, 'path': '/home/cly/project/src/my_mindvision_camera', 'symlink_install': False, 'test_result_base': None}[0m
[0.208s] [34mcolcon.colcon_core.verb[0m [1;30mLevel 5[0m set package 'test' build argument 'cmake_args' from command line to 'None'
[0.208s] [34mcolcon.colcon_core.verb[0m [1;30mLevel 5[0m set package 'test' build argument 'cmake_target' from command line to 'None'
[0.208s] [34mcolcon.colcon_core.verb[0m [1;30mLevel 5[0m set package 'test' build argument 'cmake_target_skip_unavailable' from command line to 'False'
[0.208s] [34mcolcon.colcon_core.verb[0m [1;30mLevel 5[0m set package 'test' build argument 'cmake_clean_cache' from command line to 'False'
[0.208s] [34mcolcon.colcon_core.verb[0m [1;30mLevel 5[0m set package 'test' build argument 'cmake_clean_first' from command line to 'False'
[0.208s] [34mcolcon.colcon_core.verb[0m [1;30mLevel 5[0m set package 'test' build argument 'cmake_force_configure' from command line to 'False'
[0.208s] [34mcolcon.colcon_core.verb[0m [1;30mLevel 5[0m set package 'test' build argument 'ament_cmake_args' from command line to 'None'
[0.208s] [34mcolcon.colcon_core.verb[0m [1;30mLevel 5[0m set package 'test' build argument 'catkin_cmake_args' from command line to 'None'
[0.208s] [34mcolcon.colcon_core.verb[0m [1;30mLevel 5[0m set package 'test' build argument 'catkin_skip_building_tests' from command line to 'False'
[0.208s] [34mcolcon.colcon_core.verb[0m [1;30mDEBUG[0m [32mBuilding package 'test' with the following arguments: {'ament_cmake_args': None, 'build_base': '/home/cly/project/build/test', 'catkin_cmake_args': None, 'catkin_skip_building_tests': False, 'cmake_args': None, 'cmake_clean_cache': False, 'cmake_clean_first': False, 'cmake_force_configure': False, 'cmake_target': None, 'cmake_target_skip_unavailable': False, 'install_base': '/home/cly/project/install/test', 'merge_install': False, 'path': '/home/cly/project/src/test', 'symlink_install': False, 'test_result_base': None}[0m
[0.208s] [34mcolcon.colcon_core.executor[0m [1;30mINFO[0m Executing jobs using 'parallel' executor
[0.209s] [34mcolcon.colcon_parallel_executor.executor.parallel[0m [1;30mDEBUG[0m [32mrun_until_complete[0m
[0.209s] [34mcolcon.colcon_ros.task.ament_cmake.build[0m [1;30mINFO[0m Building ROS package in '/home/cly/project/src/bringup' with build type 'ament_cmake'
[0.209s] [34mcolcon.colcon_cmake.task.cmake.build[0m [1;30mINFO[0m Building CMake package in '/home/cly/project/src/bringup'
[0.211s] [34mcolcon.colcon_core.plugin_system[0m [1;30mINFO[0m Skipping extension 'colcon_core.shell.bat': Not used on non-Windows systems
[0.211s] [34mcolcon.colcon_core.shell[0m [1;30mINFO[0m Skip shell extension 'powershell' for command environment: Not usable outside of PowerShell
[0.211s] [34mcolcon.colcon_core.shell[0m [1;30mDEBUG[0m [32mSkip shell extension 'dsv' for command environment[0m
[0.214s] [34mcolcon.colcon_ros.task.ament_cmake.build[0m [1;30mINFO[0m Building ROS package in '/home/cly/project/src/img_processing' with build type 'ament_cmake'
[0.214s] [34mcolcon.colcon_cmake.task.cmake.build[0m [1;30mINFO[0m Building CMake package in '/home/cly/project/src/img_processing'
[0.214s] [34mcolcon.colcon_core.shell[0m [1;30mINFO[0m Skip shell extension 'powershell' for command environment: Not usable outside of PowerShell
[0.214s] [34mcolcon.colcon_core.shell[0m [1;30mDEBUG[0m [32mSkip shell extension 'dsv' for command environment[0m
[0.216s] [34mcolcon.colcon_ros.task.ament_cmake.build[0m [1;30mINFO[0m Building ROS package in '/home/cly/project/src/my_mindvision_camera' with build type 'ament_cmake'
[0.216s] [34mcolcon.colcon_cmake.task.cmake.build[0m [1;30mINFO[0m Building CMake package in '/home/cly/project/src/my_mindvision_camera'
[0.217s] [34mcolcon.colcon_core.shell[0m [1;30mINFO[0m Skip shell extension 'powershell' for command environment: Not usable outside of PowerShell
[0.217s] [34mcolcon.colcon_core.shell[0m [1;30mDEBUG[0m [32mSkip shell extension 'dsv' for command environment[0m
[0.219s] [34mcolcon.colcon_ros.task.ament_cmake.build[0m [1;30mINFO[0m Building ROS package in '/home/cly/project/src/test' with build type 'ament_cmake'
[0.219s] [34mcolcon.colcon_cmake.task.cmake.build[0m [1;30mINFO[0m Building CMake package in '/home/cly/project/src/test'
[0.219s] [34mcolcon.colcon_core.shell[0m [1;30mINFO[0m Skip shell extension 'powershell' for command environment: Not usable outside of PowerShell
[0.219s] [34mcolcon.colcon_core.shell[0m [1;30mDEBUG[0m [32mSkip shell extension 'dsv' for command environment[0m
[0.226s] [34mcolcon.colcon_core.event_handler.log_command[0m [1;30mDEBUG[0m [32mInvoking command in '/home/cly/project/build/bringup': CMAKE_PREFIX_PATH=${CMAKE_PREFIX_PATH}:/home/cly/ros2_ws/install/test_pkg:/opt/ros/humble /usr/bin/cmake --build /home/cly/project/build/bringup -- -j18 -l18[0m
[0.229s] [34mcolcon.colcon_core.event_handler.log_command[0m [1;30mDEBUG[0m [32mInvoking command in '/home/cly/project/build/img_processing': CMAKE_PREFIX_PATH=${CMAKE_PREFIX_PATH}:/home/cly/ros2_ws/install/test_pkg:/opt/ros/humble /usr/bin/cmake --build /home/cly/project/build/img_processing -- -j18 -l18[0m
[0.232s] [34mcolcon.colcon_core.event_handler.log_command[0m [1;30mDEBUG[0m [32mInvoking command in '/home/cly/project/build/my_mindvision_camera': CMAKE_PREFIX_PATH=${CMAKE_PREFIX_PATH}:/home/cly/ros2_ws/install/test_pkg:/opt/ros/humble /usr/bin/cmake --build /home/cly/project/build/my_mindvision_camera -- -j18 -l18[0m
[0.235s] [34mcolcon.colcon_core.event_handler.log_command[0m [1;30mDEBUG[0m [32mInvoking command in '/home/cly/project/build/test': CMAKE_PREFIX_PATH=${CMAKE_PREFIX_PATH}:/home/cly/ros2_ws/install/test_pkg:/opt/ros/humble /usr/bin/cmake --build /home/cly/project/build/test -- -j18 -l18[0m
[0.243s] [34mcolcon.colcon_core.event_handler.log_command[0m [1;30mDEBUG[0m [32mInvoked command in '/home/cly/project/build/bringup' returned '0': CMAKE_PREFIX_PATH=${CMAKE_PREFIX_PATH}:/home/cly/ros2_ws/install/test_pkg:/opt/ros/humble /usr/bin/cmake --build /home/cly/project/build/bringup -- -j18 -l18[0m
[0.247s] [34mcolcon.colcon_core.event_handler.log_command[0m [1;30mDEBUG[0m [32mInvoking command in '/home/cly/project/build/bringup': CMAKE_PREFIX_PATH=${CMAKE_PREFIX_PATH}:/home/cly/ros2_ws/install/test_pkg:/opt/ros/humble /usr/bin/cmake --install /home/cly/project/build/bringup[0m
[0.250s] [34mcolcon.colcon_core.environment[0m [1;30mLevel 1[0m create_environment_scripts_only(bringup)
[0.251s] [34mcolcon.colcon_core.event_handler.log_command[0m [1;30mDEBUG[0m [32mInvoked command in '/home/cly/project/build/bringup' returned '0': CMAKE_PREFIX_PATH=${CMAKE_PREFIX_PATH}:/home/cly/ros2_ws/install/test_pkg:/opt/ros/humble /usr/bin/cmake --install /home/cly/project/build/bringup[0m
[0.254s] [34mcolcon.colcon_core.environment[0m [1;30mLevel 1[0m checking '/home/cly/project/install/bringup' for CMake module files
[0.254s] [34mcolcon.colcon_core.environment[0m [1;30mLevel 1[0m checking '/home/cly/project/install/bringup' for CMake config files
[0.254s] [34mcolcon.colcon_core.shell[0m [1;30mLevel 1[0m create_environment_hook('bringup', 'cmake_prefix_path')
[0.255s] [34mcolcon.colcon_core.shell[0m [1;30mINFO[0m Creating environment hook '/home/cly/project/install/bringup/share/bringup/hook/cmake_prefix_path.ps1'
[0.256s] [34mcolcon.colcon_core.shell[0m [1;30mINFO[0m Creating environment descriptor '/home/cly/project/install/bringup/share/bringup/hook/cmake_prefix_path.dsv'
[0.256s] [34mcolcon.colcon_core.shell[0m [1;30mINFO[0m Creating environment hook '/home/cly/project/install/bringup/share/bringup/hook/cmake_prefix_path.sh'
[0.258s] [34mcolcon.colcon_core.environment[0m [1;30mLevel 1[0m checking '/home/cly/project/install/bringup/bin'
[0.258s] [34mcolcon.colcon_core.environment[0m [1;30mLevel 1[0m checking '/home/cly/project/install/bringup/lib/pkgconfig/bringup.pc'
[0.258s] [34mcolcon.colcon_core.environment[0m [1;30mLevel 1[0m checking '/home/cly/project/install/bringup/lib/python3.10/site-packages'
[0.258s] [34mcolcon.colcon_core.environment[0m [1;30mLevel 1[0m checking '/home/cly/project/install/bringup/bin'
[0.259s] [34mcolcon.colcon_core.shell[0m [1;30mINFO[0m Creating package script '/home/cly/project/install/bringup/share/bringup/package.ps1'
[0.260s] [34mcolcon.colcon_core.shell[0m [1;30mINFO[0m Creating package descriptor '/home/cly/project/install/bringup/share/bringup/package.dsv'
[0.260s] [34mcolcon.colcon_core.shell[0m [1;30mINFO[0m Creating package script '/home/cly/project/install/bringup/share/bringup/package.sh'
[0.261s] [34mcolcon.colcon_core.shell[0m [1;30mINFO[0m Creating package script '/home/cly/project/install/bringup/share/bringup/package.bash'
[0.261s] [34mcolcon.colcon_core.shell[0m [1;30mINFO[0m Creating package script '/home/cly/project/install/bringup/share/bringup/package.zsh'
[0.262s] [34mcolcon.colcon_core.environment[0m [1;30mLevel 1[0m create_file_with_runtime_dependencies(/home/cly/project/install/bringup/share/colcon-core/packages/bringup)
[0.263s] [34mcolcon.colcon_core.environment[0m [1;30mLevel 1[0m create_environment_scripts_only(bringup)
[0.263s] [34mcolcon.colcon_core.environment[0m [1;30mLevel 1[0m checking '/home/cly/project/install/bringup' for CMake module files
[0.263s] [34mcolcon.colcon_core.environment[0m [1;30mLevel 1[0m checking '/home/cly/project/install/bringup' for CMake config files
[0.263s] [34mcolcon.colcon_core.shell[0m [1;30mLevel 1[0m create_environment_hook('bringup', 'cmake_prefix_path')
[0.263s] [34mcolcon.colcon_core.shell[0m [1;30mINFO[0m Creating environment hook '/home/cly/project/install/bringup/share/bringup/hook/cmake_prefix_path.ps1'
[0.264s] [34mcolcon.colcon_core.shell[0m [1;30mINFO[0m Creating environment descriptor '/home/cly/project/install/bringup/share/bringup/hook/cmake_prefix_path.dsv'
[0.264s] [34mcolcon.colcon_core.shell[0m [1;30mINFO[0m Creating environment hook '/home/cly/project/install/bringup/share/bringup/hook/cmake_prefix_path.sh'
[0.264s] [34mcolcon.colcon_core.environment[0m [1;30mLevel 1[0m checking '/home/cly/project/install/bringup/bin'
[0.264s] [34mcolcon.colcon_core.environment[0m [1;30mLevel 1[0m checking '/home/cly/project/install/bringup/lib/pkgconfig/bringup.pc'
[0.264s] [34mcolcon.colcon_core.environment[0m [1;30mLevel 1[0m checking '/home/cly/project/install/bringup/lib/python3.10/site-packages'
[0.265s] [34mcolcon.colcon_core.environment[0m [1;30mLevel 1[0m checking '/home/cly/project/install/bringup/bin'
[0.265s] [34mcolcon.colcon_core.shell[0m [1;30mINFO[0m Creating package script '/home/cly/project/install/bringup/share/bringup/package.ps1'
[0.265s] [34mcolcon.colcon_core.shell[0m [1;30mINFO[0m Creating package descriptor '/home/cly/project/install/bringup/share/bringup/package.dsv'
[0.265s] [34mcolcon.colcon_core.shell[0m [1;30mINFO[0m Creating package script '/home/cly/project/install/bringup/share/bringup/package.sh'
[0.265s] [34mcolcon.colcon_core.shell[0m [1;30mINFO[0m Creating package script '/home/cly/project/install/bringup/share/bringup/package.bash'
[0.266s] [34mcolcon.colcon_core.shell[0m [1;30mINFO[0m Creating package script '/home/cly/project/install/bringup/share/bringup/package.zsh'
[0.266s] [34mcolcon.colcon_core.environment[0m [1;30mLevel 1[0m create_file_with_runtime_dependencies(/home/cly/project/install/bringup/share/colcon-core/packages/bringup)
[0.267s] [34mcolcon.colcon_core.event_handler.log_command[0m [1;30mDEBUG[0m [32mInvoked command in '/home/cly/project/build/my_mindvision_camera' returned '0': CMAKE_PREFIX_PATH=${CMAKE_PREFIX_PATH}:/home/cly/ros2_ws/install/test_pkg:/opt/ros/humble /usr/bin/cmake --build /home/cly/project/build/my_mindvision_camera -- -j18 -l18[0m
[0.269s] [34mcolcon.colcon_core.event_handler.log_command[0m [1;30mDEBUG[0m [32mInvoking command in '/home/cly/project/build/my_mindvision_camera': CMAKE_PREFIX_PATH=${CMAKE_PREFIX_PATH}:/home/cly/ros2_ws/install/test_pkg:/opt/ros/humble /usr/bin/cmake --install /home/cly/project/build/my_mindvision_camera[0m
[0.269s] [34mcolcon.colcon_core.event_handler.log_command[0m [1;30mDEBUG[0m [32mInvoked command in '/home/cly/project/build/test' returned '0': CMAKE_PREFIX_PATH=${CMAKE_PREFIX_PATH}:/home/cly/ros2_ws/install/test_pkg:/opt/ros/humble /usr/bin/cmake --build /home/cly/project/build/test -- -j18 -l18[0m
[0.271s] [34mcolcon.colcon_core.event_handler.log_command[0m [1;30mDEBUG[0m [32mInvoking command in '/home/cly/project/build/test': CMAKE_PREFIX_PATH=${CMAKE_PREFIX_PATH}:/home/cly/ros2_ws/install/test_pkg:/opt/ros/humble /usr/bin/cmake --install /home/cly/project/build/test[0m
[0.275s] [34mcolcon.colcon_core.environment[0m [1;30mLevel 1[0m create_environment_scripts_only(my_mindvision_camera)
[0.276s] [34mcolcon.colcon_core.event_handler.log_command[0m [1;30mDEBUG[0m [32mInvoked command in '/home/cly/project/build/my_mindvision_camera' returned '0': CMAKE_PREFIX_PATH=${CMAKE_PREFIX_PATH}:/home/cly/ros2_ws/install/test_pkg:/opt/ros/humble /usr/bin/cmake --install /home/cly/project/build/my_mindvision_camera[0m
[0.276s] [34mcolcon.colcon_core.environment[0m [1;30mLevel 1[0m checking '/home/cly/project/install/my_mindvision_camera' for CMake module files
[0.277s] [34mcolcon.colcon_core.environment[0m [1;30mLevel 1[0m checking '/home/cly/project/install/my_mindvision_camera' for CMake config files
[0.277s] [34mcolcon.colcon_core.shell[0m [1;30mLevel 1[0m create_environment_hook('my_mindvision_camera', 'cmake_prefix_path')
[0.277s] [34mcolcon.colcon_core.shell[0m [1;30mINFO[0m Creating environment hook '/home/cly/project/install/my_mindvision_camera/share/my_mindvision_camera/hook/cmake_prefix_path.ps1'
[0.278s] [34mcolcon.colcon_core.shell[0m [1;30mINFO[0m Creating environment descriptor '/home/cly/project/install/my_mindvision_camera/share/my_mindvision_camera/hook/cmake_prefix_path.dsv'
[0.278s] [34mcolcon.colcon_core.shell[0m [1;30mINFO[0m Creating environment hook '/home/cly/project/install/my_mindvision_camera/share/my_mindvision_camera/hook/cmake_prefix_path.sh'
[0.279s] [34mcolcon.colcon_core.environment[0m [1;30mLevel 1[0m checking '/home/cly/project/install/my_mindvision_camera/lib'
[0.279s] [34mcolcon.colcon_core.shell[0m [1;30mLevel 1[0m create_environment_hook('my_mindvision_camera', 'ld_library_path_lib')
[0.279s] [34mcolcon.colcon_core.shell[0m [1;30mINFO[0m Creating environment hook '/home/cly/project/install/my_mindvision_camera/share/my_mindvision_camera/hook/ld_library_path_lib.ps1'
[0.280s] [34mcolcon.colcon_core.shell[0m [1;30mINFO[0m Creating environment descriptor '/home/cly/project/install/my_mindvision_camera/share/my_mindvision_camera/hook/ld_library_path_lib.dsv'
[0.280s] [34mcolcon.colcon_core.shell[0m [1;30mINFO[0m Creating environment hook '/home/cly/project/install/my_mindvision_camera/share/my_mindvision_camera/hook/ld_library_path_lib.sh'
[0.281s] [34mcolcon.colcon_core.environment[0m [1;30mLevel 1[0m checking '/home/cly/project/install/my_mindvision_camera/bin'
[0.281s] [34mcolcon.colcon_core.environment[0m [1;30mLevel 1[0m checking '/home/cly/project/install/my_mindvision_camera/lib/pkgconfig/my_mindvision_camera.pc'
[0.281s] [34mcolcon.colcon_core.environment[0m [1;30mLevel 1[0m checking '/home/cly/project/install/my_mindvision_camera/lib/python3.10/site-packages'
[0.281s] [34mcolcon.colcon_core.environment[0m [1;30mLevel 1[0m checking '/home/cly/project/install/my_mindvision_camera/bin'
[0.282s] [34mcolcon.colcon_core.shell[0m [1;30mINFO[0m Creating package script '/home/cly/project/install/my_mindvision_camera/share/my_mindvision_camera/package.ps1'
[0.282s] [34mcolcon.colcon_core.shell[0m [1;30mINFO[0m Creating package descriptor '/home/cly/project/install/my_mindvision_camera/share/my_mindvision_camera/package.dsv'
[0.283s] [34mcolcon.colcon_core.shell[0m [1;30mINFO[0m Creating package script '/home/cly/project/install/my_mindvision_camera/share/my_mindvision_camera/package.sh'
[0.283s] [34mcolcon.colcon_core.shell[0m [1;30mINFO[0m Creating package script '/home/cly/project/install/my_mindvision_camera/share/my_mindvision_camera/package.bash'
[0.283s] [34mcolcon.colcon_core.shell[0m [1;30mINFO[0m Creating package script '/home/cly/project/install/my_mindvision_camera/share/my_mindvision_camera/package.zsh'
[0.283s] [34mcolcon.colcon_core.environment[0m [1;30mLevel 1[0m create_file_with_runtime_dependencies(/home/cly/project/install/my_mindvision_camera/share/colcon-core/packages/my_mindvision_camera)
[0.284s] [34mcolcon.colcon_core.environment[0m [1;30mLevel 1[0m create_environment_scripts_only(my_mindvision_camera)
[0.284s] [34mcolcon.colcon_core.environment[0m [1;30mLevel 1[0m checking '/home/cly/project/install/my_mindvision_camera' for CMake module files
[0.285s] [34mcolcon.colcon_core.environment[0m [1;30mLevel 1[0m checking '/home/cly/project/install/my_mindvision_camera' for CMake config files
[0.285s] [34mcolcon.colcon_core.shell[0m [1;30mLevel 1[0m create_environment_hook('my_mindvision_camera', 'cmake_prefix_path')
[0.285s] [34mcolcon.colcon_core.shell[0m [1;30mINFO[0m Creating environment hook '/home/cly/project/install/my_mindvision_camera/share/my_mindvision_camera/hook/cmake_prefix_path.ps1'
[0.285s] [34mcolcon.colcon_core.shell[0m [1;30mINFO[0m Creating environment descriptor '/home/cly/project/install/my_mindvision_camera/share/my_mindvision_camera/hook/cmake_prefix_path.dsv'
[0.286s] [34mcolcon.colcon_core.shell[0m [1;30mINFO[0m Creating environment hook '/home/cly/project/install/my_mindvision_camera/share/my_mindvision_camera/hook/cmake_prefix_path.sh'
[0.286s] [34mcolcon.colcon_core.environment[0m [1;30mLevel 1[0m checking '/home/cly/project/install/my_mindvision_camera/lib'
[0.286s] [34mcolcon.colcon_core.shell[0m [1;30mLevel 1[0m create_environment_hook('my_mindvision_camera', 'ld_library_path_lib')
[0.286s] [34mcolcon.colcon_core.shell[0m [1;30mINFO[0m Creating environment hook '/home/cly/project/install/my_mindvision_camera/share/my_mindvision_camera/hook/ld_library_path_lib.ps1'
[0.286s] [34mcolcon.colcon_core.shell[0m [1;30mINFO[0m Creating environment descriptor '/home/cly/project/install/my_mindvision_camera/share/my_mindvision_camera/hook/ld_library_path_lib.dsv'
[0.287s] [34mcolcon.colcon_core.shell[0m [1;30mINFO[0m Creating environment hook '/home/cly/project/install/my_mindvision_camera/share/my_mindvision_camera/hook/ld_library_path_lib.sh'
[0.287s] [34mcolcon.colcon_core.environment[0m [1;30mLevel 1[0m checking '/home/cly/project/install/my_mindvision_camera/bin'
[0.287s] [34mcolcon.colcon_core.environment[0m [1;30mLevel 1[0m checking '/home/cly/project/install/my_mindvision_camera/lib/pkgconfig/my_mindvision_camera.pc'
[0.287s] [34mcolcon.colcon_core.environment[0m [1;30mLevel 1[0m checking '/home/cly/project/install/my_mindvision_camera/lib/python3.10/site-packages'
[0.287s] [34mcolcon.colcon_core.environment[0m [1;30mLevel 1[0m checking '/home/cly/project/install/my_mindvision_camera/bin'
[0.287s] [34mcolcon.colcon_core.shell[0m [1;30mINFO[0m Creating package script '/home/cly/project/install/my_mindvision_camera/share/my_mindvision_camera/package.ps1'
[0.288s] [34mcolcon.colcon_core.shell[0m [1;30mINFO[0m Creating package descriptor '/home/cly/project/install/my_mindvision_camera/share/my_mindvision_camera/package.dsv'
[0.288s] [34mcolcon.colcon_core.shell[0m [1;30mINFO[0m Creating package script '/home/cly/project/install/my_mindvision_camera/share/my_mindvision_camera/package.sh'
[0.288s] [34mcolcon.colcon_core.shell[0m [1;30mINFO[0m Creating package script '/home/cly/project/install/my_mindvision_camera/share/my_mindvision_camera/package.bash'
[0.289s] [34mcolcon.colcon_core.shell[0m [1;30mINFO[0m Creating package script '/home/cly/project/install/my_mindvision_camera/share/my_mindvision_camera/package.zsh'
[0.289s] [34mcolcon.colcon_core.environment[0m [1;30mLevel 1[0m create_file_with_runtime_dependencies(/home/cly/project/install/my_mindvision_camera/share/colcon-core/packages/my_mindvision_camera)
[0.289s] [34mcolcon.colcon_core.environment[0m [1;30mLevel 1[0m create_environment_scripts_only(test)
[0.290s] [34mcolcon.colcon_core.environment[0m [1;30mLevel 1[0m checking '/home/cly/project/install/test' for CMake module files
[0.290s] [34mcolcon.colcon_core.environment[0m [1;30mLevel 1[0m checking '/home/cly/project/install/test' for CMake config files
[0.291s] [34mcolcon.colcon_core.event_handler.log_command[0m [1;30mDEBUG[0m [32mInvoked command in '/home/cly/project/build/test' returned '0': CMAKE_PREFIX_PATH=${CMAKE_PREFIX_PATH}:/home/cly/ros2_ws/install/test_pkg:/opt/ros/humble /usr/bin/cmake --install /home/cly/project/build/test[0m
[0.291s] [34mcolcon.colcon_core.shell[0m [1;30mLevel 1[0m create_environment_hook('test', 'cmake_prefix_path')
[0.291s] [34mcolcon.colcon_core.shell[0m [1;30mINFO[0m Creating environment hook '/home/cly/project/install/test/share/test/hook/cmake_prefix_path.ps1'
[0.291s] [34mcolcon.colcon_core.shell[0m [1;30mINFO[0m Creating environment descriptor '/home/cly/project/install/test/share/test/hook/cmake_prefix_path.dsv'
[0.292s] [34mcolcon.colcon_core.shell[0m [1;30mINFO[0m Creating environment hook '/home/cly/project/install/test/share/test/hook/cmake_prefix_path.sh'
[0.292s] [34mcolcon.colcon_core.environment[0m [1;30mLevel 1[0m checking '/home/cly/project/install/test/lib'
[0.292s] [34mcolcon.colcon_core.environment[0m [1;30mLevel 1[0m checking '/home/cly/project/install/test/bin'
[0.292s] [34mcolcon.colcon_core.environment[0m [1;30mLevel 1[0m checking '/home/cly/project/install/test/lib/pkgconfig/test.pc'
[0.292s] [34mcolcon.colcon_core.environment[0m [1;30mLevel 1[0m checking '/home/cly/project/install/test/lib/python3.10/site-packages'
[0.292s] [34mcolcon.colcon_core.environment[0m [1;30mLevel 1[0m checking '/home/cly/project/install/test/bin'
[0.293s] [34mcolcon.colcon_core.shell[0m [1;30mINFO[0m Creating package script '/home/cly/project/install/test/share/test/package.ps1'
[0.293s] [34mcolcon.colcon_core.shell[0m [1;30mINFO[0m Creating package descriptor '/home/cly/project/install/test/share/test/package.dsv'
[0.293s] [34mcolcon.colcon_core.shell[0m [1;30mINFO[0m Creating package script '/home/cly/project/install/test/share/test/package.sh'
[0.293s] [34mcolcon.colcon_core.shell[0m [1;30mINFO[0m Creating package script '/home/cly/project/install/test/share/test/package.bash'
[0.293s] [34mcolcon.colcon_core.shell[0m [1;30mINFO[0m Creating package script '/home/cly/project/install/test/share/test/package.zsh'
[0.294s] [34mcolcon.colcon_core.environment[0m [1;30mLevel 1[0m create_file_with_runtime_dependencies(/home/cly/project/install/test/share/colcon-core/packages/test)
[0.294s] [34mcolcon.colcon_core.environment[0m [1;30mLevel 1[0m create_environment_scripts_only(test)
[0.295s] [34mcolcon.colcon_core.environment[0m [1;30mLevel 1[0m checking '/home/cly/project/install/test' for CMake module files
[0.295s] [34mcolcon.colcon_core.environment[0m [1;30mLevel 1[0m checking '/home/cly/project/install/test' for CMake config files
[0.295s] [34mcolcon.colcon_core.shell[0m [1;30mLevel 1[0m create_environment_hook('test', 'cmake_prefix_path')
[0.295s] [34mcolcon.colcon_core.shell[0m [1;30mINFO[0m Creating environment hook '/home/cly/project/install/test/share/test/hook/cmake_prefix_path.ps1'
[0.295s] [34mcolcon.colcon_core.shell[0m [1;30mINFO[0m Creating environment descriptor '/home/cly/project/install/test/share/test/hook/cmake_prefix_path.dsv'
[0.296s] [34mcolcon.colcon_core.shell[0m [1;30mINFO[0m Creating environment hook '/home/cly/project/install/test/share/test/hook/cmake_prefix_path.sh'
[0.296s] [34mcolcon.colcon_core.environment[0m [1;30mLevel 1[0m checking '/home/cly/project/install/test/lib'
[0.296s] [34mcolcon.colcon_core.environment[0m [1;30mLevel 1[0m checking '/home/cly/project/install/test/bin'
[0.296s] [34mcolcon.colcon_core.environment[0m [1;30mLevel 1[0m checking '/home/cly/project/install/test/lib/pkgconfig/test.pc'
[0.296s] [34mcolcon.colcon_core.environment[0m [1;30mLevel 1[0m checking '/home/cly/project/install/test/lib/python3.10/site-packages'
[0.296s] [34mcolcon.colcon_core.environment[0m [1;30mLevel 1[0m checking '/home/cly/project/install/test/bin'
[0.296s] [34mcolcon.colcon_core.shell[0m [1;30mINFO[0m Creating package script '/home/cly/project/install/test/share/test/package.ps1'
[0.297s] [34mcolcon.colcon_core.shell[0m [1;30mINFO[0m Creating package descriptor '/home/cly/project/install/test/share/test/package.dsv'
[0.297s] [34mcolcon.colcon_core.shell[0m [1;30mINFO[0m Creating package script '/home/cly/project/install/test/share/test/package.sh'
[0.297s] [34mcolcon.colcon_core.shell[0m [1;30mINFO[0m Creating package script '/home/cly/project/install/test/share/test/package.bash'
[0.298s] [34mcolcon.colcon_core.shell[0m [1;30mINFO[0m Creating package script '/home/cly/project/install/test/share/test/package.zsh'
[0.298s] [34mcolcon.colcon_core.environment[0m [1;30mLevel 1[0m create_file_with_runtime_dependencies(/home/cly/project/install/test/share/colcon-core/packages/test)
[3.872s] [34mcolcon.colcon_core.event_handler.log_command[0m [1;30mDEBUG[0m [32mInvoked command in '/home/cly/project/build/img_processing' returned '0': CMAKE_PREFIX_PATH=${CMAKE_PREFIX_PATH}:/home/cly/ros2_ws/install/test_pkg:/opt/ros/humble /usr/bin/cmake --build /home/cly/project/build/img_processing -- -j18 -l18[0m
[3.874s] [34mcolcon.colcon_core.event_handler.log_command[0m [1;30mDEBUG[0m [32mInvoking command in '/home/cly/project/build/img_processing': CMAKE_PREFIX_PATH=${CMAKE_PREFIX_PATH}:/home/cly/ros2_ws/install/test_pkg:/opt/ros/humble /usr/bin/cmake --install /home/cly/project/build/img_processing[0m
[3.882s] [34mcolcon.colcon_core.environment[0m [1;30mLevel 1[0m create_environment_scripts_only(img_processing)
[3.883s] [34mcolcon.colcon_core.environment[0m [1;30mLevel 1[0m checking '/home/cly/project/install/img_processing' for CMake module files
[3.883s] [34mcolcon.colcon_core.event_handler.log_command[0m [1;30mDEBUG[0m [32mInvoked command in '/home/cly/project/build/img_processing' returned '0': CMAKE_PREFIX_PATH=${CMAKE_PREFIX_PATH}:/home/cly/ros2_ws/install/test_pkg:/opt/ros/humble /usr/bin/cmake --install /home/cly/project/build/img_processing[0m
[3.884s] [34mcolcon.colcon_core.environment[0m [1;30mLevel 1[0m checking '/home/cly/project/install/img_processing' for CMake config files
[3.884s] [34mcolcon.colcon_core.shell[0m [1;30mLevel 1[0m create_environment_hook('img_processing', 'cmake_prefix_path')
[3.884s] [34mcolcon.colcon_core.shell[0m [1;30mINFO[0m Creating environment hook '/home/cly/project/install/img_processing/share/img_processing/hook/cmake_prefix_path.ps1'
[3.885s] [34mcolcon.colcon_core.shell[0m [1;30mINFO[0m Creating environment descriptor '/home/cly/project/install/img_processing/share/img_processing/hook/cmake_prefix_path.dsv'
[3.885s] [34mcolcon.colcon_core.shell[0m [1;30mINFO[0m Creating environment hook '/home/cly/project/install/img_processing/share/img_processing/hook/cmake_prefix_path.sh'
[3.886s] [34mcolcon.colcon_core.environment[0m [1;30mLevel 1[0m checking '/home/cly/project/install/img_processing/lib'
[3.886s] [34mcolcon.colcon_core.environment[0m [1;30mLevel 1[0m checking '/home/cly/project/install/img_processing/bin'
[3.886s] [34mcolcon.colcon_core.environment[0m [1;30mLevel 1[0m checking '/home/cly/project/install/img_processing/lib/pkgconfig/img_processing.pc'
[3.886s] [34mcolcon.colcon_core.environment[0m [1;30mLevel 1[0m checking '/home/cly/project/install/img_processing/lib/python3.10/site-packages'
[3.886s] [34mcolcon.colcon_core.environment[0m [1;30mLevel 1[0m checking '/home/cly/project/install/img_processing/bin'
[3.887s] [34mcolcon.colcon_core.shell[0m [1;30mINFO[0m Creating package script '/home/cly/project/install/img_processing/share/img_processing/package.ps1'
[3.887s] [34mcolcon.colcon_core.shell[0m [1;30mINFO[0m Creating package descriptor '/home/cly/project/install/img_processing/share/img_processing/package.dsv'
[3.887s] [34mcolcon.colcon_core.shell[0m [1;30mINFO[0m Creating package script '/home/cly/project/install/img_processing/share/img_processing/package.sh'
[3.888s] [34mcolcon.colcon_core.shell[0m [1;30mINFO[0m Creating package script '/home/cly/project/install/img_processing/share/img_processing/package.bash'
[3.888s] [34mcolcon.colcon_core.shell[0m [1;30mINFO[0m Creating package script '/home/cly/project/install/img_processing/share/img_processing/package.zsh'
[3.888s] [34mcolcon.colcon_core.environment[0m [1;30mLevel 1[0m create_file_with_runtime_dependencies(/home/cly/project/install/img_processing/share/colcon-core/packages/img_processing)
[3.889s] [34mcolcon.colcon_core.environment[0m [1;30mLevel 1[0m create_environment_scripts_only(img_processing)
[3.889s] [34mcolcon.colcon_core.environment[0m [1;30mLevel 1[0m checking '/home/cly/project/install/img_processing' for CMake module files
[3.889s] [34mcolcon.colcon_core.environment[0m [1;30mLevel 1[0m checking '/home/cly/project/install/img_processing' for CMake config files
[3.889s] [34mcolcon.colcon_core.shell[0m [1;30mLevel 1[0m create_environment_hook('img_processing', 'cmake_prefix_path')
[3.889s] [34mcolcon.colcon_core.shell[0m [1;30mINFO[0m Creating environment hook '/home/cly/project/install/img_processing/share/img_processing/hook/cmake_prefix_path.ps1'
[3.889s] [34mcolcon.colcon_core.shell[0m [1;30mINFO[0m Creating environment descriptor '/home/cly/project/install/img_processing/share/img_processing/hook/cmake_prefix_path.dsv'
[3.890s] [34mcolcon.colcon_core.shell[0m [1;30mINFO[0m Creating environment hook '/home/cly/project/install/img_processing/share/img_processing/hook/cmake_prefix_path.sh'
[3.890s] [34mcolcon.colcon_core.environment[0m [1;30mLevel 1[0m checking '/home/cly/project/install/img_processing/lib'
[3.890s] [34mcolcon.colcon_core.environment[0m [1;30mLevel 1[0m checking '/home/cly/project/install/img_processing/bin'
[3.890s] [34mcolcon.colcon_core.environment[0m [1;30mLevel 1[0m checking '/home/cly/project/install/img_processing/lib/pkgconfig/img_processing.pc'
[3.890s] [34mcolcon.colcon_core.environment[0m [1;30mLevel 1[0m checking '/home/cly/project/install/img_processing/lib/python3.10/site-packages'
[3.890s] [34mcolcon.colcon_core.environment[0m [1;30mLevel 1[0m checking '/home/cly/project/install/img_processing/bin'
[3.891s] [34mcolcon.colcon_core.shell[0m [1;30mINFO[0m Creating package script '/home/cly/project/install/img_processing/share/img_processing/package.ps1'
[3.891s] [34mcolcon.colcon_core.shell[0m [1;30mINFO[0m Creating package descriptor '/home/cly/project/install/img_processing/share/img_processing/package.dsv'
[3.891s] [34mcolcon.colcon_core.shell[0m [1;30mINFO[0m Creating package script '/home/cly/project/install/img_processing/share/img_processing/package.sh'
[3.892s] [34mcolcon.colcon_core.shell[0m [1;30mINFO[0m Creating package script '/home/cly/project/install/img_processing/share/img_processing/package.bash'
[3.892s] [34mcolcon.colcon_core.shell[0m [1;30mINFO[0m Creating package script '/home/cly/project/install/img_processing/share/img_processing/package.zsh'
[3.892s] [34mcolcon.colcon_core.environment[0m [1;30mLevel 1[0m create_file_with_runtime_dependencies(/home/cly/project/install/img_processing/share/colcon-core/packages/img_processing)
[3.892s] [34mcolcon.colcon_parallel_executor.executor.parallel[0m [1;30mDEBUG[0m [32mclosing loop[0m
[3.893s] [34mcolcon.colcon_parallel_executor.executor.parallel[0m [1;30mDEBUG[0m [32mloop closed[0m
[3.893s] [34mcolcon.colcon_parallel_executor.executor.parallel[0m [1;30mDEBUG[0m [32mrun_until_complete finished with '0'[0m
[3.893s] [34mcolcon.colcon_core.event_reactor[0m [1;30mDEBUG[0m [32mjoining thread[0m
[3.896s] [34mcolcon.colcon_core.plugin_system[0m [1;30mINFO[0m Skipping extension 'colcon_notification.desktop_notification.terminal_notifier': Not used on non-Darwin systems
[3.896s] [34mcolcon.colcon_core.plugin_system[0m [1;30mINFO[0m Skipping extension 'colcon_notification.desktop_notification.win32': Not used on non-Windows systems
[3.897s] [34mcolcon.colcon_notification.desktop_notification[0m [1;30mINFO[0m Sending desktop notification using 'notify2'
[3.911s] [34mcolcon.colcon_core.event_reactor[0m [1;30mDEBUG[0m [32mjoined thread[0m
[3.912s] [34mcolcon.colcon_core.shell[0m [1;30mINFO[0m Creating prefix script '/home/cly/project/install/local_setup.ps1'
[3.913s] [34mcolcon.colcon_core.shell[0m [1;30mINFO[0m Creating prefix util module '/home/cly/project/install/_local_setup_util_ps1.py'
[3.915s] [34mcolcon.colcon_core.shell[0m [1;30mINFO[0m Creating prefix chain script '/home/cly/project/install/setup.ps1'
[3.917s] [34mcolcon.colcon_core.shell[0m [1;30mINFO[0m Creating prefix script '/home/cly/project/install/local_setup.sh'
[3.917s] [34mcolcon.colcon_core.shell[0m [1;30mINFO[0m Creating prefix util module '/home/cly/project/install/_local_setup_util_sh.py'
[3.918s] [34mcolcon.colcon_core.shell[0m [1;30mINFO[0m Creating prefix chain script '/home/cly/project/install/setup.sh'
[3.919s] [34mcolcon.colcon_core.shell[0m [1;30mINFO[0m Creating prefix script '/home/cly/project/install/local_setup.bash'
[3.920s] [34mcolcon.colcon_core.shell[0m [1;30mINFO[0m Creating prefix chain script '/home/cly/project/install/setup.bash'
[3.921s] [34mcolcon.colcon_core.shell[0m [1;30mINFO[0m Creating prefix script '/home/cly/project/install/local_setup.zsh'
[3.922s] [34mcolcon.colcon_core.shell[0m [1;30mINFO[0m Creating prefix chain script '/home/cly/project/install/setup.zsh'
