[0.012s] Invoking command in '/home/cly/project/build/bringup': CMAKE_PREFIX_PATH=${CMAKE_PREFIX_PATH}:/home/cly/ros2_ws/install/test_pkg:/opt/ros/humble /usr/bin/cmake /home/cly/project/src/bringup -DCMAKE_INSTALL_PREFIX=/home/cly/project/install/bringup
[0.022s] [0mCMake Deprecation Warning at CMakeLists.txt:1 (cmake_minimum_required):
[0.022s]   Compatibility with CMake < 3.10 will be removed from a future version of
[0.023s]   CMake.
[0.023s] 
[0.023s]   Update the VERSION argument <min> value.  Or, use the <min>...<max> syntax
[0.023s]   to tell CMake that the project requires at least <min> but has been updated
[0.023s]   to work with policies introduced by <max> or earlier.
[0.023s] 
[0.023s] [0m
[0.054s] -- The C compiler identification is GNU 11.4.0
[0.120s] -- The CXX compiler identification is GNU 11.4.0
[0.128s] -- Detecting C compiler ABI info
[0.180s] -- Detecting C compiler ABI info - done
[0.189s] -- Check for working C compiler: /usr/bin/cc - skipped
[0.189s] -- Detecting C compile features
[0.190s] -- Detecting C compile features - done
[0.198s] -- Detecting CXX compiler ABI info
[0.251s] -- Detecting CXX compiler ABI info - done
[0.269s] -- Check for working CXX compiler: /usr/bin/c++ - skipped
[0.269s] -- Detecting CXX compile features
[0.269s] -- Detecting CXX compile features - done
[0.278s] -- Found ament_cmake: 1.3.12 (/opt/ros/humble/share/ament_cmake/cmake)
[0.383s] -- Found Python3: /usr/bin/python3 (found version "3.10.12") found components: Interpreter
[0.473s] -- Found rclcpp: 16.0.17 (/opt/ros/humble/share/rclcpp/cmake)
[0.499s] -- Found rosidl_generator_c: 3.1.8 (/opt/ros/humble/share/rosidl_generator_c/cmake)
[0.502s] -- Found rosidl_adapter: 3.1.8 (/opt/ros/humble/share/rosidl_adapter/cmake)
[0.509s] -- Found rosidl_generator_cpp: 3.1.8 (/opt/ros/humble/share/rosidl_generator_cpp/cmake)
[0.519s] -- Using all available rosidl_typesupport_c: rosidl_typesupport_fastrtps_c;rosidl_typesupport_introspection_c
[0.532s] -- Using all available rosidl_typesupport_cpp: rosidl_typesupport_fastrtps_cpp;rosidl_typesupport_introspection_cpp
[0.562s] -- Found rmw_implementation_cmake: 6.1.2 (/opt/ros/humble/share/rmw_implementation_cmake/cmake)
[0.564s] -- Found rmw_fastrtps_cpp: 6.2.9 (/opt/ros/humble/share/rmw_fastrtps_cpp/cmake)
[0.635s] -- Found OpenSSL: /usr/lib/x86_64-linux-gnu/libcrypto.so (found version "3.0.2")
[0.664s] -- Found FastRTPS: /opt/ros/humble/include
[0.694s] -- Using RMW implementation 'rmw_fastrtps_cpp' as default
[0.698s] -- Performing Test CMAKE_HAVE_LIBC_PTHREAD
[0.741s] -- Performing Test CMAKE_HAVE_LIBC_PTHREAD - Success
[0.742s] -- Found Threads: TRUE
[0.784s] -- Found ament_lint_auto: 0.12.14 (/opt/ros/humble/share/ament_lint_auto/cmake)
[0.842s] -- Added test 'flake8' to check Python code syntax and style conventions
[0.843s] -- Added test 'lint_cmake' to check CMake code style
[0.843s] -- Added test 'pep257' to check Python code against some of the docstring style conventions in PEP 257
[0.844s] -- Added test 'xmllint' to check XML markup files
[0.846s] -- Configuring done (0.8s)
[0.852s] -- Generating done (0.0s)
[0.871s] -- Build files have been written to: /home/cly/project/build/bringup
[0.886s] Invoked command in '/home/cly/project/build/bringup' returned '0': CMAKE_PREFIX_PATH=${CMAKE_PREFIX_PATH}:/home/cly/ros2_ws/install/test_pkg:/opt/ros/humble /usr/bin/cmake /home/cly/project/src/bringup -DCMAKE_INSTALL_PREFIX=/home/cly/project/install/bringup
[0.888s] Invoking command in '/home/cly/project/build/bringup': CMAKE_PREFIX_PATH=${CMAKE_PREFIX_PATH}:/home/cly/ros2_ws/install/test_pkg:/opt/ros/humble /usr/bin/cmake --build /home/cly/project/build/bringup -- -j18 -l18
[0.919s] Invoked command in '/home/cly/project/build/bringup' returned '0': CMAKE_PREFIX_PATH=${CMAKE_PREFIX_PATH}:/home/cly/ros2_ws/install/test_pkg:/opt/ros/humble /usr/bin/cmake --build /home/cly/project/build/bringup -- -j18 -l18
[0.927s] Invoking command in '/home/cly/project/build/bringup': CMAKE_PREFIX_PATH=${CMAKE_PREFIX_PATH}:/home/cly/ros2_ws/install/test_pkg:/opt/ros/humble /usr/bin/cmake --install /home/cly/project/build/bringup
[0.930s] -- Install configuration: ""
[0.930s] -- Installing: /home/cly/project/install/bringup/share/bringup/launch
[0.930s] -- Installing: /home/cly/project/install/bringup/share/bringup/launch/total_launch.py
[0.931s] -- Installing: /home/cly/project/install/bringup/share/ament_index/resource_index/package_run_dependencies/bringup
[0.931s] -- Installing: /home/cly/project/install/bringup/share/ament_index/resource_index/parent_prefix_path/bringup
[0.931s] -- Installing: /home/cly/project/install/bringup/share/bringup/environment/ament_prefix_path.sh
[0.931s] -- Installing: /home/cly/project/install/bringup/share/bringup/environment/ament_prefix_path.dsv
[0.931s] -- Installing: /home/cly/project/install/bringup/share/bringup/environment/path.sh
[0.931s] -- Installing: /home/cly/project/install/bringup/share/bringup/environment/path.dsv
[0.931s] -- Installing: /home/cly/project/install/bringup/share/bringup/local_setup.bash
[0.931s] -- Installing: /home/cly/project/install/bringup/share/bringup/local_setup.sh
[0.931s] -- Installing: /home/cly/project/install/bringup/share/bringup/local_setup.zsh
[0.932s] -- Installing: /home/cly/project/install/bringup/share/bringup/local_setup.dsv
[0.932s] -- Installing: /home/cly/project/install/bringup/share/bringup/package.dsv
[0.932s] -- Installing: /home/cly/project/install/bringup/share/ament_index/resource_index/packages/bringup
[0.932s] -- Installing: /home/cly/project/install/bringup/share/bringup/cmake/bringupConfig.cmake
[0.932s] -- Installing: /home/cly/project/install/bringup/share/bringup/cmake/bringupConfig-version.cmake
[0.932s] -- Installing: /home/cly/project/install/bringup/share/bringup/package.xml
[0.934s] Invoked command in '/home/cly/project/build/bringup' returned '0': CMAKE_PREFIX_PATH=${CMAKE_PREFIX_PATH}:/home/cly/ros2_ws/install/test_pkg:/opt/ros/humble /usr/bin/cmake --install /home/cly/project/build/bringup
