-- The C compiler identification is GNU 11.4.0
-- The CXX compiler identification is GNU 11.4.0
-- Detecting C compiler ABI info
-- Detecting C compiler ABI info - done
-- Check for working C compiler: /usr/bin/cc - skipped
-- Detecting C compile features
-- Detecting C compile features - done
-- Detecting CXX compiler ABI info
-- Detecting CXX compiler ABI info - done
-- Check for working CXX compiler: /usr/bin/c++ - skipped
-- Detecting CXX compile features
-- Detecting CXX compile features - done
-- Found ament_cmake_auto: 1.3.12 (/opt/ros/humble/share/ament_cmake_auto/cmake)
-- Found Python3: /usr/bin/python3 (found version "3.10.12") found components: Interpreter
-- Found rosidl_generator_c: 3.1.8 (/opt/ros/humble/share/rosidl_generator_c/cmake)
-- Found rosidl_adapter: 3.1.8 (/opt/ros/humble/share/rosidl_adapter/cmake)
-- Found rosidl_generator_cpp: 3.1.8 (/opt/ros/humble/share/rosidl_generator_cpp/cmake)
-- Using all available rosidl_typesupport_c: rosidl_typesupport_fastrtps_c;rosidl_typesupport_introspection_c
-- Using all available rosidl_typesupport_cpp: rosidl_typesupport_fastrtps_cpp;rosidl_typesupport_introspection_cpp
-- Found rmw_implementation_cmake: 6.1.2 (/opt/ros/humble/share/rmw_implementation_cmake/cmake)
-- Found rmw_fastrtps_cpp: 6.2.9 (/opt/ros/humble/share/rmw_fastrtps_cpp/cmake)
-- Found OpenSSL: /usr/lib/x86_64-linux-gnu/libcrypto.so (found version "3.0.2")
-- Found FastRTPS: /opt/ros/humble/include
-- Using RMW implementation 'rmw_fastrtps_cpp' as default
-- Performing Test CMAKE_HAVE_LIBC_PTHREAD
-- Performing Test CMAKE_HAVE_LIBC_PTHREAD - Success
-- Found Threads: TRUE
-- Configuring done (0.9s)
-- Generating done (0.0s)
-- Build files have been written to: /home/cly/project/build/my_mindvision_camera
[ 25%] [32mBuilding CXX object CMakeFiles/my_mindvision_camera.dir/src/mv_camera_node.cpp.o[0m
[ 50%] [32mBuilding CXX object CMakeFiles/mv_camera_node.dir/rclcpp_components/node_main_mv_camera_node.cpp.o[0m
[ 75%] [1m[32mLinking CXX executable mv_camera_node[0m
[ 75%] Built target mv_camera_node
[100%] [1m[32mLinking CXX shared library libmy_mindvision_camera.so[0m
[100%] Built target my_mindvision_camera
-- Install configuration: ""
-- Installing: /home/cly/project/install/my_mindvision_camera/lib/my_mindvision_camera/mv_camera_node
-- Set non-toolchain portion of runtime path of "/home/cly/project/install/my_mindvision_camera/lib/my_mindvision_camera/mv_camera_node" to ""
-- Installing: /home/cly/project/install/my_mindvision_camera/include
-- Installing: /home/cly/project/install/my_mindvision_camera/include/my_mindvision_camera
-- Installing: /home/cly/project/install/my_mindvision_camera/share/my_mindvision_camera/environment/library_path.sh
-- Installing: /home/cly/project/install/my_mindvision_camera/share/my_mindvision_camera/environment/library_path.dsv
-- Installing: /home/cly/project/install/my_mindvision_camera/lib/libmy_mindvision_camera.so
-- Set non-toolchain portion of runtime path of "/home/cly/project/install/my_mindvision_camera/lib/libmy_mindvision_camera.so" to ""
-- Installing: /home/cly/project/install/my_mindvision_camera/share/my_mindvision_camera/config
-- Installing: /home/cly/project/install/my_mindvision_camera/share/my_mindvision_camera/config/camera_params.yaml
-- Installing: /home/cly/project/install/my_mindvision_camera/share/my_mindvision_camera/config/camera_info.yaml
-- Installing: /home/cly/project/install/my_mindvision_camera/share/my_mindvision_camera/launch
-- Installing: /home/cly/project/install/my_mindvision_camera/share/my_mindvision_camera/launch/mv_launch.py
-- Installing: /home/cly/project/install/my_mindvision_camera/share/ament_index/resource_index/package_run_dependencies/my_mindvision_camera
-- Installing: /home/cly/project/install/my_mindvision_camera/share/ament_index/resource_index/parent_prefix_path/my_mindvision_camera
-- Installing: /home/cly/project/install/my_mindvision_camera/share/my_mindvision_camera/environment/ament_prefix_path.sh
-- Installing: /home/cly/project/install/my_mindvision_camera/share/my_mindvision_camera/environment/ament_prefix_path.dsv
-- Installing: /home/cly/project/install/my_mindvision_camera/share/my_mindvision_camera/environment/path.sh
-- Installing: /home/cly/project/install/my_mindvision_camera/share/my_mindvision_camera/environment/path.dsv
-- Installing: /home/cly/project/install/my_mindvision_camera/share/my_mindvision_camera/local_setup.bash
-- Installing: /home/cly/project/install/my_mindvision_camera/share/my_mindvision_camera/local_setup.sh
-- Installing: /home/cly/project/install/my_mindvision_camera/share/my_mindvision_camera/local_setup.zsh
-- Installing: /home/cly/project/install/my_mindvision_camera/share/my_mindvision_camera/local_setup.dsv
-- Installing: /home/cly/project/install/my_mindvision_camera/share/my_mindvision_camera/package.dsv
-- Installing: /home/cly/project/install/my_mindvision_camera/share/ament_index/resource_index/packages/my_mindvision_camera
-- Installing: /home/cly/project/install/my_mindvision_camera/share/ament_index/resource_index/rclcpp_components/my_mindvision_camera
-- Installing: /home/cly/project/install/my_mindvision_camera/share/my_mindvision_camera/cmake/ament_cmake_export_dependencies-extras.cmake
-- Installing: /home/cly/project/install/my_mindvision_camera/share/my_mindvision_camera/cmake/ament_cmake_export_include_directories-extras.cmake
-- Installing: /home/cly/project/install/my_mindvision_camera/share/my_mindvision_camera/cmake/ament_cmake_export_libraries-extras.cmake
-- Installing: /home/cly/project/install/my_mindvision_camera/share/my_mindvision_camera/cmake/my_mindvision_cameraConfig.cmake
-- Installing: /home/cly/project/install/my_mindvision_camera/share/my_mindvision_camera/cmake/my_mindvision_cameraConfig-version.cmake
-- Installing: /home/cly/project/install/my_mindvision_camera/share/my_mindvision_camera/package.xml
