[0.014s] Invoking command in '/home/cly/project/build/my_mindvision_camera': CMAKE_PREFIX_PATH=${CMAKE_PREFIX_PATH}:/home/cly/ros2_ws/install/test_pkg:/opt/ros/humble /usr/bin/cmake /home/cly/project/src/my_mindvision_camera -DCMAKE_INSTALL_PREFIX=/home/cly/project/install/my_mindvision_camera
[0.059s] -- The C compiler identification is GNU 11.4.0
[0.103s] -- The CXX compiler identification is GNU 11.4.0
[0.108s] -- Detecting C compiler ABI info
[0.163s] -- Detecting C compiler ABI info - done
[0.174s] -- Check for working C compiler: /usr/bin/cc - skipped
[0.174s] -- Detecting C compile features
[0.175s] -- Detecting C compile features - done
[0.185s] -- Detecting CXX compiler ABI info
[0.234s] -- Detecting CXX compiler ABI info - done
[0.244s] -- Check for working CXX compiler: /usr/bin/c++ - skipped
[0.244s] -- Detecting CXX compile features
[0.245s] -- Detecting CXX compile features - done
[0.249s] -- Found ament_cmake_auto: 1.3.12 (/opt/ros/humble/share/ament_cmake_auto/cmake)
[0.357s] -- Found Python3: /usr/bin/python3 (found version "3.10.12") found components: Interpreter
[0.489s] -- Found rosidl_generator_c: 3.1.8 (/opt/ros/humble/share/rosidl_generator_c/cmake)
[0.492s] -- Found rosidl_adapter: 3.1.8 (/opt/ros/humble/share/rosidl_adapter/cmake)
[0.498s] -- Found rosidl_generator_cpp: 3.1.8 (/opt/ros/humble/share/rosidl_generator_cpp/cmake)
[0.507s] -- Using all available rosidl_typesupport_c: rosidl_typesupport_fastrtps_c;rosidl_typesupport_introspection_c
[0.518s] -- Using all available rosidl_typesupport_cpp: rosidl_typesupport_fastrtps_cpp;rosidl_typesupport_introspection_cpp
[0.555s] -- Found rmw_implementation_cmake: 6.1.2 (/opt/ros/humble/share/rmw_implementation_cmake/cmake)
[0.556s] -- Found rmw_fastrtps_cpp: 6.2.9 (/opt/ros/humble/share/rmw_fastrtps_cpp/cmake)
[0.624s] -- Found OpenSSL: /usr/lib/x86_64-linux-gnu/libcrypto.so (found version "3.0.2")
[0.662s] -- Found FastRTPS: /opt/ros/humble/include
[0.696s] -- Using RMW implementation 'rmw_fastrtps_cpp' as default
[0.701s] -- Performing Test CMAKE_HAVE_LIBC_PTHREAD
[0.753s] -- Performing Test CMAKE_HAVE_LIBC_PTHREAD - Success
[0.754s] -- Found Threads: TRUE
[0.912s] [0mIn this package, headers install destination is set to `include` by ament_auto_package. It is recommended to install `include/my_mindvision_camera` instead and will be the default behavior of ament_auto_package from ROS 2 Kilted Kaiju. On distributions before Kilted, ament_auto_package behaves the same way when you use USE_SCOPED_HEADER_INSTALL_DIR option.[0m
[0.915s] -- Configuring done (0.9s)
[0.925s] -- Generating done (0.0s)
[0.941s] -- Build files have been written to: /home/cly/project/build/my_mindvision_camera
[0.950s] Invoked command in '/home/cly/project/build/my_mindvision_camera' returned '0': CMAKE_PREFIX_PATH=${CMAKE_PREFIX_PATH}:/home/cly/ros2_ws/install/test_pkg:/opt/ros/humble /usr/bin/cmake /home/cly/project/src/my_mindvision_camera -DCMAKE_INSTALL_PREFIX=/home/cly/project/install/my_mindvision_camera
[0.951s] Invoking command in '/home/cly/project/build/my_mindvision_camera': CMAKE_PREFIX_PATH=${CMAKE_PREFIX_PATH}:/home/cly/ros2_ws/install/test_pkg:/opt/ros/humble /usr/bin/cmake --build /home/cly/project/build/my_mindvision_camera -- -j18 -l18
[0.970s] [ 25%] [32mBuilding CXX object CMakeFiles/my_mindvision_camera.dir/src/mv_camera_node.cpp.o[0m
[0.970s] [ 50%] [32mBuilding CXX object CMakeFiles/mv_camera_node.dir/rclcpp_components/node_main_mv_camera_node.cpp.o[0m
[3.308s] [ 75%] [1m[32mLinking CXX executable mv_camera_node[0m
[3.454s] [ 75%] Built target mv_camera_node
[4.225s] [100%] [1m[32mLinking CXX shared library libmy_mindvision_camera.so[0m
[4.334s] [100%] Built target my_mindvision_camera
[4.341s] Invoked command in '/home/cly/project/build/my_mindvision_camera' returned '0': CMAKE_PREFIX_PATH=${CMAKE_PREFIX_PATH}:/home/cly/ros2_ws/install/test_pkg:/opt/ros/humble /usr/bin/cmake --build /home/cly/project/build/my_mindvision_camera -- -j18 -l18
[4.343s] Invoking command in '/home/cly/project/build/my_mindvision_camera': CMAKE_PREFIX_PATH=${CMAKE_PREFIX_PATH}:/home/cly/ros2_ws/install/test_pkg:/opt/ros/humble /usr/bin/cmake --install /home/cly/project/build/my_mindvision_camera
[4.347s] -- Install configuration: ""
[4.347s] -- Installing: /home/cly/project/install/my_mindvision_camera/lib/my_mindvision_camera/mv_camera_node
[4.348s] -- Set non-toolchain portion of runtime path of "/home/cly/project/install/my_mindvision_camera/lib/my_mindvision_camera/mv_camera_node" to ""
[4.348s] -- Installing: /home/cly/project/install/my_mindvision_camera/include
[4.348s] -- Installing: /home/cly/project/install/my_mindvision_camera/include/my_mindvision_camera
[4.348s] -- Installing: /home/cly/project/install/my_mindvision_camera/share/my_mindvision_camera/environment/library_path.sh
[4.348s] -- Installing: /home/cly/project/install/my_mindvision_camera/share/my_mindvision_camera/environment/library_path.dsv
[4.348s] -- Installing: /home/cly/project/install/my_mindvision_camera/lib/libmy_mindvision_camera.so
[4.349s] -- Set non-toolchain portion of runtime path of "/home/cly/project/install/my_mindvision_camera/lib/libmy_mindvision_camera.so" to ""
[4.349s] -- Installing: /home/cly/project/install/my_mindvision_camera/share/my_mindvision_camera/config
[4.349s] -- Installing: /home/cly/project/install/my_mindvision_camera/share/my_mindvision_camera/config/camera_params.yaml
[4.349s] -- Installing: /home/cly/project/install/my_mindvision_camera/share/my_mindvision_camera/config/camera_info.yaml
[4.349s] -- Installing: /home/cly/project/install/my_mindvision_camera/share/my_mindvision_camera/launch
[4.349s] -- Installing: /home/cly/project/install/my_mindvision_camera/share/my_mindvision_camera/launch/mv_launch.py
[4.349s] -- Installing: /home/cly/project/install/my_mindvision_camera/share/ament_index/resource_index/package_run_dependencies/my_mindvision_camera
[4.349s] -- Installing: /home/cly/project/install/my_mindvision_camera/share/ament_index/resource_index/parent_prefix_path/my_mindvision_camera
[4.350s] -- Installing: /home/cly/project/install/my_mindvision_camera/share/my_mindvision_camera/environment/ament_prefix_path.sh
[4.350s] -- Installing: /home/cly/project/install/my_mindvision_camera/share/my_mindvision_camera/environment/ament_prefix_path.dsv
[4.350s] -- Installing: /home/cly/project/install/my_mindvision_camera/share/my_mindvision_camera/environment/path.sh
[4.350s] -- Installing: /home/cly/project/install/my_mindvision_camera/share/my_mindvision_camera/environment/path.dsv
[4.350s] -- Installing: /home/cly/project/install/my_mindvision_camera/share/my_mindvision_camera/local_setup.bash
[4.350s] -- Installing: /home/cly/project/install/my_mindvision_camera/share/my_mindvision_camera/local_setup.sh
[4.350s] -- Installing: /home/cly/project/install/my_mindvision_camera/share/my_mindvision_camera/local_setup.zsh
[4.350s] -- Installing: /home/cly/project/install/my_mindvision_camera/share/my_mindvision_camera/local_setup.dsv
[4.350s] -- Installing: /home/cly/project/install/my_mindvision_camera/share/my_mindvision_camera/package.dsv
[4.350s] -- Installing: /home/cly/project/install/my_mindvision_camera/share/ament_index/resource_index/packages/my_mindvision_camera
[4.350s] -- Installing: /home/cly/project/install/my_mindvision_camera/share/ament_index/resource_index/rclcpp_components/my_mindvision_camera
[4.351s] -- Installing: /home/cly/project/install/my_mindvision_camera/share/my_mindvision_camera/cmake/ament_cmake_export_dependencies-extras.cmake
[4.351s] -- Installing: /home/cly/project/install/my_mindvision_camera/share/my_mindvision_camera/cmake/ament_cmake_export_include_directories-extras.cmake
[4.351s] -- Installing: /home/cly/project/install/my_mindvision_camera/share/my_mindvision_camera/cmake/ament_cmake_export_libraries-extras.cmake
[4.351s] -- Installing: /home/cly/project/install/my_mindvision_camera/share/my_mindvision_camera/cmake/my_mindvision_cameraConfig.cmake
[4.351s] -- Installing: /home/cly/project/install/my_mindvision_camera/share/my_mindvision_camera/cmake/my_mindvision_cameraConfig-version.cmake
[4.351s] -- Installing: /home/cly/project/install/my_mindvision_camera/share/my_mindvision_camera/package.xml
[4.353s] Invoked command in '/home/cly/project/build/my_mindvision_camera' returned '0': CMAKE_PREFIX_PATH=${CMAKE_PREFIX_PATH}:/home/cly/ros2_ws/install/test_pkg:/opt/ros/humble /usr/bin/cmake --install /home/cly/project/build/my_mindvision_camera
