[0.010s] Invoking command in '/home/cly/project/build/my_mindvision_camera': CMAKE_PREFIX_PATH=${CMAKE_PREFIX_PATH}:/home/cly/ros2_ws/install/test_pkg:/opt/ros/humble /usr/bin/cmake --build /home/cly/project/build/my_mindvision_camera -- -j18 -l18
[0.034s] [ 50%] Built target my_mindvision_camera
[0.037s] [100%] Built target mv_camera_node
[1.504s] Invoked command in '/home/cly/project/build/my_mindvision_camera' returned '0': CMAKE_PREFIX_PATH=${CMAKE_PREFIX_PATH}:/home/cly/ros2_ws/install/test_pkg:/opt/ros/humble /usr/bin/cmake --build /home/cly/project/build/my_mindvision_camera -- -j18 -l18
[1.505s] Invoking command in '/home/cly/project/build/my_mindvision_camera': CMAKE_PREFIX_PATH=${CMAKE_PREFIX_PATH}:/home/cly/ros2_ws/install/test_pkg:/opt/ros/humble /usr/bin/cmake --install /home/cly/project/build/my_mindvision_camera
[1.510s] -- Install configuration: ""
[1.510s] -- Up-to-date: /home/cly/project/install/my_mindvision_camera/lib/my_mindvision_camera/mv_camera_node
[1.510s] -- Up-to-date: /home/cly/project/install/my_mindvision_camera/include
[1.510s] -- Up-to-date: /home/cly/project/install/my_mindvision_camera/include/my_mindvision_camera
[1.510s] -- Up-to-date: /home/cly/project/install/my_mindvision_camera/share/my_mindvision_camera/environment/library_path.sh
[1.510s] -- Up-to-date: /home/cly/project/install/my_mindvision_camera/share/my_mindvision_camera/environment/library_path.dsv
[1.510s] -- Up-to-date: /home/cly/project/install/my_mindvision_camera/lib/libmy_mindvision_camera.so
[1.510s] -- Up-to-date: /home/cly/project/install/my_mindvision_camera/share/my_mindvision_camera/config
[1.511s] -- Up-to-date: /home/cly/project/install/my_mindvision_camera/share/my_mindvision_camera/config/camera_params.yaml
[1.511s] -- Up-to-date: /home/cly/project/install/my_mindvision_camera/share/my_mindvision_camera/config/camera_info.yaml
[1.511s] -- Up-to-date: /home/cly/project/install/my_mindvision_camera/share/my_mindvision_camera/launch
[1.511s] -- Up-to-date: /home/cly/project/install/my_mindvision_camera/share/my_mindvision_camera/launch/mv_launch.py
[1.511s] -- Up-to-date: /home/cly/project/install/my_mindvision_camera/share/ament_index/resource_index/package_run_dependencies/my_mindvision_camera
[1.511s] -- Up-to-date: /home/cly/project/install/my_mindvision_camera/share/ament_index/resource_index/parent_prefix_path/my_mindvision_camera
[1.511s] -- Up-to-date: /home/cly/project/install/my_mindvision_camera/share/my_mindvision_camera/environment/ament_prefix_path.sh
[1.511s] -- Up-to-date: /home/cly/project/install/my_mindvision_camera/share/my_mindvision_camera/environment/ament_prefix_path.dsv
[1.511s] -- Up-to-date: /home/cly/project/install/my_mindvision_camera/share/my_mindvision_camera/environment/path.sh
[1.511s] -- Up-to-date: /home/cly/project/install/my_mindvision_camera/share/my_mindvision_camera/environment/path.dsv
[1.511s] -- Up-to-date: /home/cly/project/install/my_mindvision_camera/share/my_mindvision_camera/local_setup.bash
[1.511s] -- Up-to-date: /home/cly/project/install/my_mindvision_camera/share/my_mindvision_camera/local_setup.sh
[1.511s] -- Up-to-date: /home/cly/project/install/my_mindvision_camera/share/my_mindvision_camera/local_setup.zsh
[1.511s] -- Up-to-date: /home/cly/project/install/my_mindvision_camera/share/my_mindvision_camera/local_setup.dsv
[1.511s] -- Installing: /home/cly/project/install/my_mindvision_camera/share/my_mindvision_camera/package.dsv
[1.511s] -- Up-to-date: /home/cly/project/install/my_mindvision_camera/share/ament_index/resource_index/packages/my_mindvision_camera
[1.511s] -- Up-to-date: /home/cly/project/install/my_mindvision_camera/share/ament_index/resource_index/rclcpp_components/my_mindvision_camera
[1.511s] -- Up-to-date: /home/cly/project/install/my_mindvision_camera/share/my_mindvision_camera/cmake/ament_cmake_export_dependencies-extras.cmake
[1.512s] -- Up-to-date: /home/cly/project/install/my_mindvision_camera/share/my_mindvision_camera/cmake/ament_cmake_export_include_directories-extras.cmake
[1.512s] -- Up-to-date: /home/cly/project/install/my_mindvision_camera/share/my_mindvision_camera/cmake/ament_cmake_export_libraries-extras.cmake
[1.512s] -- Up-to-date: /home/cly/project/install/my_mindvision_camera/share/my_mindvision_camera/cmake/my_mindvision_cameraConfig.cmake
[1.512s] -- Up-to-date: /home/cly/project/install/my_mindvision_camera/share/my_mindvision_camera/cmake/my_mindvision_cameraConfig-version.cmake
[1.512s] -- Up-to-date: /home/cly/project/install/my_mindvision_camera/share/my_mindvision_camera/package.xml
[1.514s] Invoked command in '/home/cly/project/build/my_mindvision_camera' returned '0': CMAKE_PREFIX_PATH=${CMAKE_PREFIX_PATH}:/home/cly/ros2_ws/install/test_pkg:/opt/ros/humble /usr/bin/cmake --install /home/cly/project/build/my_mindvision_camera
