[0.016s] Invoking command in '/home/cly/project/build/bringup': CMAKE_PREFIX_PATH=${CMAKE_PREFIX_PATH}:/home/cly/ros2_ws/install/test_pkg:/opt/ros/humble /usr/bin/cmake --build /home/cly/project/build/bringup -- -j18 -l18
[0.033s] Invoked command in '/home/cly/project/build/bringup' returned '0': CMAKE_PREFIX_PATH=${CMAKE_PREFIX_PATH}:/home/cly/ros2_ws/install/test_pkg:/opt/ros/humble /usr/bin/cmake --build /home/cly/project/build/bringup -- -j18 -l18
[0.037s] Invoking command in '/home/cly/project/build/bringup': CMAKE_PREFIX_PATH=${CMAKE_PREFIX_PATH}:/home/cly/ros2_ws/install/test_pkg:/opt/ros/humble /usr/bin/cmake --install /home/cly/project/build/bringup
[0.039s] -- Install configuration: ""
[0.039s] -- Up-to-date: /home/cly/project/install/bringup/share/bringup/launch
[0.039s] -- Up-to-date: /home/cly/project/install/bringup/share/bringup/launch/total_launch.py
[0.039s] -- Up-to-date: /home/cly/project/install/bringup/share/ament_index/resource_index/package_run_dependencies/bringup
[0.039s] -- Up-to-date: /home/cly/project/install/bringup/share/ament_index/resource_index/parent_prefix_path/bringup
[0.039s] -- Up-to-date: /home/cly/project/install/bringup/share/bringup/environment/ament_prefix_path.sh
[0.039s] -- Up-to-date: /home/cly/project/install/bringup/share/bringup/environment/ament_prefix_path.dsv
[0.039s] -- Up-to-date: /home/cly/project/install/bringup/share/bringup/environment/path.sh
[0.039s] -- Up-to-date: /home/cly/project/install/bringup/share/bringup/environment/path.dsv
[0.040s] -- Up-to-date: /home/cly/project/install/bringup/share/bringup/local_setup.bash
[0.040s] -- Up-to-date: /home/cly/project/install/bringup/share/bringup/local_setup.sh
[0.040s] -- Up-to-date: /home/cly/project/install/bringup/share/bringup/local_setup.zsh
[0.040s] -- Up-to-date: /home/cly/project/install/bringup/share/bringup/local_setup.dsv
[0.040s] -- Installing: /home/cly/project/install/bringup/share/bringup/package.dsv
[0.040s] -- Up-to-date: /home/cly/project/install/bringup/share/ament_index/resource_index/packages/bringup
[0.040s] -- Up-to-date: /home/cly/project/install/bringup/share/bringup/cmake/bringupConfig.cmake
[0.040s] -- Up-to-date: /home/cly/project/install/bringup/share/bringup/cmake/bringupConfig-version.cmake
[0.040s] -- Up-to-date: /home/cly/project/install/bringup/share/bringup/package.xml
[0.041s] Invoked command in '/home/cly/project/build/bringup' returned '0': CMAKE_PREFIX_PATH=${CMAKE_PREFIX_PATH}:/home/cly/ros2_ws/install/test_pkg:/opt/ros/humble /usr/bin/cmake --install /home/cly/project/build/bringup
