[0.059s] DEBUG:colcon:Command line arguments: ['/usr/bin/colcon', 'build']
[0.059s] DEBUG:colcon:Parsed command line arguments: Namespace(log_base=None, log_level=None, verb_name='build', build_base='build', install_base='install', merge_install=False, symlink_install=False, test_result_base=None, continue_on_error=False, executor='parallel', parallel_workers=18, event_handlers=None, ignore_user_meta=False, metas=['./colcon.meta'], base_paths=['.'], packages_ignore=None, packages_ignore_regex=None, paths=None, packages_up_to=None, packages_up_to_regex=None, packages_above=None, packages_above_and_dependencies=None, packages_above_depth=None, packages_select_by_dep=None, packages_skip_by_dep=None, packages_skip_up_to=None, packages_select_build_failed=False, packages_skip_build_finished=False, packages_select_test_failures=False, packages_skip_test_passed=False, packages_select=None, packages_skip=None, packages_select_regex=None, packages_skip_regex=None, packages_start=None, packages_end=None, allow_overriding=[], cmake_args=None, cmake_target=None, cmake_target_skip_unavailable=False, cmake_clean_cache=False, cmake_clean_first=False, cmake_force_configure=False, ament_cmake_args=None, catkin_cmake_args=None, catkin_skip_building_tests=False, verb_parser=<colcon_defaults.argument_parser.defaults.DefaultArgumentsDecorator object at 0x7605a3e03a00>, verb_extension=<colcon_core.verb.build.BuildVerb object at 0x7605a3f44e20>, main=<bound method BuildVerb.main of <colcon_core.verb.build.BuildVerb object at 0x7605a3f44e20>>)
[0.151s] Level 1:colcon.colcon_core.package_discovery:discover_packages(colcon_meta) check parameters
[0.151s] Level 1:colcon.colcon_core.package_discovery:discover_packages(recursive) check parameters
[0.151s] Level 1:colcon.colcon_core.package_discovery:discover_packages(ignore) check parameters
[0.151s] Level 1:colcon.colcon_core.package_discovery:discover_packages(path) check parameters
[0.151s] Level 1:colcon.colcon_core.package_discovery:discover_packages(colcon_meta) discover
[0.151s] Level 1:colcon.colcon_core.package_discovery:discover_packages(recursive) discover
[0.151s] INFO:colcon.colcon_core.package_discovery:Crawling recursively for packages in '/home/cly/project'
[0.151s] Level 1:colcon.colcon_core.package_identification:_identify(.) by extensions ['ignore', 'ignore_ament_install']
[0.151s] Level 1:colcon.colcon_core.package_identification:_identify(.) by extension 'ignore'
[0.151s] Level 1:colcon.colcon_core.package_identification:_identify(.) by extension 'ignore_ament_install'
[0.151s] Level 1:colcon.colcon_core.package_identification:_identify(.) by extensions ['colcon_pkg']
[0.151s] Level 1:colcon.colcon_core.package_identification:_identify(.) by extension 'colcon_pkg'
[0.151s] Level 1:colcon.colcon_core.package_identification:_identify(.) by extensions ['colcon_meta']
[0.151s] Level 1:colcon.colcon_core.package_identification:_identify(.) by extension 'colcon_meta'
[0.151s] Level 1:colcon.colcon_core.package_identification:_identify(.) by extensions ['ros']
[0.151s] Level 1:colcon.colcon_core.package_identification:_identify(.) by extension 'ros'
[0.159s] Level 1:colcon.colcon_core.package_identification:_identify(.) by extensions ['cmake', 'python']
[0.159s] Level 1:colcon.colcon_core.package_identification:_identify(.) by extension 'cmake'
[0.159s] Level 1:colcon.colcon_core.package_identification:_identify(.) by extension 'python'
[0.159s] Level 1:colcon.colcon_core.package_identification:_identify(.) by extensions ['python_setup_py']
[0.159s] Level 1:colcon.colcon_core.package_identification:_identify(.) by extension 'python_setup_py'
[0.159s] Level 1:colcon.colcon_core.package_identification:_identify(Camera) by extensions ['ignore', 'ignore_ament_install']
[0.159s] Level 1:colcon.colcon_core.package_identification:_identify(Camera) by extension 'ignore'
[0.159s] Level 1:colcon.colcon_core.package_identification:_identify(Camera) by extension 'ignore_ament_install'
[0.159s] Level 1:colcon.colcon_core.package_identification:_identify(Camera) by extensions ['colcon_pkg']
[0.159s] Level 1:colcon.colcon_core.package_identification:_identify(Camera) by extension 'colcon_pkg'
[0.159s] Level 1:colcon.colcon_core.package_identification:_identify(Camera) by extensions ['colcon_meta']
[0.159s] Level 1:colcon.colcon_core.package_identification:_identify(Camera) by extension 'colcon_meta'
[0.159s] Level 1:colcon.colcon_core.package_identification:_identify(Camera) by extensions ['ros']
[0.159s] Level 1:colcon.colcon_core.package_identification:_identify(Camera) by extension 'ros'
[0.159s] Level 1:colcon.colcon_core.package_identification:_identify(Camera) by extensions ['cmake', 'python']
[0.159s] Level 1:colcon.colcon_core.package_identification:_identify(Camera) by extension 'cmake'
[0.159s] Level 1:colcon.colcon_core.package_identification:_identify(Camera) by extension 'python'
[0.159s] Level 1:colcon.colcon_core.package_identification:_identify(Camera) by extensions ['python_setup_py']
[0.159s] Level 1:colcon.colcon_core.package_identification:_identify(Camera) by extension 'python_setup_py'
[0.159s] Level 1:colcon.colcon_core.package_identification:_identify(Camera/Data) by extensions ['ignore', 'ignore_ament_install']
[0.159s] Level 1:colcon.colcon_core.package_identification:_identify(Camera/Data) by extension 'ignore'
[0.159s] Level 1:colcon.colcon_core.package_identification:_identify(Camera/Data) by extension 'ignore_ament_install'
[0.159s] Level 1:colcon.colcon_core.package_identification:_identify(Camera/Data) by extensions ['colcon_pkg']
[0.159s] Level 1:colcon.colcon_core.package_identification:_identify(Camera/Data) by extension 'colcon_pkg'
[0.159s] Level 1:colcon.colcon_core.package_identification:_identify(Camera/Data) by extensions ['colcon_meta']
[0.159s] Level 1:colcon.colcon_core.package_identification:_identify(Camera/Data) by extension 'colcon_meta'
[0.159s] Level 1:colcon.colcon_core.package_identification:_identify(Camera/Data) by extensions ['ros']
[0.159s] Level 1:colcon.colcon_core.package_identification:_identify(Camera/Data) by extension 'ros'
[0.159s] Level 1:colcon.colcon_core.package_identification:_identify(Camera/Data) by extensions ['cmake', 'python']
[0.159s] Level 1:colcon.colcon_core.package_identification:_identify(Camera/Data) by extension 'cmake'
[0.159s] Level 1:colcon.colcon_core.package_identification:_identify(Camera/Data) by extension 'python'
[0.159s] Level 1:colcon.colcon_core.package_identification:_identify(Camera/Data) by extensions ['python_setup_py']
[0.159s] Level 1:colcon.colcon_core.package_identification:_identify(Camera/Data) by extension 'python_setup_py'
[0.159s] Level 1:colcon.colcon_core.package_identification:_identify(Camera/log) by extensions ['ignore', 'ignore_ament_install']
[0.160s] Level 1:colcon.colcon_core.package_identification:_identify(Camera/log) by extension 'ignore'
[0.160s] Level 1:colcon.colcon_core.package_identification:_identify(Camera/log) by extension 'ignore_ament_install'
[0.160s] Level 1:colcon.colcon_core.package_identification:_identify(Camera/log) by extensions ['colcon_pkg']
[0.160s] Level 1:colcon.colcon_core.package_identification:_identify(Camera/log) by extension 'colcon_pkg'
[0.160s] Level 1:colcon.colcon_core.package_identification:_identify(Camera/log) by extensions ['colcon_meta']
[0.160s] Level 1:colcon.colcon_core.package_identification:_identify(Camera/log) by extension 'colcon_meta'
[0.160s] Level 1:colcon.colcon_core.package_identification:_identify(Camera/log) by extensions ['ros']
[0.160s] Level 1:colcon.colcon_core.package_identification:_identify(Camera/log) by extension 'ros'
[0.160s] Level 1:colcon.colcon_core.package_identification:_identify(Camera/log) by extensions ['cmake', 'python']
[0.160s] Level 1:colcon.colcon_core.package_identification:_identify(Camera/log) by extension 'cmake'
[0.160s] Level 1:colcon.colcon_core.package_identification:_identify(Camera/log) by extension 'python'
[0.160s] Level 1:colcon.colcon_core.package_identification:_identify(Camera/log) by extensions ['python_setup_py']
[0.160s] Level 1:colcon.colcon_core.package_identification:_identify(Camera/log) by extension 'python_setup_py'
[0.160s] Level 1:colcon.colcon_core.package_identification:_identify(build) by extensions ['ignore', 'ignore_ament_install']
[0.160s] Level 1:colcon.colcon_core.package_identification:_identify(build) by extension 'ignore'
[0.160s] Level 1:colcon.colcon_core.package_identification:_identify(build) ignored
[0.160s] Level 1:colcon.colcon_core.package_identification:_identify(install) by extensions ['ignore', 'ignore_ament_install']
[0.160s] Level 1:colcon.colcon_core.package_identification:_identify(install) by extension 'ignore'
[0.160s] Level 1:colcon.colcon_core.package_identification:_identify(install) ignored
[0.160s] Level 1:colcon.colcon_core.package_identification:_identify(log) by extensions ['ignore', 'ignore_ament_install']
[0.160s] Level 1:colcon.colcon_core.package_identification:_identify(log) by extension 'ignore'
[0.160s] Level 1:colcon.colcon_core.package_identification:_identify(log) ignored
[0.160s] Level 1:colcon.colcon_core.package_identification:_identify(src) by extensions ['ignore', 'ignore_ament_install']
[0.160s] Level 1:colcon.colcon_core.package_identification:_identify(src) by extension 'ignore'
[0.160s] Level 1:colcon.colcon_core.package_identification:_identify(src) by extension 'ignore_ament_install'
[0.160s] Level 1:colcon.colcon_core.package_identification:_identify(src) by extensions ['colcon_pkg']
[0.160s] Level 1:colcon.colcon_core.package_identification:_identify(src) by extension 'colcon_pkg'
[0.160s] Level 1:colcon.colcon_core.package_identification:_identify(src) by extensions ['colcon_meta']
[0.160s] Level 1:colcon.colcon_core.package_identification:_identify(src) by extension 'colcon_meta'
[0.160s] Level 1:colcon.colcon_core.package_identification:_identify(src) by extensions ['ros']
[0.160s] Level 1:colcon.colcon_core.package_identification:_identify(src) by extension 'ros'
[0.160s] Level 1:colcon.colcon_core.package_identification:_identify(src) by extensions ['cmake', 'python']
[0.160s] Level 1:colcon.colcon_core.package_identification:_identify(src) by extension 'cmake'
[0.160s] Level 1:colcon.colcon_core.package_identification:_identify(src) by extension 'python'
[0.160s] Level 1:colcon.colcon_core.package_identification:_identify(src) by extensions ['python_setup_py']
[0.160s] Level 1:colcon.colcon_core.package_identification:_identify(src) by extension 'python_setup_py'
[0.160s] Level 1:colcon.colcon_core.package_identification:_identify(src/bringup) by extensions ['ignore', 'ignore_ament_install']
[0.160s] Level 1:colcon.colcon_core.package_identification:_identify(src/bringup) by extension 'ignore'
[0.160s] Level 1:colcon.colcon_core.package_identification:_identify(src/bringup) by extension 'ignore_ament_install'
[0.161s] Level 1:colcon.colcon_core.package_identification:_identify(src/bringup) by extensions ['colcon_pkg']
[0.161s] Level 1:colcon.colcon_core.package_identification:_identify(src/bringup) by extension 'colcon_pkg'
[0.161s] Level 1:colcon.colcon_core.package_identification:_identify(src/bringup) by extensions ['colcon_meta']
[0.161s] Level 1:colcon.colcon_core.package_identification:_identify(src/bringup) by extension 'colcon_meta'
[0.161s] Level 1:colcon.colcon_core.package_identification:_identify(src/bringup) by extensions ['ros']
[0.161s] Level 1:colcon.colcon_core.package_identification:_identify(src/bringup) by extension 'ros'
[0.162s] DEBUG:colcon.colcon_core.package_identification:Package 'src/bringup' with type 'ros.ament_cmake' and name 'bringup'
[0.162s] Level 1:colcon.colcon_core.package_identification:_identify(src/img_processing) by extensions ['ignore', 'ignore_ament_install']
[0.162s] Level 1:colcon.colcon_core.package_identification:_identify(src/img_processing) by extension 'ignore'
[0.162s] Level 1:colcon.colcon_core.package_identification:_identify(src/img_processing) by extension 'ignore_ament_install'
[0.162s] Level 1:colcon.colcon_core.package_identification:_identify(src/img_processing) by extensions ['colcon_pkg']
[0.162s] Level 1:colcon.colcon_core.package_identification:_identify(src/img_processing) by extension 'colcon_pkg'
[0.162s] Level 1:colcon.colcon_core.package_identification:_identify(src/img_processing) by extensions ['colcon_meta']
[0.162s] Level 1:colcon.colcon_core.package_identification:_identify(src/img_processing) by extension 'colcon_meta'
[0.162s] Level 1:colcon.colcon_core.package_identification:_identify(src/img_processing) by extensions ['ros']
[0.162s] Level 1:colcon.colcon_core.package_identification:_identify(src/img_processing) by extension 'ros'
[0.163s] DEBUG:colcon.colcon_core.package_identification:Package 'src/img_processing' with type 'ros.ament_cmake' and name 'img_processing'
[0.163s] Level 1:colcon.colcon_core.package_identification:_identify(src/my_mindvision_camera) by extensions ['ignore', 'ignore_ament_install']
[0.163s] Level 1:colcon.colcon_core.package_identification:_identify(src/my_mindvision_camera) by extension 'ignore'
[0.163s] Level 1:colcon.colcon_core.package_identification:_identify(src/my_mindvision_camera) by extension 'ignore_ament_install'
[0.163s] Level 1:colcon.colcon_core.package_identification:_identify(src/my_mindvision_camera) by extensions ['colcon_pkg']
[0.163s] Level 1:colcon.colcon_core.package_identification:_identify(src/my_mindvision_camera) by extension 'colcon_pkg'
[0.163s] Level 1:colcon.colcon_core.package_identification:_identify(src/my_mindvision_camera) by extensions ['colcon_meta']
[0.163s] Level 1:colcon.colcon_core.package_identification:_identify(src/my_mindvision_camera) by extension 'colcon_meta'
[0.163s] Level 1:colcon.colcon_core.package_identification:_identify(src/my_mindvision_camera) by extensions ['ros']
[0.163s] Level 1:colcon.colcon_core.package_identification:_identify(src/my_mindvision_camera) by extension 'ros'
[0.164s] DEBUG:colcon.colcon_core.package_identification:Package 'src/my_mindvision_camera' with type 'ros.ament_cmake' and name 'my_mindvision_camera'
[0.164s] Level 1:colcon.colcon_core.package_identification:_identify(src/test) by extensions ['ignore', 'ignore_ament_install']
[0.164s] Level 1:colcon.colcon_core.package_identification:_identify(src/test) by extension 'ignore'
[0.164s] Level 1:colcon.colcon_core.package_identification:_identify(src/test) by extension 'ignore_ament_install'
[0.164s] Level 1:colcon.colcon_core.package_identification:_identify(src/test) by extensions ['colcon_pkg']
[0.164s] Level 1:colcon.colcon_core.package_identification:_identify(src/test) by extension 'colcon_pkg'
[0.164s] Level 1:colcon.colcon_core.package_identification:_identify(src/test) by extensions ['colcon_meta']
[0.164s] Level 1:colcon.colcon_core.package_identification:_identify(src/test) by extension 'colcon_meta'
[0.164s] Level 1:colcon.colcon_core.package_identification:_identify(src/test) by extensions ['ros']
[0.164s] Level 1:colcon.colcon_core.package_identification:_identify(src/test) by extension 'ros'
[0.164s] DEBUG:colcon.colcon_core.package_identification:Package 'src/test' with type 'ros.ament_cmake' and name 'test'
[0.164s] Level 1:colcon.colcon_core.package_discovery:discover_packages(recursive) using defaults
[0.165s] Level 1:colcon.colcon_core.package_discovery:discover_packages(ignore) discover
[0.165s] Level 1:colcon.colcon_core.package_discovery:discover_packages(ignore) using defaults
[0.165s] Level 1:colcon.colcon_core.package_discovery:discover_packages(path) discover
[0.165s] Level 1:colcon.colcon_core.package_discovery:discover_packages(path) using defaults
[0.177s] Level 1:colcon.colcon_core.package_discovery:discover_packages(prefix_path) check parameters
[0.177s] Level 1:colcon.colcon_core.package_discovery:discover_packages(prefix_path) discover
[0.177s] WARNING:colcon.colcon_ros.prefix_path.ament:The path '/home/cly/project/install/test' in the environment variable AMENT_PREFIX_PATH doesn't exist
[0.177s] WARNING:colcon.colcon_ros.prefix_path.ament:The path '/home/cly/project/install/my_mindvision_camera' in the environment variable AMENT_PREFIX_PATH doesn't exist
[0.177s] WARNING:colcon.colcon_ros.prefix_path.ament:The path '/home/cly/project/install/img_processing' in the environment variable AMENT_PREFIX_PATH doesn't exist
[0.177s] WARNING:colcon.colcon_ros.prefix_path.ament:The path '/home/cly/project/install/bringup' in the environment variable AMENT_PREFIX_PATH doesn't exist
[0.177s] WARNING:colcon.colcon_ros.prefix_path.catkin:The path '/home/cly/project/install/test' in the environment variable CMAKE_PREFIX_PATH doesn't exist
[0.177s] WARNING:colcon.colcon_ros.prefix_path.catkin:The path '/home/cly/project/install/my_mindvision_camera' in the environment variable CMAKE_PREFIX_PATH doesn't exist
[0.177s] WARNING:colcon.colcon_ros.prefix_path.catkin:The path '/home/cly/project/install/img_processing' in the environment variable CMAKE_PREFIX_PATH doesn't exist
[0.177s] WARNING:colcon.colcon_ros.prefix_path.catkin:The path '/home/cly/project/install/bringup' in the environment variable CMAKE_PREFIX_PATH doesn't exist
[0.178s] DEBUG:colcon.colcon_installed_package_information.package_discovery:Found 0 installed packages in /home/cly/project/install
[0.178s] DEBUG:colcon.colcon_installed_package_information.package_discovery:Found 1 installed packages in /home/cly/ros2_ws/install
[0.178s] DEBUG:colcon.colcon_installed_package_information.package_discovery:Found 284 installed packages in /opt/ros/humble
[0.187s] Level 1:colcon.colcon_core.package_discovery:discover_packages(prefix_path) using defaults
[0.208s] Level 5:colcon.colcon_core.verb:set package 'bringup' build argument 'cmake_args' from command line to 'None'
[0.208s] Level 5:colcon.colcon_core.verb:set package 'bringup' build argument 'cmake_target' from command line to 'None'
[0.208s] Level 5:colcon.colcon_core.verb:set package 'bringup' build argument 'cmake_target_skip_unavailable' from command line to 'False'
[0.208s] Level 5:colcon.colcon_core.verb:set package 'bringup' build argument 'cmake_clean_cache' from command line to 'False'
[0.208s] Level 5:colcon.colcon_core.verb:set package 'bringup' build argument 'cmake_clean_first' from command line to 'False'
[0.209s] Level 5:colcon.colcon_core.verb:set package 'bringup' build argument 'cmake_force_configure' from command line to 'False'
[0.209s] Level 5:colcon.colcon_core.verb:set package 'bringup' build argument 'ament_cmake_args' from command line to 'None'
[0.209s] Level 5:colcon.colcon_core.verb:set package 'bringup' build argument 'catkin_cmake_args' from command line to 'None'
[0.209s] Level 5:colcon.colcon_core.verb:set package 'bringup' build argument 'catkin_skip_building_tests' from command line to 'False'
[0.209s] DEBUG:colcon.colcon_core.verb:Building package 'bringup' with the following arguments: {'ament_cmake_args': None, 'build_base': '/home/cly/project/build/bringup', 'catkin_cmake_args': None, 'catkin_skip_building_tests': False, 'cmake_args': None, 'cmake_clean_cache': False, 'cmake_clean_first': False, 'cmake_force_configure': False, 'cmake_target': None, 'cmake_target_skip_unavailable': False, 'install_base': '/home/cly/project/install/bringup', 'merge_install': False, 'path': '/home/cly/project/src/bringup', 'symlink_install': False, 'test_result_base': None}
[0.209s] Level 5:colcon.colcon_core.verb:set package 'img_processing' build argument 'cmake_args' from command line to 'None'
[0.209s] Level 5:colcon.colcon_core.verb:set package 'img_processing' build argument 'cmake_target' from command line to 'None'
[0.209s] Level 5:colcon.colcon_core.verb:set package 'img_processing' build argument 'cmake_target_skip_unavailable' from command line to 'False'
[0.209s] Level 5:colcon.colcon_core.verb:set package 'img_processing' build argument 'cmake_clean_cache' from command line to 'False'
[0.209s] Level 5:colcon.colcon_core.verb:set package 'img_processing' build argument 'cmake_clean_first' from command line to 'False'
[0.209s] Level 5:colcon.colcon_core.verb:set package 'img_processing' build argument 'cmake_force_configure' from command line to 'False'
[0.209s] Level 5:colcon.colcon_core.verb:set package 'img_processing' build argument 'ament_cmake_args' from command line to 'None'
[0.209s] Level 5:colcon.colcon_core.verb:set package 'img_processing' build argument 'catkin_cmake_args' from command line to 'None'
[0.209s] Level 5:colcon.colcon_core.verb:set package 'img_processing' build argument 'catkin_skip_building_tests' from command line to 'False'
[0.209s] DEBUG:colcon.colcon_core.verb:Building package 'img_processing' with the following arguments: {'ament_cmake_args': None, 'build_base': '/home/cly/project/build/img_processing', 'catkin_cmake_args': None, 'catkin_skip_building_tests': False, 'cmake_args': None, 'cmake_clean_cache': False, 'cmake_clean_first': False, 'cmake_force_configure': False, 'cmake_target': None, 'cmake_target_skip_unavailable': False, 'install_base': '/home/cly/project/install/img_processing', 'merge_install': False, 'path': '/home/cly/project/src/img_processing', 'symlink_install': False, 'test_result_base': None}
[0.209s] Level 5:colcon.colcon_core.verb:set package 'my_mindvision_camera' build argument 'cmake_args' from command line to 'None'
[0.209s] Level 5:colcon.colcon_core.verb:set package 'my_mindvision_camera' build argument 'cmake_target' from command line to 'None'
[0.209s] Level 5:colcon.colcon_core.verb:set package 'my_mindvision_camera' build argument 'cmake_target_skip_unavailable' from command line to 'False'
[0.209s] Level 5:colcon.colcon_core.verb:set package 'my_mindvision_camera' build argument 'cmake_clean_cache' from command line to 'False'
[0.209s] Level 5:colcon.colcon_core.verb:set package 'my_mindvision_camera' build argument 'cmake_clean_first' from command line to 'False'
[0.209s] Level 5:colcon.colcon_core.verb:set package 'my_mindvision_camera' build argument 'cmake_force_configure' from command line to 'False'
[0.209s] Level 5:colcon.colcon_core.verb:set package 'my_mindvision_camera' build argument 'ament_cmake_args' from command line to 'None'
[0.209s] Level 5:colcon.colcon_core.verb:set package 'my_mindvision_camera' build argument 'catkin_cmake_args' from command line to 'None'
[0.209s] Level 5:colcon.colcon_core.verb:set package 'my_mindvision_camera' build argument 'catkin_skip_building_tests' from command line to 'False'
[0.209s] DEBUG:colcon.colcon_core.verb:Building package 'my_mindvision_camera' with the following arguments: {'ament_cmake_args': None, 'build_base': '/home/cly/project/build/my_mindvision_camera', 'catkin_cmake_args': None, 'catkin_skip_building_tests': False, 'cmake_args': None, 'cmake_clean_cache': False, 'cmake_clean_first': False, 'cmake_force_configure': False, 'cmake_target': None, 'cmake_target_skip_unavailable': False, 'install_base': '/home/cly/project/install/my_mindvision_camera', 'merge_install': False, 'path': '/home/cly/project/src/my_mindvision_camera', 'symlink_install': False, 'test_result_base': None}
[0.209s] Level 5:colcon.colcon_core.verb:set package 'test' build argument 'cmake_args' from command line to 'None'
[0.209s] Level 5:colcon.colcon_core.verb:set package 'test' build argument 'cmake_target' from command line to 'None'
[0.209s] Level 5:colcon.colcon_core.verb:set package 'test' build argument 'cmake_target_skip_unavailable' from command line to 'False'
[0.209s] Level 5:colcon.colcon_core.verb:set package 'test' build argument 'cmake_clean_cache' from command line to 'False'
[0.209s] Level 5:colcon.colcon_core.verb:set package 'test' build argument 'cmake_clean_first' from command line to 'False'
[0.209s] Level 5:colcon.colcon_core.verb:set package 'test' build argument 'cmake_force_configure' from command line to 'False'
[0.209s] Level 5:colcon.colcon_core.verb:set package 'test' build argument 'ament_cmake_args' from command line to 'None'
[0.209s] Level 5:colcon.colcon_core.verb:set package 'test' build argument 'catkin_cmake_args' from command line to 'None'
[0.209s] Level 5:colcon.colcon_core.verb:set package 'test' build argument 'catkin_skip_building_tests' from command line to 'False'
[0.209s] DEBUG:colcon.colcon_core.verb:Building package 'test' with the following arguments: {'ament_cmake_args': None, 'build_base': '/home/cly/project/build/test', 'catkin_cmake_args': None, 'catkin_skip_building_tests': False, 'cmake_args': None, 'cmake_clean_cache': False, 'cmake_clean_first': False, 'cmake_force_configure': False, 'cmake_target': None, 'cmake_target_skip_unavailable': False, 'install_base': '/home/cly/project/install/test', 'merge_install': False, 'path': '/home/cly/project/src/test', 'symlink_install': False, 'test_result_base': None}
[0.210s] INFO:colcon.colcon_core.executor:Executing jobs using 'parallel' executor
[0.211s] DEBUG:colcon.colcon_parallel_executor.executor.parallel:run_until_complete
[0.211s] INFO:colcon.colcon_ros.task.ament_cmake.build:Building ROS package in '/home/cly/project/src/bringup' with build type 'ament_cmake'
[0.211s] INFO:colcon.colcon_cmake.task.cmake.build:Building CMake package in '/home/cly/project/src/bringup'
[0.212s] INFO:colcon.colcon_core.plugin_system:Skipping extension 'colcon_core.shell.bat': Not used on non-Windows systems
[0.212s] INFO:colcon.colcon_core.shell:Skip shell extension 'powershell' for command environment: Not usable outside of PowerShell
[0.212s] DEBUG:colcon.colcon_core.shell:Skip shell extension 'dsv' for command environment
[0.215s] INFO:colcon.colcon_ros.task.ament_cmake.build:Building ROS package in '/home/cly/project/src/img_processing' with build type 'ament_cmake'
[0.215s] INFO:colcon.colcon_cmake.task.cmake.build:Building CMake package in '/home/cly/project/src/img_processing'
[0.215s] INFO:colcon.colcon_core.shell:Skip shell extension 'powershell' for command environment: Not usable outside of PowerShell
[0.215s] DEBUG:colcon.colcon_core.shell:Skip shell extension 'dsv' for command environment
[0.217s] INFO:colcon.colcon_ros.task.ament_cmake.build:Building ROS package in '/home/cly/project/src/my_mindvision_camera' with build type 'ament_cmake'
[0.217s] INFO:colcon.colcon_cmake.task.cmake.build:Building CMake package in '/home/cly/project/src/my_mindvision_camera'
[0.217s] INFO:colcon.colcon_core.shell:Skip shell extension 'powershell' for command environment: Not usable outside of PowerShell
[0.217s] DEBUG:colcon.colcon_core.shell:Skip shell extension 'dsv' for command environment
[0.218s] INFO:colcon.colcon_ros.task.ament_cmake.build:Building ROS package in '/home/cly/project/src/test' with build type 'ament_cmake'
[0.219s] INFO:colcon.colcon_cmake.task.cmake.build:Building CMake package in '/home/cly/project/src/test'
[0.219s] INFO:colcon.colcon_core.shell:Skip shell extension 'powershell' for command environment: Not usable outside of PowerShell
[0.219s] DEBUG:colcon.colcon_core.shell:Skip shell extension 'dsv' for command environment
[0.223s] DEBUG:colcon.colcon_core.event_handler.log_command:Invoking command in '/home/cly/project/build/bringup': CMAKE_PREFIX_PATH=${CMAKE_PREFIX_PATH}:/home/cly/ros2_ws/install/test_pkg:/opt/ros/humble /usr/bin/cmake /home/cly/project/src/bringup -DCMAKE_INSTALL_PREFIX=/home/cly/project/install/bringup
[0.230s] DEBUG:colcon.colcon_core.event_handler.log_command:Invoking command in '/home/cly/project/build/img_processing': CMAKE_PREFIX_PATH=${CMAKE_PREFIX_PATH}:/home/cly/ros2_ws/install/test_pkg:/opt/ros/humble /usr/bin/cmake /home/cly/project/src/img_processing -DCMAKE_INSTALL_PREFIX=/home/cly/project/install/img_processing
[0.231s] DEBUG:colcon.colcon_core.event_handler.log_command:Invoking command in '/home/cly/project/build/my_mindvision_camera': CMAKE_PREFIX_PATH=${CMAKE_PREFIX_PATH}:/home/cly/ros2_ws/install/test_pkg:/opt/ros/humble /usr/bin/cmake /home/cly/project/src/my_mindvision_camera -DCMAKE_INSTALL_PREFIX=/home/cly/project/install/my_mindvision_camera
[0.236s] DEBUG:colcon.colcon_core.event_handler.log_command:Invoking command in '/home/cly/project/build/test': CMAKE_PREFIX_PATH=${CMAKE_PREFIX_PATH}:/home/cly/ros2_ws/install/test_pkg:/opt/ros/humble /usr/bin/cmake /home/cly/project/src/test -DCMAKE_INSTALL_PREFIX=/home/cly/project/install/test
[1.097s] DEBUG:colcon.colcon_core.event_handler.log_command:Invoked command in '/home/cly/project/build/bringup' returned '0': CMAKE_PREFIX_PATH=${CMAKE_PREFIX_PATH}:/home/cly/ros2_ws/install/test_pkg:/opt/ros/humble /usr/bin/cmake /home/cly/project/src/bringup -DCMAKE_INSTALL_PREFIX=/home/cly/project/install/bringup
[1.100s] DEBUG:colcon.colcon_core.event_handler.log_command:Invoking command in '/home/cly/project/build/bringup': CMAKE_PREFIX_PATH=${CMAKE_PREFIX_PATH}:/home/cly/ros2_ws/install/test_pkg:/opt/ros/humble /usr/bin/cmake --build /home/cly/project/build/bringup -- -j18 -l18
[1.130s] DEBUG:colcon.colcon_core.event_handler.log_command:Invoked command in '/home/cly/project/build/bringup' returned '0': CMAKE_PREFIX_PATH=${CMAKE_PREFIX_PATH}:/home/cly/ros2_ws/install/test_pkg:/opt/ros/humble /usr/bin/cmake --build /home/cly/project/build/bringup -- -j18 -l18
[1.138s] DEBUG:colcon.colcon_core.event_handler.log_command:Invoking command in '/home/cly/project/build/bringup': CMAKE_PREFIX_PATH=${CMAKE_PREFIX_PATH}:/home/cly/ros2_ws/install/test_pkg:/opt/ros/humble /usr/bin/cmake --install /home/cly/project/build/bringup
[1.144s] Level 1:colcon.colcon_core.environment:create_environment_scripts_only(bringup)
[1.145s] DEBUG:colcon.colcon_core.event_handler.log_command:Invoked command in '/home/cly/project/build/bringup' returned '0': CMAKE_PREFIX_PATH=${CMAKE_PREFIX_PATH}:/home/cly/ros2_ws/install/test_pkg:/opt/ros/humble /usr/bin/cmake --install /home/cly/project/build/bringup
[1.147s] Level 1:colcon.colcon_core.environment:checking '/home/cly/project/install/bringup' for CMake module files
[1.148s] Level 1:colcon.colcon_core.environment:checking '/home/cly/project/install/bringup' for CMake config files
[1.148s] Level 1:colcon.colcon_core.shell:create_environment_hook('bringup', 'cmake_prefix_path')
[1.148s] INFO:colcon.colcon_core.shell:Creating environment hook '/home/cly/project/install/bringup/share/bringup/hook/cmake_prefix_path.ps1'
[1.149s] INFO:colcon.colcon_core.shell:Creating environment descriptor '/home/cly/project/install/bringup/share/bringup/hook/cmake_prefix_path.dsv'
[1.149s] INFO:colcon.colcon_core.shell:Creating environment hook '/home/cly/project/install/bringup/share/bringup/hook/cmake_prefix_path.sh'
[1.150s] Level 1:colcon.colcon_core.environment:checking '/home/cly/project/install/bringup/bin'
[1.150s] Level 1:colcon.colcon_core.environment:checking '/home/cly/project/install/bringup/lib/pkgconfig/bringup.pc'
[1.151s] Level 1:colcon.colcon_core.environment:checking '/home/cly/project/install/bringup/lib/python3.10/site-packages'
[1.151s] Level 1:colcon.colcon_core.environment:checking '/home/cly/project/install/bringup/bin'
[1.151s] INFO:colcon.colcon_core.shell:Creating package script '/home/cly/project/install/bringup/share/bringup/package.ps1'
[1.152s] INFO:colcon.colcon_core.shell:Creating package descriptor '/home/cly/project/install/bringup/share/bringup/package.dsv'
[1.153s] INFO:colcon.colcon_core.shell:Creating package script '/home/cly/project/install/bringup/share/bringup/package.sh'
[1.153s] INFO:colcon.colcon_core.shell:Creating package script '/home/cly/project/install/bringup/share/bringup/package.bash'
[1.154s] INFO:colcon.colcon_core.shell:Creating package script '/home/cly/project/install/bringup/share/bringup/package.zsh'
[1.154s] Level 1:colcon.colcon_core.environment:create_file_with_runtime_dependencies(/home/cly/project/install/bringup/share/colcon-core/packages/bringup)
[1.155s] Level 1:colcon.colcon_core.environment:create_environment_scripts_only(bringup)
[1.155s] Level 1:colcon.colcon_core.environment:checking '/home/cly/project/install/bringup' for CMake module files
[1.155s] Level 1:colcon.colcon_core.environment:checking '/home/cly/project/install/bringup' for CMake config files
[1.156s] Level 1:colcon.colcon_core.shell:create_environment_hook('bringup', 'cmake_prefix_path')
[1.156s] INFO:colcon.colcon_core.shell:Creating environment hook '/home/cly/project/install/bringup/share/bringup/hook/cmake_prefix_path.ps1'
[1.156s] INFO:colcon.colcon_core.shell:Creating environment descriptor '/home/cly/project/install/bringup/share/bringup/hook/cmake_prefix_path.dsv'
[1.157s] INFO:colcon.colcon_core.shell:Creating environment hook '/home/cly/project/install/bringup/share/bringup/hook/cmake_prefix_path.sh'
[1.157s] Level 1:colcon.colcon_core.environment:checking '/home/cly/project/install/bringup/bin'
[1.157s] Level 1:colcon.colcon_core.environment:checking '/home/cly/project/install/bringup/lib/pkgconfig/bringup.pc'
[1.158s] Level 1:colcon.colcon_core.environment:checking '/home/cly/project/install/bringup/lib/python3.10/site-packages'
[1.158s] Level 1:colcon.colcon_core.environment:checking '/home/cly/project/install/bringup/bin'
[1.158s] INFO:colcon.colcon_core.shell:Creating package script '/home/cly/project/install/bringup/share/bringup/package.ps1'
[1.159s] INFO:colcon.colcon_core.shell:Creating package descriptor '/home/cly/project/install/bringup/share/bringup/package.dsv'
[1.160s] INFO:colcon.colcon_core.shell:Creating package script '/home/cly/project/install/bringup/share/bringup/package.sh'
[1.160s] INFO:colcon.colcon_core.shell:Creating package script '/home/cly/project/install/bringup/share/bringup/package.bash'
[1.161s] INFO:colcon.colcon_core.shell:Creating package script '/home/cly/project/install/bringup/share/bringup/package.zsh'
[1.161s] Level 1:colcon.colcon_core.environment:create_file_with_runtime_dependencies(/home/cly/project/install/bringup/share/colcon-core/packages/bringup)
[1.163s] DEBUG:colcon.colcon_core.event_handler.log_command:Invoked command in '/home/cly/project/build/test' returned '0': CMAKE_PREFIX_PATH=${CMAKE_PREFIX_PATH}:/home/cly/ros2_ws/install/test_pkg:/opt/ros/humble /usr/bin/cmake /home/cly/project/src/test -DCMAKE_INSTALL_PREFIX=/home/cly/project/install/test
[1.165s] DEBUG:colcon.colcon_core.event_handler.log_command:Invoking command in '/home/cly/project/build/test': CMAKE_PREFIX_PATH=${CMAKE_PREFIX_PATH}:/home/cly/ros2_ws/install/test_pkg:/opt/ros/humble /usr/bin/cmake --build /home/cly/project/build/test -- -j18 -l18
[1.166s] DEBUG:colcon.colcon_core.event_handler.log_command:Invoked command in '/home/cly/project/build/my_mindvision_camera' returned '0': CMAKE_PREFIX_PATH=${CMAKE_PREFIX_PATH}:/home/cly/ros2_ws/install/test_pkg:/opt/ros/humble /usr/bin/cmake /home/cly/project/src/my_mindvision_camera -DCMAKE_INSTALL_PREFIX=/home/cly/project/install/my_mindvision_camera
[1.168s] DEBUG:colcon.colcon_core.event_handler.log_command:Invoking command in '/home/cly/project/build/my_mindvision_camera': CMAKE_PREFIX_PATH=${CMAKE_PREFIX_PATH}:/home/cly/ros2_ws/install/test_pkg:/opt/ros/humble /usr/bin/cmake --build /home/cly/project/build/my_mindvision_camera -- -j18 -l18
[1.169s] DEBUG:colcon.colcon_core.event_handler.log_command:Invoked command in '/home/cly/project/build/img_processing' returned '0': CMAKE_PREFIX_PATH=${CMAKE_PREFIX_PATH}:/home/cly/ros2_ws/install/test_pkg:/opt/ros/humble /usr/bin/cmake /home/cly/project/src/img_processing -DCMAKE_INSTALL_PREFIX=/home/cly/project/install/img_processing
[1.171s] DEBUG:colcon.colcon_core.event_handler.log_command:Invoking command in '/home/cly/project/build/img_processing': CMAKE_PREFIX_PATH=${CMAKE_PREFIX_PATH}:/home/cly/ros2_ws/install/test_pkg:/opt/ros/humble /usr/bin/cmake --build /home/cly/project/build/img_processing -- -j18 -l18
[4.558s] DEBUG:colcon.colcon_core.event_handler.log_command:Invoked command in '/home/cly/project/build/my_mindvision_camera' returned '0': CMAKE_PREFIX_PATH=${CMAKE_PREFIX_PATH}:/home/cly/ros2_ws/install/test_pkg:/opt/ros/humble /usr/bin/cmake --build /home/cly/project/build/my_mindvision_camera -- -j18 -l18
[4.560s] DEBUG:colcon.colcon_core.event_handler.log_command:Invoking command in '/home/cly/project/build/my_mindvision_camera': CMAKE_PREFIX_PATH=${CMAKE_PREFIX_PATH}:/home/cly/ros2_ws/install/test_pkg:/opt/ros/humble /usr/bin/cmake --install /home/cly/project/build/my_mindvision_camera
[4.569s] Level 1:colcon.colcon_core.environment:create_environment_scripts_only(my_mindvision_camera)
[4.570s] Level 1:colcon.colcon_core.environment:checking '/home/cly/project/install/my_mindvision_camera' for CMake module files
[4.570s] DEBUG:colcon.colcon_core.event_handler.log_command:Invoked command in '/home/cly/project/build/my_mindvision_camera' returned '0': CMAKE_PREFIX_PATH=${CMAKE_PREFIX_PATH}:/home/cly/ros2_ws/install/test_pkg:/opt/ros/humble /usr/bin/cmake --install /home/cly/project/build/my_mindvision_camera
[4.570s] Level 1:colcon.colcon_core.environment:checking '/home/cly/project/install/my_mindvision_camera' for CMake config files
[4.571s] Level 1:colcon.colcon_core.shell:create_environment_hook('my_mindvision_camera', 'cmake_prefix_path')
[4.571s] INFO:colcon.colcon_core.shell:Creating environment hook '/home/cly/project/install/my_mindvision_camera/share/my_mindvision_camera/hook/cmake_prefix_path.ps1'
[4.572s] INFO:colcon.colcon_core.shell:Creating environment descriptor '/home/cly/project/install/my_mindvision_camera/share/my_mindvision_camera/hook/cmake_prefix_path.dsv'
[4.572s] INFO:colcon.colcon_core.shell:Creating environment hook '/home/cly/project/install/my_mindvision_camera/share/my_mindvision_camera/hook/cmake_prefix_path.sh'
[4.573s] Level 1:colcon.colcon_core.environment:checking '/home/cly/project/install/my_mindvision_camera/lib'
[4.573s] Level 1:colcon.colcon_core.shell:create_environment_hook('my_mindvision_camera', 'ld_library_path_lib')
[4.573s] INFO:colcon.colcon_core.shell:Creating environment hook '/home/cly/project/install/my_mindvision_camera/share/my_mindvision_camera/hook/ld_library_path_lib.ps1'
[4.573s] INFO:colcon.colcon_core.shell:Creating environment descriptor '/home/cly/project/install/my_mindvision_camera/share/my_mindvision_camera/hook/ld_library_path_lib.dsv'
[4.573s] INFO:colcon.colcon_core.shell:Creating environment hook '/home/cly/project/install/my_mindvision_camera/share/my_mindvision_camera/hook/ld_library_path_lib.sh'
[4.574s] Level 1:colcon.colcon_core.environment:checking '/home/cly/project/install/my_mindvision_camera/bin'
[4.574s] Level 1:colcon.colcon_core.environment:checking '/home/cly/project/install/my_mindvision_camera/lib/pkgconfig/my_mindvision_camera.pc'
[4.574s] Level 1:colcon.colcon_core.environment:checking '/home/cly/project/install/my_mindvision_camera/lib/python3.10/site-packages'
[4.574s] Level 1:colcon.colcon_core.environment:checking '/home/cly/project/install/my_mindvision_camera/bin'
[4.574s] INFO:colcon.colcon_core.shell:Creating package script '/home/cly/project/install/my_mindvision_camera/share/my_mindvision_camera/package.ps1'
[4.575s] INFO:colcon.colcon_core.shell:Creating package descriptor '/home/cly/project/install/my_mindvision_camera/share/my_mindvision_camera/package.dsv'
[4.575s] INFO:colcon.colcon_core.shell:Creating package script '/home/cly/project/install/my_mindvision_camera/share/my_mindvision_camera/package.sh'
[4.575s] INFO:colcon.colcon_core.shell:Creating package script '/home/cly/project/install/my_mindvision_camera/share/my_mindvision_camera/package.bash'
[4.575s] INFO:colcon.colcon_core.shell:Creating package script '/home/cly/project/install/my_mindvision_camera/share/my_mindvision_camera/package.zsh'
[4.576s] Level 1:colcon.colcon_core.environment:create_file_with_runtime_dependencies(/home/cly/project/install/my_mindvision_camera/share/colcon-core/packages/my_mindvision_camera)
[4.576s] Level 1:colcon.colcon_core.environment:create_environment_scripts_only(my_mindvision_camera)
[4.576s] Level 1:colcon.colcon_core.environment:checking '/home/cly/project/install/my_mindvision_camera' for CMake module files
[4.576s] Level 1:colcon.colcon_core.environment:checking '/home/cly/project/install/my_mindvision_camera' for CMake config files
[4.577s] Level 1:colcon.colcon_core.shell:create_environment_hook('my_mindvision_camera', 'cmake_prefix_path')
[4.577s] INFO:colcon.colcon_core.shell:Creating environment hook '/home/cly/project/install/my_mindvision_camera/share/my_mindvision_camera/hook/cmake_prefix_path.ps1'
[4.577s] INFO:colcon.colcon_core.shell:Creating environment descriptor '/home/cly/project/install/my_mindvision_camera/share/my_mindvision_camera/hook/cmake_prefix_path.dsv'
[4.577s] INFO:colcon.colcon_core.shell:Creating environment hook '/home/cly/project/install/my_mindvision_camera/share/my_mindvision_camera/hook/cmake_prefix_path.sh'
[4.577s] Level 1:colcon.colcon_core.environment:checking '/home/cly/project/install/my_mindvision_camera/lib'
[4.577s] Level 1:colcon.colcon_core.shell:create_environment_hook('my_mindvision_camera', 'ld_library_path_lib')
[4.578s] INFO:colcon.colcon_core.shell:Creating environment hook '/home/cly/project/install/my_mindvision_camera/share/my_mindvision_camera/hook/ld_library_path_lib.ps1'
[4.578s] INFO:colcon.colcon_core.shell:Creating environment descriptor '/home/cly/project/install/my_mindvision_camera/share/my_mindvision_camera/hook/ld_library_path_lib.dsv'
[4.578s] INFO:colcon.colcon_core.shell:Creating environment hook '/home/cly/project/install/my_mindvision_camera/share/my_mindvision_camera/hook/ld_library_path_lib.sh'
[4.578s] Level 1:colcon.colcon_core.environment:checking '/home/cly/project/install/my_mindvision_camera/bin'
[4.578s] Level 1:colcon.colcon_core.environment:checking '/home/cly/project/install/my_mindvision_camera/lib/pkgconfig/my_mindvision_camera.pc'
[4.578s] Level 1:colcon.colcon_core.environment:checking '/home/cly/project/install/my_mindvision_camera/lib/python3.10/site-packages'
[4.578s] Level 1:colcon.colcon_core.environment:checking '/home/cly/project/install/my_mindvision_camera/bin'
[4.579s] INFO:colcon.colcon_core.shell:Creating package script '/home/cly/project/install/my_mindvision_camera/share/my_mindvision_camera/package.ps1'
[4.579s] INFO:colcon.colcon_core.shell:Creating package descriptor '/home/cly/project/install/my_mindvision_camera/share/my_mindvision_camera/package.dsv'
[4.579s] INFO:colcon.colcon_core.shell:Creating package script '/home/cly/project/install/my_mindvision_camera/share/my_mindvision_camera/package.sh'
[4.580s] INFO:colcon.colcon_core.shell:Creating package script '/home/cly/project/install/my_mindvision_camera/share/my_mindvision_camera/package.bash'
[4.580s] INFO:colcon.colcon_core.shell:Creating package script '/home/cly/project/install/my_mindvision_camera/share/my_mindvision_camera/package.zsh'
[4.580s] Level 1:colcon.colcon_core.environment:create_file_with_runtime_dependencies(/home/cly/project/install/my_mindvision_camera/share/colcon-core/packages/my_mindvision_camera)
[5.295s] DEBUG:colcon.colcon_core.event_handler.log_command:Invoked command in '/home/cly/project/build/test' returned '0': CMAKE_PREFIX_PATH=${CMAKE_PREFIX_PATH}:/home/cly/ros2_ws/install/test_pkg:/opt/ros/humble /usr/bin/cmake --build /home/cly/project/build/test -- -j18 -l18
[5.296s] DEBUG:colcon.colcon_core.event_handler.log_command:Invoking command in '/home/cly/project/build/test': CMAKE_PREFIX_PATH=${CMAKE_PREFIX_PATH}:/home/cly/ros2_ws/install/test_pkg:/opt/ros/humble /usr/bin/cmake --install /home/cly/project/build/test
[5.303s] Level 1:colcon.colcon_core.environment:create_environment_scripts_only(test)
[5.304s] Level 1:colcon.colcon_core.environment:checking '/home/cly/project/install/test' for CMake module files
[5.304s] DEBUG:colcon.colcon_core.event_handler.log_command:Invoked command in '/home/cly/project/build/test' returned '0': CMAKE_PREFIX_PATH=${CMAKE_PREFIX_PATH}:/home/cly/ros2_ws/install/test_pkg:/opt/ros/humble /usr/bin/cmake --install /home/cly/project/build/test
[5.304s] Level 1:colcon.colcon_core.environment:checking '/home/cly/project/install/test' for CMake config files
[5.304s] Level 1:colcon.colcon_core.shell:create_environment_hook('test', 'cmake_prefix_path')
[5.304s] INFO:colcon.colcon_core.shell:Creating environment hook '/home/cly/project/install/test/share/test/hook/cmake_prefix_path.ps1'
[5.305s] INFO:colcon.colcon_core.shell:Creating environment descriptor '/home/cly/project/install/test/share/test/hook/cmake_prefix_path.dsv'
[5.305s] INFO:colcon.colcon_core.shell:Creating environment hook '/home/cly/project/install/test/share/test/hook/cmake_prefix_path.sh'
[5.305s] Level 1:colcon.colcon_core.environment:checking '/home/cly/project/install/test/lib'
[5.305s] Level 1:colcon.colcon_core.environment:checking '/home/cly/project/install/test/bin'
[5.305s] Level 1:colcon.colcon_core.environment:checking '/home/cly/project/install/test/lib/pkgconfig/test.pc'
[5.306s] Level 1:colcon.colcon_core.environment:checking '/home/cly/project/install/test/lib/python3.10/site-packages'
[5.306s] Level 1:colcon.colcon_core.environment:checking '/home/cly/project/install/test/bin'
[5.306s] INFO:colcon.colcon_core.shell:Creating package script '/home/cly/project/install/test/share/test/package.ps1'
[5.306s] INFO:colcon.colcon_core.shell:Creating package descriptor '/home/cly/project/install/test/share/test/package.dsv'
[5.306s] INFO:colcon.colcon_core.shell:Creating package script '/home/cly/project/install/test/share/test/package.sh'
[5.307s] INFO:colcon.colcon_core.shell:Creating package script '/home/cly/project/install/test/share/test/package.bash'
[5.307s] INFO:colcon.colcon_core.shell:Creating package script '/home/cly/project/install/test/share/test/package.zsh'
[5.307s] Level 1:colcon.colcon_core.environment:create_file_with_runtime_dependencies(/home/cly/project/install/test/share/colcon-core/packages/test)
[5.308s] Level 1:colcon.colcon_core.environment:create_environment_scripts_only(test)
[5.308s] Level 1:colcon.colcon_core.environment:checking '/home/cly/project/install/test' for CMake module files
[5.308s] Level 1:colcon.colcon_core.environment:checking '/home/cly/project/install/test' for CMake config files
[5.308s] Level 1:colcon.colcon_core.shell:create_environment_hook('test', 'cmake_prefix_path')
[5.308s] INFO:colcon.colcon_core.shell:Creating environment hook '/home/cly/project/install/test/share/test/hook/cmake_prefix_path.ps1'
[5.309s] INFO:colcon.colcon_core.shell:Creating environment descriptor '/home/cly/project/install/test/share/test/hook/cmake_prefix_path.dsv'
[5.309s] INFO:colcon.colcon_core.shell:Creating environment hook '/home/cly/project/install/test/share/test/hook/cmake_prefix_path.sh'
[5.309s] Level 1:colcon.colcon_core.environment:checking '/home/cly/project/install/test/lib'
[5.309s] Level 1:colcon.colcon_core.environment:checking '/home/cly/project/install/test/bin'
[5.309s] Level 1:colcon.colcon_core.environment:checking '/home/cly/project/install/test/lib/pkgconfig/test.pc'
[5.309s] Level 1:colcon.colcon_core.environment:checking '/home/cly/project/install/test/lib/python3.10/site-packages'
[5.309s] Level 1:colcon.colcon_core.environment:checking '/home/cly/project/install/test/bin'
[5.310s] INFO:colcon.colcon_core.shell:Creating package script '/home/cly/project/install/test/share/test/package.ps1'
[5.310s] INFO:colcon.colcon_core.shell:Creating package descriptor '/home/cly/project/install/test/share/test/package.dsv'
[5.310s] INFO:colcon.colcon_core.shell:Creating package script '/home/cly/project/install/test/share/test/package.sh'
[5.310s] INFO:colcon.colcon_core.shell:Creating package script '/home/cly/project/install/test/share/test/package.bash'
[5.311s] INFO:colcon.colcon_core.shell:Creating package script '/home/cly/project/install/test/share/test/package.zsh'
[5.311s] Level 1:colcon.colcon_core.environment:create_file_with_runtime_dependencies(/home/cly/project/install/test/share/colcon-core/packages/test)
[9.840s] DEBUG:colcon.colcon_core.event_handler.log_command:Invoked command in '/home/cly/project/build/img_processing' returned '0': CMAKE_PREFIX_PATH=${CMAKE_PREFIX_PATH}:/home/cly/ros2_ws/install/test_pkg:/opt/ros/humble /usr/bin/cmake --build /home/cly/project/build/img_processing -- -j18 -l18
[9.842s] DEBUG:colcon.colcon_core.event_handler.log_command:Invoking command in '/home/cly/project/build/img_processing': CMAKE_PREFIX_PATH=${CMAKE_PREFIX_PATH}:/home/cly/ros2_ws/install/test_pkg:/opt/ros/humble /usr/bin/cmake --install /home/cly/project/build/img_processing
[9.849s] Level 1:colcon.colcon_core.environment:create_environment_scripts_only(img_processing)
[9.849s] Level 1:colcon.colcon_core.environment:checking '/home/cly/project/install/img_processing' for CMake module files
[9.850s] DEBUG:colcon.colcon_core.event_handler.log_command:Invoked command in '/home/cly/project/build/img_processing' returned '0': CMAKE_PREFIX_PATH=${CMAKE_PREFIX_PATH}:/home/cly/ros2_ws/install/test_pkg:/opt/ros/humble /usr/bin/cmake --install /home/cly/project/build/img_processing
[9.850s] Level 1:colcon.colcon_core.environment:checking '/home/cly/project/install/img_processing' for CMake config files
[9.850s] Level 1:colcon.colcon_core.shell:create_environment_hook('img_processing', 'cmake_prefix_path')
[9.851s] INFO:colcon.colcon_core.shell:Creating environment hook '/home/cly/project/install/img_processing/share/img_processing/hook/cmake_prefix_path.ps1'
[9.851s] INFO:colcon.colcon_core.shell:Creating environment descriptor '/home/cly/project/install/img_processing/share/img_processing/hook/cmake_prefix_path.dsv'
[9.851s] INFO:colcon.colcon_core.shell:Creating environment hook '/home/cly/project/install/img_processing/share/img_processing/hook/cmake_prefix_path.sh'
[9.851s] Level 1:colcon.colcon_core.environment:checking '/home/cly/project/install/img_processing/lib'
[9.851s] Level 1:colcon.colcon_core.environment:checking '/home/cly/project/install/img_processing/bin'
[9.852s] Level 1:colcon.colcon_core.environment:checking '/home/cly/project/install/img_processing/lib/pkgconfig/img_processing.pc'
[9.852s] Level 1:colcon.colcon_core.environment:checking '/home/cly/project/install/img_processing/lib/python3.10/site-packages'
[9.852s] Level 1:colcon.colcon_core.environment:checking '/home/cly/project/install/img_processing/bin'
[9.852s] INFO:colcon.colcon_core.shell:Creating package script '/home/cly/project/install/img_processing/share/img_processing/package.ps1'
[9.852s] INFO:colcon.colcon_core.shell:Creating package descriptor '/home/cly/project/install/img_processing/share/img_processing/package.dsv'
[9.853s] INFO:colcon.colcon_core.shell:Creating package script '/home/cly/project/install/img_processing/share/img_processing/package.sh'
[9.853s] INFO:colcon.colcon_core.shell:Creating package script '/home/cly/project/install/img_processing/share/img_processing/package.bash'
[9.853s] INFO:colcon.colcon_core.shell:Creating package script '/home/cly/project/install/img_processing/share/img_processing/package.zsh'
[9.853s] Level 1:colcon.colcon_core.environment:create_file_with_runtime_dependencies(/home/cly/project/install/img_processing/share/colcon-core/packages/img_processing)
[9.854s] Level 1:colcon.colcon_core.environment:create_environment_scripts_only(img_processing)
[9.854s] Level 1:colcon.colcon_core.environment:checking '/home/cly/project/install/img_processing' for CMake module files
[9.854s] Level 1:colcon.colcon_core.environment:checking '/home/cly/project/install/img_processing' for CMake config files
[9.854s] Level 1:colcon.colcon_core.shell:create_environment_hook('img_processing', 'cmake_prefix_path')
[9.854s] INFO:colcon.colcon_core.shell:Creating environment hook '/home/cly/project/install/img_processing/share/img_processing/hook/cmake_prefix_path.ps1'
[9.855s] INFO:colcon.colcon_core.shell:Creating environment descriptor '/home/cly/project/install/img_processing/share/img_processing/hook/cmake_prefix_path.dsv'
[9.855s] INFO:colcon.colcon_core.shell:Creating environment hook '/home/cly/project/install/img_processing/share/img_processing/hook/cmake_prefix_path.sh'
[9.855s] Level 1:colcon.colcon_core.environment:checking '/home/cly/project/install/img_processing/lib'
[9.855s] Level 1:colcon.colcon_core.environment:checking '/home/cly/project/install/img_processing/bin'
[9.855s] Level 1:colcon.colcon_core.environment:checking '/home/cly/project/install/img_processing/lib/pkgconfig/img_processing.pc'
[9.855s] Level 1:colcon.colcon_core.environment:checking '/home/cly/project/install/img_processing/lib/python3.10/site-packages'
[9.856s] Level 1:colcon.colcon_core.environment:checking '/home/cly/project/install/img_processing/bin'
[9.856s] INFO:colcon.colcon_core.shell:Creating package script '/home/cly/project/install/img_processing/share/img_processing/package.ps1'
[9.856s] INFO:colcon.colcon_core.shell:Creating package descriptor '/home/cly/project/install/img_processing/share/img_processing/package.dsv'
[9.856s] INFO:colcon.colcon_core.shell:Creating package script '/home/cly/project/install/img_processing/share/img_processing/package.sh'
[9.857s] INFO:colcon.colcon_core.shell:Creating package script '/home/cly/project/install/img_processing/share/img_processing/package.bash'
[9.857s] INFO:colcon.colcon_core.shell:Creating package script '/home/cly/project/install/img_processing/share/img_processing/package.zsh'
[9.857s] Level 1:colcon.colcon_core.environment:create_file_with_runtime_dependencies(/home/cly/project/install/img_processing/share/colcon-core/packages/img_processing)
[9.857s] DEBUG:colcon.colcon_parallel_executor.executor.parallel:closing loop
[9.857s] DEBUG:colcon.colcon_parallel_executor.executor.parallel:loop closed
[9.858s] DEBUG:colcon.colcon_parallel_executor.executor.parallel:run_until_complete finished with '0'
[9.858s] DEBUG:colcon.colcon_core.event_reactor:joining thread
[9.863s] INFO:colcon.colcon_core.plugin_system:Skipping extension 'colcon_notification.desktop_notification.terminal_notifier': Not used on non-Darwin systems
[9.863s] INFO:colcon.colcon_core.plugin_system:Skipping extension 'colcon_notification.desktop_notification.win32': Not used on non-Windows systems
[9.863s] INFO:colcon.colcon_notification.desktop_notification:Sending desktop notification using 'notify2'
[9.874s] DEBUG:colcon.colcon_core.event_reactor:joined thread
[9.874s] INFO:colcon.colcon_core.shell:Creating prefix script '/home/cly/project/install/local_setup.ps1'
[9.875s] INFO:colcon.colcon_core.shell:Creating prefix util module '/home/cly/project/install/_local_setup_util_ps1.py'
[9.876s] INFO:colcon.colcon_core.shell:Creating prefix chain script '/home/cly/project/install/setup.ps1'
[9.877s] INFO:colcon.colcon_core.shell:Creating prefix script '/home/cly/project/install/local_setup.sh'
[9.877s] INFO:colcon.colcon_core.shell:Creating prefix util module '/home/cly/project/install/_local_setup_util_sh.py'
[9.878s] INFO:colcon.colcon_core.shell:Creating prefix chain script '/home/cly/project/install/setup.sh'
[9.879s] INFO:colcon.colcon_core.shell:Creating prefix script '/home/cly/project/install/local_setup.bash'
[9.879s] INFO:colcon.colcon_core.shell:Creating prefix chain script '/home/cly/project/install/setup.bash'
[9.880s] INFO:colcon.colcon_core.shell:Creating prefix script '/home/cly/project/install/local_setup.zsh'
[9.880s] INFO:colcon.colcon_core.shell:Creating prefix chain script '/home/cly/project/install/setup.zsh'
